[2024-06-04 13:03:32,013][flwr][INFO] - Starting Flower simulation, config: ServerConfig(num_rounds=2, round_timeout=None)
[2024-06-04 13:03:35,588][flwr][INFO] - Flower VCE: Ray initialized with resources: {'object_store_memory': 1469936025.0, 'node:192.168.43.209': 1.0, 'memory': 2939872052.0, 'CPU': 4.0}
[2024-06-04 13:03:35,588][flwr][INFO] - Initializing global parameters
[2024-06-04 13:03:35,588][flwr][INFO] - Requesting initial parameters from one random client
[2024-06-04 13:03:36,202][flwr][INFO] - Received initial parameters from one random client
[2024-06-04 13:03:36,202][flwr][INFO] - Evaluating initial parameters
[2024-06-04 13:03:38,075][flwr][INFO] - initial parameters (loss, other metrics): 1.452517330646515, {'accuracy': 0.400990099009901}
[2024-06-04 13:03:38,075][flwr][INFO] - FL starting
[2024-06-04 13:03:38,076][flwr][DEBUG] - fit_round 1: strategy sampled 5 clients (out of 5)
[2024-06-04 13:03:46,909][flwr][DEBUG] - fit_round 1 received 5 results and 0 failures
[2024-06-04 13:03:46,935][flwr][WARNING] - No fit_metrics_aggregation_fn provided
[2024-06-04 13:03:48,787][flwr][INFO] - fit progress: (1, 1.37554532289505, {'accuracy': 0.5544554455445545}, 10.711648249000064)
[2024-06-04 13:03:48,787][flwr][DEBUG] - evaluate_round 1: strategy sampled 5 clients (out of 5)
[2024-06-04 13:03:49,995][flwr][DEBUG] - evaluate_round 1 received 5 results and 0 failures
[2024-06-04 13:03:49,995][flwr][WARNING] - No evaluate_metrics_aggregation_fn provided
[2024-06-04 13:03:49,996][flwr][DEBUG] - fit_round 2: strategy sampled 5 clients (out of 5)
[2024-06-04 13:03:57,556][flwr][DEBUG] - fit_round 2 received 5 results and 0 failures
[2024-06-04 13:03:59,480][flwr][INFO] - fit progress: (2, 1.3508279919624329, {'accuracy': 0.599009900990099}, 21.404884909999964)
[2024-06-04 13:03:59,481][flwr][DEBUG] - evaluate_round 2: strategy sampled 5 clients (out of 5)
[2024-06-04 13:04:00,697][flwr][DEBUG] - evaluate_round 2 received 5 results and 0 failures
[2024-06-04 13:04:00,698][flwr][INFO] - FL finished in 22.62218914799996
[2024-06-04 13:04:00,698][flwr][INFO] - app_fit: losses_distributed [(1, 0.6803445458412171), (2, 0.648504090309143)]
[2024-06-04 13:04:00,698][flwr][INFO] - app_fit: metrics_distributed_fit {}
[2024-06-04 13:04:00,698][flwr][INFO] - app_fit: metrics_distributed {}
[2024-06-04 13:04:00,698][flwr][INFO] - app_fit: losses_centralized [(0, 1.452517330646515), (1, 1.37554532289505), (2, 1.3508279919624329)]
[2024-06-04 13:04:00,698][flwr][INFO] - app_fit: metrics_centralized {'accuracy': [(0, 0.400990099009901), (1, 0.5544554455445545), (2, 0.599009900990099)]}
