[2024-06-02 12:17:37,234][flwr][INFO] - Starting Flower simulation, config: ServerConfig(num_rounds=3, round_timeout=None)
[2024-06-02 12:17:40,813][flwr][INFO] - Flower VCE: Ray initialized with resources: {'CPU': 4.0, 'memory': 2325263156.0, 'object_store_memory': 1162631577.0, 'node:192.168.43.209': 1.0}
[2024-06-02 12:17:40,814][flwr][INFO] - Initializing global parameters
[2024-06-02 12:17:40,814][flwr][INFO] - Requesting initial parameters from one random client
[2024-06-02 12:17:41,451][flwr][INFO] - Received initial parameters from one random client
[2024-06-02 12:17:41,451][flwr][INFO] - Evaluating initial parameters
[2024-06-02 12:17:41,566][flwr][INFO] - initial parameters (loss, other metrics): 2.294553279876709, {'accuracy': 0.0}
[2024-06-02 12:17:41,566][flwr][INFO] - FL starting
[2024-06-02 12:17:41,566][flwr][DEBUG] - fit_round 1: strategy sampled 5 clients (out of 5)
[2024-06-02 12:17:43,711][flwr][DEBUG] - fit_round 1 received 5 results and 0 failures
[2024-06-02 12:17:43,748][flwr][WARNING] - No fit_metrics_aggregation_fn provided
[2024-06-02 12:17:43,890][flwr][INFO] - fit progress: (1, 2.255977153778076, {'accuracy': 0.5}, 2.3238709960132837)
[2024-06-02 12:17:43,890][flwr][DEBUG] - evaluate_round 1: strategy sampled 5 clients (out of 5)
[2024-06-02 12:17:44,075][flwr][ERROR] - [36mray::launch_and_evaluate()[39m (pid=824887, ip=192.168.43.209)
  File "/home/priyanka/miniconda3/envs/flower/lib/python3.8/site-packages/flwr/simulation/ray_transport/ray_client_proxy.py", line 160, in launch_and_evaluate
    return maybe_call_evaluate(
  File "/home/priyanka/miniconda3/envs/flower/lib/python3.8/site-packages/flwr/client/client.py", line 205, in maybe_call_evaluate
    return client.evaluate(evaluate_ins)
  File "/home/priyanka/miniconda3/envs/flower/lib/python3.8/site-packages/flwr/client/app.py", line 321, in _evaluate
    results = self.numpy_client.evaluate(parameters, ins.config)  # type: ignore
  File "/home/priyanka/Downloads/Flower_Setup_copy/client.py", line 37, in evaluate
    loss, accuracy = test(self.model, self.valloader, self.device)
  File "/home/priyanka/Downloads/Flower_Setup_copy/model.py", line 53, in test
    accuracy = correct / len(testloader.dataset)
ZeroDivisionError: division by zero
[2024-06-02 12:17:44,096][flwr][ERROR] - [36mray::launch_and_evaluate()[39m (pid=824884, ip=192.168.43.209)
  File "/home/priyanka/miniconda3/envs/flower/lib/python3.8/site-packages/flwr/simulation/ray_transport/ray_client_proxy.py", line 160, in launch_and_evaluate
    return maybe_call_evaluate(
  File "/home/priyanka/miniconda3/envs/flower/lib/python3.8/site-packages/flwr/client/client.py", line 205, in maybe_call_evaluate
    return client.evaluate(evaluate_ins)
  File "/home/priyanka/miniconda3/envs/flower/lib/python3.8/site-packages/flwr/client/app.py", line 321, in _evaluate
    results = self.numpy_client.evaluate(parameters, ins.config)  # type: ignore
  File "/home/priyanka/Downloads/Flower_Setup_copy/client.py", line 37, in evaluate
    loss, accuracy = test(self.model, self.valloader, self.device)
  File "/home/priyanka/Downloads/Flower_Setup_copy/model.py", line 53, in test
    accuracy = correct / len(testloader.dataset)
ZeroDivisionError: division by zero
[2024-06-02 12:17:44,118][flwr][ERROR] - [36mray::launch_and_evaluate()[39m (pid=824883, ip=192.168.43.209)
  File "/home/priyanka/miniconda3/envs/flower/lib/python3.8/site-packages/flwr/simulation/ray_transport/ray_client_proxy.py", line 160, in launch_and_evaluate
    return maybe_call_evaluate(
  File "/home/priyanka/miniconda3/envs/flower/lib/python3.8/site-packages/flwr/client/client.py", line 205, in maybe_call_evaluate
    return client.evaluate(evaluate_ins)
  File "/home/priyanka/miniconda3/envs/flower/lib/python3.8/site-packages/flwr/client/app.py", line 321, in _evaluate
    results = self.numpy_client.evaluate(parameters, ins.config)  # type: ignore
  File "/home/priyanka/Downloads/Flower_Setup_copy/client.py", line 37, in evaluate
    loss, accuracy = test(self.model, self.valloader, self.device)
  File "/home/priyanka/Downloads/Flower_Setup_copy/model.py", line 53, in test
    accuracy = correct / len(testloader.dataset)
ZeroDivisionError: division by zero
[2024-06-02 12:17:44,122][flwr][ERROR] - [36mray::launch_and_evaluate()[39m (pid=824882, ip=192.168.43.209)
  File "/home/priyanka/miniconda3/envs/flower/lib/python3.8/site-packages/flwr/simulation/ray_transport/ray_client_proxy.py", line 160, in launch_and_evaluate
    return maybe_call_evaluate(
  File "/home/priyanka/miniconda3/envs/flower/lib/python3.8/site-packages/flwr/client/client.py", line 205, in maybe_call_evaluate
    return client.evaluate(evaluate_ins)
  File "/home/priyanka/miniconda3/envs/flower/lib/python3.8/site-packages/flwr/client/app.py", line 321, in _evaluate
    results = self.numpy_client.evaluate(parameters, ins.config)  # type: ignore
  File "/home/priyanka/Downloads/Flower_Setup_copy/client.py", line 37, in evaluate
    loss, accuracy = test(self.model, self.valloader, self.device)
  File "/home/priyanka/Downloads/Flower_Setup_copy/model.py", line 53, in test
    accuracy = correct / len(testloader.dataset)
ZeroDivisionError: division by zero
[2024-06-02 12:17:44,156][flwr][ERROR] - [36mray::launch_and_evaluate()[39m (pid=824887, ip=192.168.43.209)
  File "/home/priyanka/miniconda3/envs/flower/lib/python3.8/site-packages/flwr/simulation/ray_transport/ray_client_proxy.py", line 160, in launch_and_evaluate
    return maybe_call_evaluate(
  File "/home/priyanka/miniconda3/envs/flower/lib/python3.8/site-packages/flwr/client/client.py", line 205, in maybe_call_evaluate
    return client.evaluate(evaluate_ins)
  File "/home/priyanka/miniconda3/envs/flower/lib/python3.8/site-packages/flwr/client/app.py", line 321, in _evaluate
    results = self.numpy_client.evaluate(parameters, ins.config)  # type: ignore
  File "/home/priyanka/Downloads/Flower_Setup_copy/client.py", line 37, in evaluate
    loss, accuracy = test(self.model, self.valloader, self.device)
  File "/home/priyanka/Downloads/Flower_Setup_copy/model.py", line 53, in test
    accuracy = correct / len(testloader.dataset)
ZeroDivisionError: division by zero
[2024-06-02 12:17:44,156][flwr][DEBUG] - evaluate_round 1 received 0 results and 5 failures
[2024-06-02 12:17:44,157][flwr][DEBUG] - fit_round 2: strategy sampled 5 clients (out of 5)
[2024-06-02 12:17:44,902][flwr][DEBUG] - fit_round 2 received 5 results and 0 failures
[2024-06-02 12:17:45,056][flwr][INFO] - fit progress: (2, 2.223538398742676, {'accuracy': 0.625}, 3.490366637997795)
[2024-06-02 12:17:45,057][flwr][DEBUG] - evaluate_round 2: strategy sampled 5 clients (out of 5)
[2024-06-02 12:17:45,180][flwr][ERROR] - [36mray::launch_and_evaluate()[39m (pid=824883, ip=192.168.43.209)
  File "/home/priyanka/miniconda3/envs/flower/lib/python3.8/site-packages/flwr/simulation/ray_transport/ray_client_proxy.py", line 160, in launch_and_evaluate
    return maybe_call_evaluate(
  File "/home/priyanka/miniconda3/envs/flower/lib/python3.8/site-packages/flwr/client/client.py", line 205, in maybe_call_evaluate
    return client.evaluate(evaluate_ins)
  File "/home/priyanka/miniconda3/envs/flower/lib/python3.8/site-packages/flwr/client/app.py", line 321, in _evaluate
    results = self.numpy_client.evaluate(parameters, ins.config)  # type: ignore
  File "/home/priyanka/Downloads/Flower_Setup_copy/client.py", line 37, in evaluate
    loss, accuracy = test(self.model, self.valloader, self.device)
  File "/home/priyanka/Downloads/Flower_Setup_copy/model.py", line 53, in test
    accuracy = correct / len(testloader.dataset)
ZeroDivisionError: division by zero
[2024-06-02 12:17:45,244][flwr][ERROR] - [36mray::launch_and_evaluate()[39m (pid=824882, ip=192.168.43.209)
  File "/home/priyanka/miniconda3/envs/flower/lib/python3.8/site-packages/flwr/simulation/ray_transport/ray_client_proxy.py", line 160, in launch_and_evaluate
    return maybe_call_evaluate(
  File "/home/priyanka/miniconda3/envs/flower/lib/python3.8/site-packages/flwr/client/client.py", line 205, in maybe_call_evaluate
    return client.evaluate(evaluate_ins)
  File "/home/priyanka/miniconda3/envs/flower/lib/python3.8/site-packages/flwr/client/app.py", line 321, in _evaluate
    results = self.numpy_client.evaluate(parameters, ins.config)  # type: ignore
  File "/home/priyanka/Downloads/Flower_Setup_copy/client.py", line 37, in evaluate
    loss, accuracy = test(self.model, self.valloader, self.device)
  File "/home/priyanka/Downloads/Flower_Setup_copy/model.py", line 53, in test
    accuracy = correct / len(testloader.dataset)
ZeroDivisionError: division by zero
[2024-06-02 12:17:45,256][flwr][ERROR] - [36mray::launch_and_evaluate()[39m (pid=824884, ip=192.168.43.209)
  File "/home/priyanka/miniconda3/envs/flower/lib/python3.8/site-packages/flwr/simulation/ray_transport/ray_client_proxy.py", line 160, in launch_and_evaluate
    return maybe_call_evaluate(
  File "/home/priyanka/miniconda3/envs/flower/lib/python3.8/site-packages/flwr/client/client.py", line 205, in maybe_call_evaluate
    return client.evaluate(evaluate_ins)
  File "/home/priyanka/miniconda3/envs/flower/lib/python3.8/site-packages/flwr/client/app.py", line 321, in _evaluate
    results = self.numpy_client.evaluate(parameters, ins.config)  # type: ignore
  File "/home/priyanka/Downloads/Flower_Setup_copy/client.py", line 37, in evaluate
    loss, accuracy = test(self.model, self.valloader, self.device)
  File "/home/priyanka/Downloads/Flower_Setup_copy/model.py", line 53, in test
    accuracy = correct / len(testloader.dataset)
ZeroDivisionError: division by zero
[2024-06-02 12:17:45,301][flwr][ERROR] - [36mray::launch_and_evaluate()[39m (pid=824883, ip=192.168.43.209)
  File "/home/priyanka/miniconda3/envs/flower/lib/python3.8/site-packages/flwr/simulation/ray_transport/ray_client_proxy.py", line 160, in launch_and_evaluate
    return maybe_call_evaluate(
  File "/home/priyanka/miniconda3/envs/flower/lib/python3.8/site-packages/flwr/client/client.py", line 205, in maybe_call_evaluate
    return client.evaluate(evaluate_ins)
  File "/home/priyanka/miniconda3/envs/flower/lib/python3.8/site-packages/flwr/client/app.py", line 321, in _evaluate
    results = self.numpy_client.evaluate(parameters, ins.config)  # type: ignore
  File "/home/priyanka/Downloads/Flower_Setup_copy/client.py", line 37, in evaluate
    loss, accuracy = test(self.model, self.valloader, self.device)
  File "/home/priyanka/Downloads/Flower_Setup_copy/model.py", line 53, in test
    accuracy = correct / len(testloader.dataset)
ZeroDivisionError: division by zero
[2024-06-02 12:17:45,304][flwr][ERROR] - [36mray::launch_and_evaluate()[39m (pid=824887, ip=192.168.43.209)
  File "/home/priyanka/miniconda3/envs/flower/lib/python3.8/site-packages/flwr/simulation/ray_transport/ray_client_proxy.py", line 160, in launch_and_evaluate
    return maybe_call_evaluate(
  File "/home/priyanka/miniconda3/envs/flower/lib/python3.8/site-packages/flwr/client/client.py", line 205, in maybe_call_evaluate
    return client.evaluate(evaluate_ins)
  File "/home/priyanka/miniconda3/envs/flower/lib/python3.8/site-packages/flwr/client/app.py", line 321, in _evaluate
    results = self.numpy_client.evaluate(parameters, ins.config)  # type: ignore
  File "/home/priyanka/Downloads/Flower_Setup_copy/client.py", line 37, in evaluate
    loss, accuracy = test(self.model, self.valloader, self.device)
  File "/home/priyanka/Downloads/Flower_Setup_copy/model.py", line 53, in test
    accuracy = correct / len(testloader.dataset)
ZeroDivisionError: division by zero
[2024-06-02 12:17:45,305][flwr][DEBUG] - evaluate_round 2 received 0 results and 5 failures
[2024-06-02 12:17:45,305][flwr][DEBUG] - fit_round 3: strategy sampled 5 clients (out of 5)
[2024-06-02 12:17:46,069][flwr][DEBUG] - fit_round 3 received 5 results and 0 failures
[2024-06-02 12:17:46,229][flwr][INFO] - fit progress: (3, 2.186570167541504, {'accuracy': 0.625}, 4.663456442009192)
[2024-06-02 12:17:46,230][flwr][DEBUG] - evaluate_round 3: strategy sampled 5 clients (out of 5)
[2024-06-02 12:17:46,359][flwr][ERROR] - [36mray::launch_and_evaluate()[39m (pid=824882, ip=192.168.43.209)
  File "/home/priyanka/miniconda3/envs/flower/lib/python3.8/site-packages/flwr/simulation/ray_transport/ray_client_proxy.py", line 160, in launch_and_evaluate
    return maybe_call_evaluate(
  File "/home/priyanka/miniconda3/envs/flower/lib/python3.8/site-packages/flwr/client/client.py", line 205, in maybe_call_evaluate
    return client.evaluate(evaluate_ins)
  File "/home/priyanka/miniconda3/envs/flower/lib/python3.8/site-packages/flwr/client/app.py", line 321, in _evaluate
    results = self.numpy_client.evaluate(parameters, ins.config)  # type: ignore
  File "/home/priyanka/Downloads/Flower_Setup_copy/client.py", line 37, in evaluate
    loss, accuracy = test(self.model, self.valloader, self.device)
  File "/home/priyanka/Downloads/Flower_Setup_copy/model.py", line 53, in test
    accuracy = correct / len(testloader.dataset)
ZeroDivisionError: division by zero
[2024-06-02 12:17:46,439][flwr][ERROR] - [36mray::launch_and_evaluate()[39m (pid=824887, ip=192.168.43.209)
  File "/home/priyanka/miniconda3/envs/flower/lib/python3.8/site-packages/flwr/simulation/ray_transport/ray_client_proxy.py", line 160, in launch_and_evaluate
    return maybe_call_evaluate(
  File "/home/priyanka/miniconda3/envs/flower/lib/python3.8/site-packages/flwr/client/client.py", line 205, in maybe_call_evaluate
    return client.evaluate(evaluate_ins)
  File "/home/priyanka/miniconda3/envs/flower/lib/python3.8/site-packages/flwr/client/app.py", line 321, in _evaluate
    results = self.numpy_client.evaluate(parameters, ins.config)  # type: ignore
  File "/home/priyanka/Downloads/Flower_Setup_copy/client.py", line 37, in evaluate
    loss, accuracy = test(self.model, self.valloader, self.device)
  File "/home/priyanka/Downloads/Flower_Setup_copy/model.py", line 53, in test
    accuracy = correct / len(testloader.dataset)
ZeroDivisionError: division by zero
[2024-06-02 12:17:46,445][flwr][ERROR] - [36mray::launch_and_evaluate()[39m (pid=824883, ip=192.168.43.209)
  File "/home/priyanka/miniconda3/envs/flower/lib/python3.8/site-packages/flwr/simulation/ray_transport/ray_client_proxy.py", line 160, in launch_and_evaluate
    return maybe_call_evaluate(
  File "/home/priyanka/miniconda3/envs/flower/lib/python3.8/site-packages/flwr/client/client.py", line 205, in maybe_call_evaluate
    return client.evaluate(evaluate_ins)
  File "/home/priyanka/miniconda3/envs/flower/lib/python3.8/site-packages/flwr/client/app.py", line 321, in _evaluate
    results = self.numpy_client.evaluate(parameters, ins.config)  # type: ignore
  File "/home/priyanka/Downloads/Flower_Setup_copy/client.py", line 37, in evaluate
    loss, accuracy = test(self.model, self.valloader, self.device)
  File "/home/priyanka/Downloads/Flower_Setup_copy/model.py", line 53, in test
    accuracy = correct / len(testloader.dataset)
ZeroDivisionError: division by zero
[2024-06-02 12:17:46,449][flwr][ERROR] - [36mray::launch_and_evaluate()[39m (pid=824884, ip=192.168.43.209)
  File "/home/priyanka/miniconda3/envs/flower/lib/python3.8/site-packages/flwr/simulation/ray_transport/ray_client_proxy.py", line 160, in launch_and_evaluate
    return maybe_call_evaluate(
  File "/home/priyanka/miniconda3/envs/flower/lib/python3.8/site-packages/flwr/client/client.py", line 205, in maybe_call_evaluate
    return client.evaluate(evaluate_ins)
  File "/home/priyanka/miniconda3/envs/flower/lib/python3.8/site-packages/flwr/client/app.py", line 321, in _evaluate
    results = self.numpy_client.evaluate(parameters, ins.config)  # type: ignore
  File "/home/priyanka/Downloads/Flower_Setup_copy/client.py", line 37, in evaluate
    loss, accuracy = test(self.model, self.valloader, self.device)
  File "/home/priyanka/Downloads/Flower_Setup_copy/model.py", line 53, in test
    accuracy = correct / len(testloader.dataset)
ZeroDivisionError: division by zero
[2024-06-02 12:17:46,486][flwr][ERROR] - [36mray::launch_and_evaluate()[39m (pid=824882, ip=192.168.43.209)
  File "/home/priyanka/miniconda3/envs/flower/lib/python3.8/site-packages/flwr/simulation/ray_transport/ray_client_proxy.py", line 160, in launch_and_evaluate
    return maybe_call_evaluate(
  File "/home/priyanka/miniconda3/envs/flower/lib/python3.8/site-packages/flwr/client/client.py", line 205, in maybe_call_evaluate
    return client.evaluate(evaluate_ins)
  File "/home/priyanka/miniconda3/envs/flower/lib/python3.8/site-packages/flwr/client/app.py", line 321, in _evaluate
    results = self.numpy_client.evaluate(parameters, ins.config)  # type: ignore
  File "/home/priyanka/Downloads/Flower_Setup_copy/client.py", line 37, in evaluate
    loss, accuracy = test(self.model, self.valloader, self.device)
  File "/home/priyanka/Downloads/Flower_Setup_copy/model.py", line 53, in test
    accuracy = correct / len(testloader.dataset)
ZeroDivisionError: division by zero
[2024-06-02 12:17:46,486][flwr][DEBUG] - evaluate_round 3 received 0 results and 5 failures
[2024-06-02 12:17:46,486][flwr][INFO] - FL finished in 4.920625313010532
[2024-06-02 12:17:46,488][flwr][INFO] - app_fit: losses_distributed []
[2024-06-02 12:17:46,489][flwr][INFO] - app_fit: metrics_distributed_fit {}
[2024-06-02 12:17:46,489][flwr][INFO] - app_fit: metrics_distributed {}
[2024-06-02 12:17:46,489][flwr][INFO] - app_fit: losses_centralized [(0, 2.294553279876709), (1, 2.255977153778076), (2, 2.223538398742676), (3, 2.186570167541504)]
[2024-06-02 12:17:46,489][flwr][INFO] - app_fit: metrics_centralized {'accuracy': [(0, 0.0), (1, 0.5), (2, 0.625), (3, 0.625)]}
