[2024-06-02 19:01:40,667][flwr][WARNING] - 
Setting `min_available_clients` lower than `min_fit_clients` or
`min_evaluate_clients` can cause the server to fail when there are too few clients
connected to the server. `min_available_clients` must be set to a value larger
than or equal to the values of `min_fit_clients` and `min_evaluate_clients`.

[2024-06-02 19:01:40,667][flwr][INFO] - Starting Flower simulation, config: ServerConfig(num_rounds=5, round_timeout=None)
[2024-06-02 19:01:44,250][flwr][INFO] - Flower VCE: Ray initialized with resources: {'CPU': 4.0, 'node:10.3.2.244': 1.0, 'object_store_memory': 1772341248.0, 'memory': 3544682496.0}
[2024-06-02 19:01:44,250][flwr][INFO] - Initializing global parameters
[2024-06-02 19:01:44,250][flwr][INFO] - Requesting initial parameters from one random client
[2024-06-02 19:01:44,878][flwr][INFO] - Received initial parameters from one random client
[2024-06-02 19:01:44,878][flwr][INFO] - Evaluating initial parameters
[2024-06-02 19:01:46,803][flwr][INFO] - initial parameters (loss, other metrics): 4.784252405166626, {'accuracy': 0.0}
[2024-06-02 19:01:46,804][flwr][INFO] - FL starting
[2024-06-02 19:01:46,804][flwr][DEBUG] - fit_round 1: strategy sampled 10 clients (out of 10)
[2024-06-02 19:01:56,115][flwr][DEBUG] - fit_round 1 received 10 results and 0 failures
[2024-06-02 19:01:56,177][flwr][WARNING] - No fit_metrics_aggregation_fn provided
[2024-06-02 19:01:58,068][flwr][INFO] - fit progress: (1, 4.495033264160156, {'accuracy': 0.24257425742574257}, 11.264023329000338)
[2024-06-02 19:01:58,068][flwr][INFO] - Sampling failed: number of available clients (10) is less than number of requested clients (25).
[2024-06-02 19:01:58,068][flwr][INFO] - evaluate_round 1: no clients selected, cancel
[2024-06-02 19:01:58,068][flwr][DEBUG] - fit_round 2: strategy sampled 10 clients (out of 10)
[2024-06-02 19:02:06,261][flwr][DEBUG] - fit_round 2 received 10 results and 0 failures
[2024-06-02 19:02:08,261][flwr][INFO] - fit progress: (2, 3.9924581050872803, {'accuracy': 0.400990099009901}, 21.457487693000076)
[2024-06-02 19:02:08,261][flwr][INFO] - Sampling failed: number of available clients (10) is less than number of requested clients (25).
[2024-06-02 19:02:08,261][flwr][INFO] - evaluate_round 2: no clients selected, cancel
[2024-06-02 19:02:08,262][flwr][DEBUG] - fit_round 3: strategy sampled 10 clients (out of 10)
[2024-06-02 19:02:16,808][flwr][DEBUG] - fit_round 3 received 10 results and 0 failures
[2024-06-02 19:02:18,934][flwr][INFO] - fit progress: (3, 2.302870512008667, {'accuracy': 0.599009900990099}, 32.13050995699996)
[2024-06-02 19:02:18,934][flwr][INFO] - Sampling failed: number of available clients (10) is less than number of requested clients (25).
[2024-06-02 19:02:18,934][flwr][INFO] - evaluate_round 3: no clients selected, cancel
[2024-06-02 19:02:18,935][flwr][DEBUG] - fit_round 4: strategy sampled 10 clients (out of 10)
[2024-06-02 19:02:27,761][flwr][DEBUG] - fit_round 4 received 10 results and 0 failures
[2024-06-02 19:02:29,964][flwr][INFO] - fit progress: (4, 1.6772253513336182, {'accuracy': 0.599009900990099}, 43.1606486630003)
[2024-06-02 19:02:29,965][flwr][INFO] - Sampling failed: number of available clients (10) is less than number of requested clients (25).
[2024-06-02 19:02:29,965][flwr][INFO] - evaluate_round 4: no clients selected, cancel
[2024-06-02 19:02:29,965][flwr][DEBUG] - fit_round 5: strategy sampled 10 clients (out of 10)
[2024-06-02 19:02:39,102][flwr][DEBUG] - fit_round 5 received 10 results and 0 failures
[2024-06-02 19:02:41,305][flwr][INFO] - fit progress: (5, 1.389647364616394, {'accuracy': 0.599009900990099}, 54.50178562200017)
[2024-06-02 19:02:41,306][flwr][INFO] - Sampling failed: number of available clients (10) is less than number of requested clients (25).
[2024-06-02 19:02:41,306][flwr][INFO] - evaluate_round 5: no clients selected, cancel
[2024-06-02 19:02:41,306][flwr][INFO] - FL finished in 54.50218958000005
[2024-06-02 19:02:41,306][flwr][INFO] - app_fit: losses_distributed []
[2024-06-02 19:02:41,306][flwr][INFO] - app_fit: metrics_distributed_fit {}
[2024-06-02 19:02:41,306][flwr][INFO] - app_fit: metrics_distributed {}
[2024-06-02 19:02:41,306][flwr][INFO] - app_fit: losses_centralized [(0, 4.784252405166626), (1, 4.495033264160156), (2, 3.9924581050872803), (3, 2.302870512008667), (4, 1.6772253513336182), (5, 1.389647364616394)]
[2024-06-02 19:02:41,306][flwr][INFO] - app_fit: metrics_centralized {'accuracy': [(0, 0.0), (1, 0.24257425742574257), (2, 0.400990099009901), (3, 0.599009900990099), (4, 0.599009900990099), (5, 0.599009900990099)]}
