[2024-06-02 19:05:47,997][flwr][INFO] - Starting Flower simulation, config: ServerConfig(num_rounds=5, round_timeout=None)
[2024-06-02 19:05:51,558][flwr][INFO] - Flower VCE: Ray initialized with resources: {'memory': 2878065870.0, 'object_store_memory': 1439032934.0, 'node:192.168.43.209': 1.0, 'CPU': 4.0}
[2024-06-02 19:05:51,559][flwr][INFO] - Initializing global parameters
[2024-06-02 19:05:51,559][flwr][INFO] - Requesting initial parameters from one random client
[2024-06-02 19:05:52,205][flwr][INFO] - Received initial parameters from one random client
[2024-06-02 19:05:52,205][flwr][INFO] - Evaluating initial parameters
[2024-06-02 19:05:54,118][flwr][INFO] - initial parameters (loss, other metrics): 4.646722316741943, {'accuracy': 0.0}
[2024-06-02 19:05:54,118][flwr][INFO] - FL starting
[2024-06-02 19:05:54,119][flwr][DEBUG] - fit_round 1: strategy sampled 10 clients (out of 50)
[2024-06-02 19:05:57,276][flwr][DEBUG] - fit_round 1 received 10 results and 0 failures
[2024-06-02 19:05:57,365][flwr][WARNING] - No fit_metrics_aggregation_fn provided
[2024-06-02 19:05:59,253][flwr][INFO] - fit progress: (1, 4.612329006195068, {'accuracy': 0.009900990099009901}, 5.1341004220003015)
[2024-06-02 19:05:59,253][flwr][DEBUG] - evaluate_round 1: strategy sampled 20 clients (out of 50)
[2024-06-02 19:06:00,588][flwr][DEBUG] - evaluate_round 1 received 20 results and 0 failures
[2024-06-02 19:06:00,588][flwr][WARNING] - No evaluate_metrics_aggregation_fn provided
[2024-06-02 19:06:00,588][flwr][DEBUG] - fit_round 2: strategy sampled 10 clients (out of 50)
[2024-06-02 19:06:02,791][flwr][DEBUG] - fit_round 2 received 10 results and 0 failures
[2024-06-02 19:06:04,838][flwr][INFO] - fit progress: (2, 4.576153993606567, {'accuracy': 0.1782178217821782}, 10.719113218000075)
[2024-06-02 19:06:04,838][flwr][DEBUG] - evaluate_round 2: strategy sampled 20 clients (out of 50)
[2024-06-02 19:06:06,536][flwr][DEBUG] - evaluate_round 2 received 20 results and 0 failures
[2024-06-02 19:06:06,536][flwr][DEBUG] - fit_round 3: strategy sampled 10 clients (out of 50)
[2024-06-02 19:06:08,667][flwr][DEBUG] - fit_round 3 received 10 results and 0 failures
[2024-06-02 19:06:10,603][flwr][INFO] - fit progress: (3, 4.534326553344727, {'accuracy': 0.5643564356435643}, 16.484403620000194)
[2024-06-02 19:06:10,603][flwr][DEBUG] - evaluate_round 3: strategy sampled 20 clients (out of 50)
[2024-06-02 19:06:12,138][flwr][DEBUG] - evaluate_round 3 received 20 results and 0 failures
[2024-06-02 19:06:12,138][flwr][DEBUG] - fit_round 4: strategy sampled 10 clients (out of 50)
[2024-06-02 19:06:14,209][flwr][DEBUG] - fit_round 4 received 10 results and 0 failures
[2024-06-02 19:06:16,173][flwr][INFO] - fit progress: (4, 4.488921165466309, {'accuracy': 0.599009900990099}, 22.05414033900024)
[2024-06-02 19:06:16,173][flwr][DEBUG] - evaluate_round 4: strategy sampled 20 clients (out of 50)
[2024-06-02 19:06:17,589][flwr][DEBUG] - evaluate_round 4 received 20 results and 0 failures
[2024-06-02 19:06:17,589][flwr][DEBUG] - fit_round 5: strategy sampled 10 clients (out of 50)
[2024-06-02 19:06:19,767][flwr][DEBUG] - fit_round 5 received 10 results and 0 failures
[2024-06-02 19:06:21,716][flwr][INFO] - fit progress: (5, 4.439954519271851, {'accuracy': 0.599009900990099}, 27.59704474199998)
[2024-06-02 19:06:21,716][flwr][DEBUG] - evaluate_round 5: strategy sampled 20 clients (out of 50)
[2024-06-02 19:06:23,234][flwr][DEBUG] - evaluate_round 5 received 20 results and 0 failures
[2024-06-02 19:06:23,234][flwr][INFO] - FL finished in 29.115681207000307
[2024-06-02 19:06:23,234][flwr][INFO] - app_fit: losses_distributed [(1, 2.2831434488296507), (2, 2.263519299030304), (3, 2.278588855266571), (4, 2.2482751488685606), (5, 2.2093848466873167)]
[2024-06-02 19:06:23,235][flwr][INFO] - app_fit: metrics_distributed_fit {}
[2024-06-02 19:06:23,235][flwr][INFO] - app_fit: metrics_distributed {}
[2024-06-02 19:06:23,235][flwr][INFO] - app_fit: losses_centralized [(0, 4.646722316741943), (1, 4.612329006195068), (2, 4.576153993606567), (3, 4.534326553344727), (4, 4.488921165466309), (5, 4.439954519271851)]
[2024-06-02 19:06:23,235][flwr][INFO] - app_fit: metrics_centralized {'accuracy': [(0, 0.0), (1, 0.009900990099009901), (2, 0.1782178217821782), (3, 0.5643564356435643), (4, 0.599009900990099), (5, 0.599009900990099)]}
