[2024-06-04 14:56:29,708][flwr][INFO] - Starting Flower simulation, config: ServerConfig(num_rounds=2, round_timeout=None)
[2024-06-04 14:56:33,296][flwr][INFO] - Flower VCE: Ray initialized with resources: {'memory': 2679506535.0, 'object_store_memory': 1339753267.0, 'node:192.168.43.209': 1.0, 'CPU': 4.0}
[2024-06-04 14:56:33,296][flwr][INFO] - Initializing global parameters
[2024-06-04 14:56:33,297][flwr][INFO] - Requesting initial parameters from one random client
[2024-06-04 14:56:33,914][flwr][INFO] - Received initial parameters from one random client
[2024-06-04 14:56:33,914][flwr][INFO] - Evaluating initial parameters
[2024-06-04 14:56:35,786][flwr][INFO] - initial parameters (loss, other metrics): 1.437939703464508, {'accuracy': 0.400990099009901}
[2024-06-04 14:56:35,786][flwr][INFO] - FL starting
[2024-06-04 14:56:35,786][flwr][DEBUG] - fit_round 1: strategy sampled 5 clients (out of 5)
[2024-06-04 14:56:44,607][flwr][DEBUG] - fit_round 1 received 5 results and 0 failures
[2024-06-04 14:56:44,638][flwr][WARNING] - No fit_metrics_aggregation_fn provided
[2024-06-04 14:56:46,510][flwr][INFO] - fit progress: (1, 1.3850438594818115, {'accuracy': 0.4603960396039604}, 10.72372303100019)
[2024-06-04 14:56:46,510][flwr][DEBUG] - evaluate_round 1: strategy sampled 5 clients (out of 5)
[2024-06-04 14:56:47,729][flwr][DEBUG] - evaluate_round 1 received 5 results and 0 failures
[2024-06-04 14:56:47,730][flwr][WARNING] - No evaluate_metrics_aggregation_fn provided
[2024-06-04 14:56:47,730][flwr][DEBUG] - fit_round 2: strategy sampled 5 clients (out of 5)
[2024-06-04 14:56:55,102][flwr][DEBUG] - fit_round 2 received 5 results and 0 failures
[2024-06-04 14:56:57,022][flwr][INFO] - fit progress: (2, 1.3568872809410095, {'accuracy': 0.599009900990099}, 21.236121208999975)
[2024-06-04 14:56:57,022][flwr][DEBUG] - evaluate_round 2: strategy sampled 5 clients (out of 5)
[2024-06-04 14:56:58,249][flwr][DEBUG] - evaluate_round 2 received 5 results and 0 failures
[2024-06-04 14:56:58,249][flwr][INFO] - FL finished in 22.462895106999895
[2024-06-04 14:56:58,249][flwr][INFO] - app_fit: losses_distributed [(1, 0.6925287485122681), (2, 0.6693467736244202)]
[2024-06-04 14:56:58,249][flwr][INFO] - app_fit: metrics_distributed_fit {}
[2024-06-04 14:56:58,249][flwr][INFO] - app_fit: metrics_distributed {}
[2024-06-04 14:56:58,249][flwr][INFO] - app_fit: losses_centralized [(0, 1.437939703464508), (1, 1.3850438594818115), (2, 1.3568872809410095)]
[2024-06-04 14:56:58,249][flwr][INFO] - app_fit: metrics_centralized {'accuracy': [(0, 0.400990099009901), (1, 0.4603960396039604), (2, 0.599009900990099)]}
