[2024-05-31 15:29:53,585][flwr][INFO] - Starting Flower simulation, config: ServerConfig(num_rounds=10, round_timeout=None)
[2024-05-31 15:29:57,211][flwr][INFO] - Flower VCE: Ray initialized with resources: {'CPU': 4.0, 'memory': 2363198670.0, 'node:10.6.26.158': 1.0, 'object_store_memory': 1181599334.0}
[2024-05-31 15:29:57,212][flwr][INFO] - Initializing global parameters
[2024-05-31 15:29:57,212][flwr][INFO] - Requesting initial parameters from one random client
[2024-05-31 15:29:57,865][flwr][INFO] - Received initial parameters from one random client
[2024-05-31 15:29:57,865][flwr][INFO] - Evaluating initial parameters
[2024-05-31 15:29:58,982][flwr][INFO] - initial parameters (loss, other metrics): 182.38025903701782, {'accuracy': 0.0879}
[2024-05-31 15:29:58,982][flwr][INFO] - FL starting
[2024-05-31 15:29:58,982][flwr][DEBUG] - fit_round 1: strategy sampled 10 clients (out of 100)
[2024-05-31 15:30:02,320][flwr][DEBUG] - fit_round 1 received 10 results and 0 failures
[2024-05-31 15:30:02,332][flwr][WARNING] - No fit_metrics_aggregation_fn provided
[2024-05-31 15:30:03,451][flwr][INFO] - fit progress: (1, 179.89839887619019, {'accuracy': 0.1118}, 4.468477248999989)
[2024-05-31 15:30:03,451][flwr][DEBUG] - evaluate_round 1: strategy sampled 25 clients (out of 100)
[2024-05-31 15:30:05,957][flwr][DEBUG] - evaluate_round 1 received 25 results and 0 failures
[2024-05-31 15:30:05,957][flwr][WARNING] - No evaluate_metrics_aggregation_fn provided
[2024-05-31 15:30:05,957][flwr][DEBUG] - fit_round 2: strategy sampled 10 clients (out of 100)
[2024-05-31 15:30:07,886][flwr][DEBUG] - fit_round 2 received 10 results and 0 failures
[2024-05-31 15:30:09,085][flwr][INFO] - fit progress: (2, 176.48715949058533, {'accuracy': 0.3689}, 10.102387088991236)
[2024-05-31 15:30:09,085][flwr][DEBUG] - evaluate_round 2: strategy sampled 25 clients (out of 100)
[2024-05-31 15:30:11,521][flwr][DEBUG] - evaluate_round 2 received 25 results and 0 failures
[2024-05-31 15:30:11,521][flwr][DEBUG] - fit_round 3: strategy sampled 10 clients (out of 100)
[2024-05-31 15:30:13,504][flwr][DEBUG] - fit_round 3 received 10 results and 0 failures
[2024-05-31 15:30:14,638][flwr][INFO] - fit progress: (3, 165.30613350868225, {'accuracy': 0.6055}, 15.655808191979304)
[2024-05-31 15:30:14,638][flwr][DEBUG] - evaluate_round 3: strategy sampled 25 clients (out of 100)
[2024-05-31 15:30:17,118][flwr][DEBUG] - evaluate_round 3 received 25 results and 0 failures
[2024-05-31 15:30:17,118][flwr][DEBUG] - fit_round 4: strategy sampled 10 clients (out of 100)
[2024-05-31 15:30:19,116][flwr][DEBUG] - fit_round 4 received 10 results and 0 failures
[2024-05-31 15:30:20,262][flwr][INFO] - fit progress: (4, 109.96088862419128, {'accuracy': 0.6809}, 21.280054496979574)
[2024-05-31 15:30:20,263][flwr][DEBUG] - evaluate_round 4: strategy sampled 25 clients (out of 100)
[2024-05-31 15:30:22,715][flwr][DEBUG] - evaluate_round 4 received 25 results and 0 failures
[2024-05-31 15:30:22,716][flwr][DEBUG] - fit_round 5: strategy sampled 10 clients (out of 100)
[2024-05-31 15:30:24,746][flwr][DEBUG] - fit_round 5 received 10 results and 0 failures
[2024-05-31 15:30:25,893][flwr][INFO] - fit progress: (5, 53.856681287288666, {'accuracy': 0.7901}, 26.910594583983766)
[2024-05-31 15:30:25,893][flwr][DEBUG] - evaluate_round 5: strategy sampled 25 clients (out of 100)
[2024-05-31 15:30:28,491][flwr][DEBUG] - evaluate_round 5 received 25 results and 0 failures
[2024-05-31 15:30:28,492][flwr][DEBUG] - fit_round 6: strategy sampled 10 clients (out of 100)
[2024-05-31 15:30:30,504][flwr][DEBUG] - fit_round 6 received 10 results and 0 failures
[2024-05-31 15:30:31,628][flwr][INFO] - fit progress: (6, 37.7781201004982, {'accuracy': 0.868}, 32.64555828497396)
[2024-05-31 15:30:31,628][flwr][DEBUG] - evaluate_round 6: strategy sampled 25 clients (out of 100)
[2024-05-31 15:30:34,032][flwr][DEBUG] - evaluate_round 6 received 25 results and 0 failures
[2024-05-31 15:30:34,032][flwr][DEBUG] - fit_round 7: strategy sampled 10 clients (out of 100)
[2024-05-31 15:30:36,108][flwr][DEBUG] - fit_round 7 received 10 results and 0 failures
[2024-05-31 15:30:37,315][flwr][INFO] - fit progress: (7, 30.023751474916935, {'accuracy': 0.8889}, 38.3327355189831)
[2024-05-31 15:30:37,315][flwr][DEBUG] - evaluate_round 7: strategy sampled 25 clients (out of 100)
[2024-05-31 15:30:39,925][flwr][DEBUG] - evaluate_round 7 received 25 results and 0 failures
[2024-05-31 15:30:39,925][flwr][DEBUG] - fit_round 8: strategy sampled 10 clients (out of 100)
[2024-05-31 15:30:42,061][flwr][DEBUG] - fit_round 8 received 10 results and 0 failures
[2024-05-31 15:30:43,268][flwr][INFO] - fit progress: (8, 26.742975316941738, {'accuracy': 0.9021}, 44.28547183898627)
[2024-05-31 15:30:43,268][flwr][DEBUG] - evaluate_round 8: strategy sampled 25 clients (out of 100)
[2024-05-31 15:30:45,896][flwr][DEBUG] - evaluate_round 8 received 25 results and 0 failures
[2024-05-31 15:30:45,896][flwr][DEBUG] - fit_round 9: strategy sampled 10 clients (out of 100)
[2024-05-31 15:30:48,011][flwr][DEBUG] - fit_round 9 received 10 results and 0 failures
[2024-05-31 15:30:49,239][flwr][INFO] - fit progress: (9, 22.8820712082088, {'accuracy': 0.9176}, 50.25658487199689)
[2024-05-31 15:30:49,239][flwr][DEBUG] - evaluate_round 9: strategy sampled 25 clients (out of 100)
[2024-05-31 15:30:51,859][flwr][DEBUG] - evaluate_round 9 received 25 results and 0 failures
[2024-05-31 15:30:51,859][flwr][DEBUG] - fit_round 10: strategy sampled 10 clients (out of 100)
[2024-05-31 15:30:53,918][flwr][DEBUG] - fit_round 10 received 10 results and 0 failures
[2024-05-31 15:30:55,098][flwr][INFO] - fit progress: (10, 20.72109016031027, {'accuracy': 0.9215}, 56.1161376349919)
[2024-05-31 15:30:55,099][flwr][DEBUG] - evaluate_round 10: strategy sampled 25 clients (out of 100)
[2024-05-31 15:30:57,804][flwr][DEBUG] - evaluate_round 10 received 25 results and 0 failures
[2024-05-31 15:30:57,805][flwr][INFO] - FL finished in 58.822327785979724
[2024-05-31 15:30:57,805][flwr][INFO] - app_fit: losses_distributed [(1, 4.552803392410278), (2, 4.472908592224121), (3, 4.191502714157105), (4, 2.8072335958480834), (5, 1.4517274820804595), (6, 0.9449086439609528), (7, 0.8395580667257309), (8, 0.7039661109447479), (9, 0.6070510438084602), (10, 0.5315629440546036)]
[2024-05-31 15:30:57,805][flwr][INFO] - app_fit: metrics_distributed_fit {}
[2024-05-31 15:30:57,805][flwr][INFO] - app_fit: metrics_distributed {}
[2024-05-31 15:30:57,805][flwr][INFO] - app_fit: losses_centralized [(0, 182.38025903701782), (1, 179.89839887619019), (2, 176.48715949058533), (3, 165.30613350868225), (4, 109.96088862419128), (5, 53.856681287288666), (6, 37.7781201004982), (7, 30.023751474916935), (8, 26.742975316941738), (9, 22.8820712082088), (10, 20.72109016031027)]
[2024-05-31 15:30:57,805][flwr][INFO] - app_fit: metrics_centralized {'accuracy': [(0, 0.0879), (1, 0.1118), (2, 0.3689), (3, 0.6055), (4, 0.6809), (5, 0.7901), (6, 0.868), (7, 0.8889), (8, 0.9021), (9, 0.9176), (10, 0.9215)]}
