[2024-06-02 12:39:04,262][flwr][WARNING] - 
Setting `min_available_clients` lower than `min_fit_clients` or
`min_evaluate_clients` can cause the server to fail when there are too few clients
connected to the server. `min_available_clients` must be set to a value larger
than or equal to the values of `min_fit_clients` and `min_evaluate_clients`.

[2024-06-02 12:39:04,262][flwr][INFO] - Starting Flower simulation, config: ServerConfig(num_rounds=5, round_timeout=None)
[2024-06-02 12:39:07,883][flwr][INFO] - Flower VCE: Ray initialized with resources: {'object_store_memory': 1079619993.0, 'memory': 2159239988.0, 'CPU': 4.0, 'node:192.168.43.209': 1.0}
[2024-06-02 12:39:07,883][flwr][INFO] - Initializing global parameters
[2024-06-02 12:39:07,883][flwr][INFO] - Requesting initial parameters from one random client
[2024-06-02 12:39:08,578][flwr][INFO] - Received initial parameters from one random client
[2024-06-02 12:39:08,578][flwr][INFO] - Evaluating initial parameters
[2024-06-02 12:39:10,581][flwr][INFO] - initial parameters (loss, other metrics): 4.604608535766602, {'accuracy': 0.0049504950495049506}
[2024-06-02 12:39:10,582][flwr][INFO] - FL starting
[2024-06-02 12:39:10,582][flwr][DEBUG] - fit_round 1: strategy sampled 10 clients (out of 10)
[2024-06-02 12:39:20,562][flwr][DEBUG] - fit_round 1 received 10 results and 0 failures
[2024-06-02 12:39:20,645][flwr][WARNING] - No fit_metrics_aggregation_fn provided
[2024-06-02 12:39:22,939][flwr][INFO] - fit progress: (1, 4.390287637710571, {'accuracy': 0.400990099009901}, 12.35683100298047)
[2024-06-02 12:39:22,939][flwr][INFO] - Sampling failed: number of available clients (10) is less than number of requested clients (25).
[2024-06-02 12:39:22,939][flwr][INFO] - evaluate_round 1: no clients selected, cancel
[2024-06-02 12:39:22,939][flwr][DEBUG] - fit_round 2: strategy sampled 10 clients (out of 10)
[2024-06-02 12:39:32,552][flwr][DEBUG] - fit_round 2 received 10 results and 0 failures
[2024-06-02 12:39:35,111][flwr][INFO] - fit progress: (2, 4.028978586196899, {'accuracy': 0.41089108910891087}, 24.52888064997387)
[2024-06-02 12:39:35,111][flwr][INFO] - Sampling failed: number of available clients (10) is less than number of requested clients (25).
[2024-06-02 12:39:35,111][flwr][INFO] - evaluate_round 2: no clients selected, cancel
[2024-06-02 12:39:35,111][flwr][DEBUG] - fit_round 3: strategy sampled 10 clients (out of 10)
[2024-06-02 12:40:09,014][flwr][DEBUG] - fit_round 3 received 10 results and 0 failures
[2024-06-02 12:40:11,598][flwr][INFO] - fit progress: (3, 2.9261595010757446, {'accuracy': 0.599009900990099}, 61.01620529399952)
[2024-06-02 12:40:11,598][flwr][INFO] - Sampling failed: number of available clients (10) is less than number of requested clients (25).
[2024-06-02 12:40:11,598][flwr][INFO] - evaluate_round 3: no clients selected, cancel
[2024-06-02 12:40:11,599][flwr][DEBUG] - fit_round 4: strategy sampled 10 clients (out of 10)
[2024-06-02 12:40:22,243][flwr][DEBUG] - fit_round 4 received 10 results and 0 failures
[2024-06-02 12:40:24,909][flwr][INFO] - fit progress: (4, 1.946764588356018, {'accuracy': 0.599009900990099}, 74.3269297159859)
[2024-06-02 12:40:24,909][flwr][INFO] - Sampling failed: number of available clients (10) is less than number of requested clients (25).
[2024-06-02 12:40:24,909][flwr][INFO] - evaluate_round 4: no clients selected, cancel
[2024-06-02 12:40:24,909][flwr][DEBUG] - fit_round 5: strategy sampled 10 clients (out of 10)
[2024-06-02 12:40:35,177][flwr][DEBUG] - fit_round 5 received 10 results and 0 failures
[2024-06-02 12:40:37,789][flwr][INFO] - fit progress: (5, 1.4906538128852844, {'accuracy': 0.599009900990099}, 87.20770556098432)
[2024-06-02 12:40:37,790][flwr][INFO] - Sampling failed: number of available clients (10) is less than number of requested clients (25).
[2024-06-02 12:40:37,790][flwr][INFO] - evaluate_round 5: no clients selected, cancel
[2024-06-02 12:40:37,790][flwr][INFO] - FL finished in 87.20818507898366
[2024-06-02 12:40:37,790][flwr][INFO] - app_fit: losses_distributed []
[2024-06-02 12:40:37,790][flwr][INFO] - app_fit: metrics_distributed_fit {}
[2024-06-02 12:40:37,790][flwr][INFO] - app_fit: metrics_distributed {}
[2024-06-02 12:40:37,790][flwr][INFO] - app_fit: losses_centralized [(0, 4.604608535766602), (1, 4.390287637710571), (2, 4.028978586196899), (3, 2.9261595010757446), (4, 1.946764588356018), (5, 1.4906538128852844)]
[2024-06-02 12:40:37,790][flwr][INFO] - app_fit: metrics_centralized {'accuracy': [(0, 0.0049504950495049506), (1, 0.400990099009901), (2, 0.41089108910891087), (3, 0.599009900990099), (4, 0.599009900990099), (5, 0.599009900990099)]}
