[2024-06-03 11:50:19,847][flwr][INFO] - Starting Flower simulation, config: ServerConfig(num_rounds=3, round_timeout=None)
[2024-06-03 11:50:23,426][flwr][INFO] - Flower VCE: Ray initialized with resources: {'CPU': 4.0, 'memory': 2993437902.0, 'object_store_memory': 1496718950.0, 'node:10.6.26.158': 1.0}
[2024-06-03 11:50:23,427][flwr][INFO] - Initializing global parameters
[2024-06-03 11:50:23,427][flwr][INFO] - Requesting initial parameters from one random client
[2024-06-03 11:50:24,039][flwr][INFO] - Received initial parameters from one random client
[2024-06-03 11:50:24,039][flwr][INFO] - Evaluating initial parameters
[2024-06-03 11:50:25,906][flwr][INFO] - initial parameters (loss, other metrics): 4.752060890197754, {'accuracy': 0.0}
[2024-06-03 11:50:25,906][flwr][INFO] - FL starting
[2024-06-03 11:50:25,907][flwr][DEBUG] - fit_round 1: strategy sampled 8 clients (out of 10)
[2024-06-03 11:50:33,548][flwr][DEBUG] - fit_round 1 received 8 results and 0 failures
[2024-06-03 11:50:33,596][flwr][WARNING] - No fit_metrics_aggregation_fn provided
[2024-06-03 11:50:35,417][flwr][INFO] - fit progress: (1, 4.349721670150757, {'accuracy': 0.400990099009901}, 9.510795837000046)
[2024-06-03 11:50:35,417][flwr][DEBUG] - evaluate_round 1: strategy sampled 8 clients (out of 10)
[2024-06-03 11:50:36,811][flwr][DEBUG] - evaluate_round 1 received 8 results and 0 failures
[2024-06-03 11:50:36,811][flwr][WARNING] - No evaluate_metrics_aggregation_fn provided
[2024-06-03 11:50:36,811][flwr][DEBUG] - fit_round 2: strategy sampled 8 clients (out of 10)
[2024-06-03 11:50:42,973][flwr][DEBUG] - fit_round 2 received 8 results and 0 failures
[2024-06-03 11:50:44,854][flwr][INFO] - fit progress: (2, 3.516859292984009, {'accuracy': 0.40594059405940597}, 18.94798589800007)
[2024-06-03 11:50:44,854][flwr][DEBUG] - evaluate_round 2: strategy sampled 8 clients (out of 10)
[2024-06-03 11:50:46,397][flwr][DEBUG] - evaluate_round 2 received 8 results and 0 failures
[2024-06-03 11:50:46,398][flwr][DEBUG] - fit_round 3: strategy sampled 8 clients (out of 10)
[2024-06-03 11:50:52,597][flwr][DEBUG] - fit_round 3 received 8 results and 0 failures
[2024-06-03 11:50:54,452][flwr][INFO] - fit progress: (3, 1.7498351335525513, {'accuracy': 0.599009900990099}, 28.54529968600002)
[2024-06-03 11:50:54,452][flwr][DEBUG] - evaluate_round 3: strategy sampled 8 clients (out of 10)
[2024-06-03 11:50:55,972][flwr][DEBUG] - evaluate_round 3 received 8 results and 0 failures
[2024-06-03 11:50:55,972][flwr][INFO] - FL finished in 30.065970171999993
[2024-06-03 11:50:55,972][flwr][INFO] - app_fit: losses_distributed [(1, 2.197425037622452), (2, 1.7994075864553452), (3, 0.7984530553221703)]
[2024-06-03 11:50:55,972][flwr][INFO] - app_fit: metrics_distributed_fit {}
[2024-06-03 11:50:55,973][flwr][INFO] - app_fit: metrics_distributed {}
[2024-06-03 11:50:55,973][flwr][INFO] - app_fit: losses_centralized [(0, 4.752060890197754), (1, 4.349721670150757), (2, 3.516859292984009), (3, 1.7498351335525513)]
[2024-06-03 11:50:55,973][flwr][INFO] - app_fit: metrics_centralized {'accuracy': [(0, 0.0), (1, 0.400990099009901), (2, 0.40594059405940597), (3, 0.599009900990099)]}
