[2024-05-31 15:19:28,424][flwr][INFO] - Starting Flower simulation, config: ServerConfig(num_rounds=10, round_timeout=None)
[2024-05-31 15:19:32,040][flwr][INFO] - Flower VCE: Ray initialized with resources: {'memory': 2330994279.0, 'CPU': 4.0, 'node:10.6.26.158': 1.0, 'object_store_memory': 1165497139.0}
[2024-05-31 15:19:32,040][flwr][INFO] - Initializing global parameters
[2024-05-31 15:19:32,041][flwr][INFO] - Requesting initial parameters from one random client
[2024-05-31 15:19:32,706][flwr][INFO] - Received initial parameters from one random client
[2024-05-31 15:19:32,707][flwr][INFO] - Evaluating initial parameters
[2024-05-31 15:19:33,926][flwr][INFO] - initial parameters (loss, other metrics): 181.79765343666077, {'accuracy': 0.1169}
[2024-05-31 15:19:33,926][flwr][INFO] - FL starting
[2024-05-31 15:19:33,927][flwr][DEBUG] - fit_round 1: strategy sampled 10 clients (out of 100)
[2024-05-31 15:19:37,284][flwr][DEBUG] - fit_round 1 received 10 results and 0 failures
[2024-05-31 15:19:37,295][flwr][WARNING] - No fit_metrics_aggregation_fn provided
[2024-05-31 15:19:38,393][flwr][INFO] - fit progress: (1, 179.64330983161926, {'accuracy': 0.2628}, 4.466869668976869)
[2024-05-31 15:19:38,394][flwr][DEBUG] - evaluate_round 1: strategy sampled 25 clients (out of 100)
[2024-05-31 15:19:40,972][flwr][DEBUG] - evaluate_round 1 received 25 results and 0 failures
[2024-05-31 15:19:40,972][flwr][WARNING] - No evaluate_metrics_aggregation_fn provided
[2024-05-31 15:19:40,972][flwr][DEBUG] - fit_round 2: strategy sampled 10 clients (out of 100)
[2024-05-31 15:19:42,889][flwr][DEBUG] - fit_round 2 received 10 results and 0 failures
[2024-05-31 15:19:44,057][flwr][INFO] - fit progress: (2, 175.6304018497467, {'accuracy': 0.4706}, 10.130403743998613)
[2024-05-31 15:19:44,057][flwr][DEBUG] - evaluate_round 2: strategy sampled 25 clients (out of 100)
[2024-05-31 15:19:46,507][flwr][DEBUG] - evaluate_round 2 received 25 results and 0 failures
[2024-05-31 15:19:46,507][flwr][DEBUG] - fit_round 3: strategy sampled 10 clients (out of 100)
[2024-05-31 15:19:48,453][flwr][DEBUG] - fit_round 3 received 10 results and 0 failures
[2024-05-31 15:19:49,562][flwr][INFO] - fit progress: (3, 161.31977260112762, {'accuracy': 0.5316}, 15.6351494579867)
[2024-05-31 15:19:49,562][flwr][DEBUG] - evaluate_round 3: strategy sampled 25 clients (out of 100)
[2024-05-31 15:19:52,174][flwr][DEBUG] - evaluate_round 3 received 25 results and 0 failures
[2024-05-31 15:19:52,174][flwr][DEBUG] - fit_round 4: strategy sampled 10 clients (out of 100)
[2024-05-31 15:19:54,161][flwr][DEBUG] - fit_round 4 received 10 results and 0 failures
[2024-05-31 15:19:55,269][flwr][INFO] - fit progress: (4, 97.40384978055954, {'accuracy': 0.677}, 21.341828795993933)
[2024-05-31 15:19:55,269][flwr][DEBUG] - evaluate_round 4: strategy sampled 25 clients (out of 100)
[2024-05-31 15:19:57,815][flwr][DEBUG] - evaluate_round 4 received 25 results and 0 failures
[2024-05-31 15:19:57,816][flwr][DEBUG] - fit_round 5: strategy sampled 10 clients (out of 100)
[2024-05-31 15:19:59,767][flwr][DEBUG] - fit_round 5 received 10 results and 0 failures
[2024-05-31 15:20:00,885][flwr][INFO] - fit progress: (5, 57.29996034502983, {'accuracy': 0.7747}, 26.95841331599513)
[2024-05-31 15:20:00,885][flwr][DEBUG] - evaluate_round 5: strategy sampled 25 clients (out of 100)
[2024-05-31 15:20:03,392][flwr][DEBUG] - evaluate_round 5 received 25 results and 0 failures
[2024-05-31 15:20:03,393][flwr][DEBUG] - fit_round 6: strategy sampled 10 clients (out of 100)
[2024-05-31 15:20:05,417][flwr][DEBUG] - fit_round 6 received 10 results and 0 failures
[2024-05-31 15:20:06,535][flwr][INFO] - fit progress: (6, 50.56087973713875, {'accuracy': 0.798}, 32.60879690098227)
[2024-05-31 15:20:06,536][flwr][DEBUG] - evaluate_round 6: strategy sampled 25 clients (out of 100)
[2024-05-31 15:20:09,146][flwr][DEBUG] - evaluate_round 6 received 25 results and 0 failures
[2024-05-31 15:20:09,146][flwr][DEBUG] - fit_round 7: strategy sampled 10 clients (out of 100)
[2024-05-31 15:20:11,436][flwr][DEBUG] - fit_round 7 received 10 results and 0 failures
[2024-05-31 15:20:12,657][flwr][INFO] - fit progress: (7, 37.98341192305088, {'accuracy': 0.8524}, 38.73052372899838)
[2024-05-31 15:20:12,657][flwr][DEBUG] - evaluate_round 7: strategy sampled 25 clients (out of 100)
[2024-05-31 15:20:15,335][flwr][DEBUG] - evaluate_round 7 received 25 results and 0 failures
[2024-05-31 15:20:15,335][flwr][DEBUG] - fit_round 8: strategy sampled 10 clients (out of 100)
[2024-05-31 15:20:17,593][flwr][DEBUG] - fit_round 8 received 10 results and 0 failures
[2024-05-31 15:20:18,783][flwr][INFO] - fit progress: (8, 31.700132846832275, {'accuracy': 0.8806}, 44.85614126897417)
[2024-05-31 15:20:18,783][flwr][DEBUG] - evaluate_round 8: strategy sampled 25 clients (out of 100)
[2024-05-31 15:20:21,621][flwr][DEBUG] - evaluate_round 8 received 25 results and 0 failures
[2024-05-31 15:20:21,621][flwr][DEBUG] - fit_round 9: strategy sampled 10 clients (out of 100)
[2024-05-31 15:20:23,722][flwr][DEBUG] - fit_round 9 received 10 results and 0 failures
[2024-05-31 15:20:24,924][flwr][INFO] - fit progress: (9, 25.524571247398853, {'accuracy': 0.8976}, 50.9977377569885)
[2024-05-31 15:20:24,925][flwr][DEBUG] - evaluate_round 9: strategy sampled 25 clients (out of 100)
[2024-05-31 15:20:27,751][flwr][DEBUG] - evaluate_round 9 received 25 results and 0 failures
[2024-05-31 15:20:27,751][flwr][DEBUG] - fit_round 10: strategy sampled 10 clients (out of 100)
[2024-05-31 15:20:29,916][flwr][DEBUG] - fit_round 10 received 10 results and 0 failures
[2024-05-31 15:20:31,126][flwr][INFO] - fit progress: (10, 25.469928704202175, {'accuracy': 0.9022}, 57.19901965398458)
[2024-05-31 15:20:31,126][flwr][DEBUG] - evaluate_round 10: strategy sampled 25 clients (out of 100)
[2024-05-31 15:20:33,827][flwr][DEBUG] - evaluate_round 10 received 25 results and 0 failures
[2024-05-31 15:20:33,827][flwr][INFO] - FL finished in 59.900447944994085
[2024-05-31 15:20:33,827][flwr][INFO] - app_fit: losses_distributed [(1, 4.552366781234741), (2, 4.450419082641601), (3, 4.086460237503052), (4, 2.514073214530945), (5, 1.5058372950553893), (6, 1.293507022857666), (7, 1.0071084487438202), (8, 0.8402744060754777), (9, 0.7621999049186706), (10, 0.6716604310274125)]
[2024-05-31 15:20:33,827][flwr][INFO] - app_fit: metrics_distributed_fit {}
[2024-05-31 15:20:33,827][flwr][INFO] - app_fit: metrics_distributed {}
[2024-05-31 15:20:33,827][flwr][INFO] - app_fit: losses_centralized [(0, 181.79765343666077), (1, 179.64330983161926), (2, 175.6304018497467), (3, 161.31977260112762), (4, 97.40384978055954), (5, 57.29996034502983), (6, 50.56087973713875), (7, 37.98341192305088), (8, 31.700132846832275), (9, 25.524571247398853), (10, 25.469928704202175)]
[2024-05-31 15:20:33,827][flwr][INFO] - app_fit: metrics_centralized {'accuracy': [(0, 0.1169), (1, 0.2628), (2, 0.4706), (3, 0.5316), (4, 0.677), (5, 0.7747), (6, 0.798), (7, 0.8524), (8, 0.8806), (9, 0.8976), (10, 0.9022)]}
