[2024-06-04 15:00:20,572][flwr][INFO] - Starting Flower simulation, config: ServerConfig(num_rounds=2, round_timeout=None)
[2024-06-04 15:00:24,147][flwr][INFO] - Flower VCE: Ray initialized with resources: {'object_store_memory': 1441662566.0, 'memory': 2883325134.0, 'CPU': 4.0, 'node:192.168.43.209': 1.0}
[2024-06-04 15:00:24,148][flwr][INFO] - Initializing global parameters
[2024-06-04 15:00:24,148][flwr][INFO] - Requesting initial parameters from one random client
[2024-06-04 15:00:24,761][flwr][INFO] - Received initial parameters from one random client
[2024-06-04 15:00:24,761][flwr][INFO] - Evaluating initial parameters
[2024-06-04 15:00:26,612][flwr][INFO] - initial parameters (loss, other metrics): 1.3807238936424255, {'accuracy': 0.594059405940594}
[2024-06-04 15:00:26,612][flwr][INFO] - FL starting
[2024-06-04 15:00:26,613][flwr][DEBUG] - fit_round 1: strategy sampled 5 clients (out of 5)
[2024-06-04 15:00:35,325][flwr][DEBUG] - fit_round 1 received 5 results and 0 failures
[2024-06-04 15:00:35,351][flwr][WARNING] - No fit_metrics_aggregation_fn provided
[2024-06-04 15:00:37,166][flwr][INFO] - fit progress: (1, 1.352369248867035, {'accuracy': 0.599009900990099}, 10.553845549999096)
[2024-06-04 15:00:37,167][flwr][DEBUG] - evaluate_round 1: strategy sampled 5 clients (out of 5)
[2024-06-04 15:00:38,353][flwr][DEBUG] - evaluate_round 1 received 5 results and 0 failures
[2024-06-04 15:00:38,353][flwr][WARNING] - No evaluate_metrics_aggregation_fn provided
[2024-06-04 15:00:38,354][flwr][DEBUG] - fit_round 2: strategy sampled 5 clients (out of 5)
[2024-06-04 15:00:45,964][flwr][DEBUG] - fit_round 2 received 5 results and 0 failures
[2024-06-04 15:00:47,848][flwr][INFO] - fit progress: (2, 1.3439371585845947, {'accuracy': 0.599009900990099}, 21.235920709999846)
[2024-06-04 15:00:47,849][flwr][DEBUG] - evaluate_round 2: strategy sampled 5 clients (out of 5)
[2024-06-04 15:00:49,046][flwr][DEBUG] - evaluate_round 2 received 5 results and 0 failures
[2024-06-04 15:00:49,046][flwr][INFO] - FL finished in 22.43350491899946
[2024-06-04 15:00:49,046][flwr][INFO] - app_fit: losses_distributed [(1, 0.6659385919570923), (2, 0.6530111074447632)]
[2024-06-04 15:00:49,046][flwr][INFO] - app_fit: metrics_distributed_fit {}
[2024-06-04 15:00:49,046][flwr][INFO] - app_fit: metrics_distributed {}
[2024-06-04 15:00:49,046][flwr][INFO] - app_fit: losses_centralized [(0, 1.3807238936424255), (1, 1.352369248867035), (2, 1.3439371585845947)]
[2024-06-04 15:00:49,046][flwr][INFO] - app_fit: metrics_centralized {'accuracy': [(0, 0.594059405940594), (1, 0.599009900990099), (2, 0.599009900990099)]}
