[2024-06-04 15:04:41,594][flwr][INFO] - Starting Flower simulation, config: ServerConfig(num_rounds=2, round_timeout=None)
[2024-06-04 15:04:45,147][flwr][INFO] - Flower VCE: Ray initialized with resources: {'object_store_memory': 1458402508.0, 'node:192.168.43.209': 1.0, 'memory': 2916805019.0, 'CPU': 4.0}
[2024-06-04 15:04:45,147][flwr][INFO] - Initializing global parameters
[2024-06-04 15:04:45,148][flwr][INFO] - Requesting initial parameters from one random client
[2024-06-04 15:04:45,770][flwr][INFO] - Received initial parameters from one random client
[2024-06-04 15:04:45,771][flwr][INFO] - Evaluating initial parameters
[2024-06-04 15:04:47,661][flwr][INFO] - initial parameters (loss, other metrics): 1.388122022151947, {'accuracy': 0.4306930693069307}
[2024-06-04 15:04:47,662][flwr][INFO] - FL starting
[2024-06-04 15:04:47,662][flwr][DEBUG] - fit_round 1: strategy sampled 5 clients (out of 6)
[2024-06-04 15:04:55,841][flwr][DEBUG] - fit_round 1 received 5 results and 0 failures
[2024-06-04 15:04:55,866][flwr][WARNING] - No fit_metrics_aggregation_fn provided
[2024-06-04 15:04:57,785][flwr][INFO] - fit progress: (1, 1.3601095080375671, {'accuracy': 0.599009900990099}, 10.123337319999337)
[2024-06-04 15:04:57,785][flwr][DEBUG] - evaluate_round 1: strategy sampled 5 clients (out of 6)
[2024-06-04 15:04:58,472][flwr][DEBUG] - evaluate_round 1 received 5 results and 0 failures
[2024-06-04 15:04:58,472][flwr][WARNING] - No evaluate_metrics_aggregation_fn provided
[2024-06-04 15:04:58,472][flwr][DEBUG] - fit_round 2: strategy sampled 5 clients (out of 6)
[2024-06-04 15:05:05,147][flwr][DEBUG] - fit_round 2 received 5 results and 0 failures
[2024-06-04 15:05:07,102][flwr][INFO] - fit progress: (2, 1.349706768989563, {'accuracy': 0.599009900990099}, 19.44029025099917)
[2024-06-04 15:05:07,102][flwr][DEBUG] - evaluate_round 2: strategy sampled 5 clients (out of 6)
[2024-06-04 15:05:07,794][flwr][DEBUG] - evaluate_round 2 received 5 results and 0 failures
[2024-06-04 15:05:07,795][flwr][INFO] - FL finished in 20.13292529299906
[2024-06-04 15:05:07,795][flwr][INFO] - app_fit: losses_distributed [(1, 0.6867435574531555), (2, 0.6872429370880127)]
[2024-06-04 15:05:07,795][flwr][INFO] - app_fit: metrics_distributed_fit {}
[2024-06-04 15:05:07,795][flwr][INFO] - app_fit: metrics_distributed {}
[2024-06-04 15:05:07,795][flwr][INFO] - app_fit: losses_centralized [(0, 1.388122022151947), (1, 1.3601095080375671), (2, 1.349706768989563)]
[2024-06-04 15:05:07,795][flwr][INFO] - app_fit: metrics_centralized {'accuracy': [(0, 0.4306930693069307), (1, 0.599009900990099), (2, 0.599009900990099)]}
