[2024-06-02 12:37:43,533][flwr][WARNING] - 
Setting `min_available_clients` lower than `min_fit_clients` or
`min_evaluate_clients` can cause the server to fail when there are too few clients
connected to the server. `min_available_clients` must be set to a value larger
than or equal to the values of `min_fit_clients` and `min_evaluate_clients`.

[2024-06-02 12:37:43,534][flwr][INFO] - Starting Flower simulation, config: ServerConfig(num_rounds=5, round_timeout=None)
[2024-06-02 12:37:47,105][flwr][INFO] - Flower VCE: Ray initialized with resources: {'CPU': 4.0, 'node:192.168.43.209': 1.0, 'object_store_memory': 1063565721.0, 'memory': 2127131444.0}
[2024-06-02 12:37:47,105][flwr][INFO] - Initializing global parameters
[2024-06-02 12:37:47,105][flwr][INFO] - Requesting initial parameters from one random client
[2024-06-02 12:37:47,746][flwr][INFO] - Received initial parameters from one random client
[2024-06-02 12:37:47,747][flwr][INFO] - Evaluating initial parameters
[2024-06-02 12:37:49,666][flwr][INFO] - initial parameters (loss, other metrics): 4.537770986557007, {'accuracy': 0.3118811881188119}
[2024-06-02 12:37:49,666][flwr][INFO] - FL starting
[2024-06-02 12:37:49,666][flwr][DEBUG] - fit_round 1: strategy sampled 10 clients (out of 10)
[2024-06-02 12:37:59,095][flwr][DEBUG] - fit_round 1 received 10 results and 0 failures
[2024-06-02 12:37:59,162][flwr][WARNING] - No fit_metrics_aggregation_fn provided
[2024-06-02 12:38:01,117][flwr][INFO] - fit progress: (1, 4.195298433303833, {'accuracy': 0.4306930693069307}, 11.45050259202253)
[2024-06-02 12:38:01,117][flwr][INFO] - Sampling failed: number of available clients (10) is less than number of requested clients (25).
[2024-06-02 12:38:01,117][flwr][INFO] - evaluate_round 1: no clients selected, cancel
[2024-06-02 12:38:01,117][flwr][DEBUG] - fit_round 2: strategy sampled 10 clients (out of 10)
[2024-06-02 12:38:09,511][flwr][DEBUG] - fit_round 2 received 10 results and 0 failures
[2024-06-02 12:38:11,580][flwr][INFO] - fit progress: (2, 3.174184203147888, {'accuracy': 0.599009900990099}, 21.914274497015867)
[2024-06-02 12:38:11,581][flwr][INFO] - Sampling failed: number of available clients (10) is less than number of requested clients (25).
[2024-06-02 12:38:11,581][flwr][INFO] - evaluate_round 2: no clients selected, cancel
[2024-06-02 12:38:11,581][flwr][DEBUG] - fit_round 3: strategy sampled 10 clients (out of 10)
[2024-06-02 12:38:20,059][flwr][DEBUG] - fit_round 3 received 10 results and 0 failures
[2024-06-02 12:38:22,169][flwr][INFO] - fit progress: (3, 1.8169249296188354, {'accuracy': 0.599009900990099}, 32.502483975025825)
[2024-06-02 12:38:22,169][flwr][INFO] - Sampling failed: number of available clients (10) is less than number of requested clients (25).
[2024-06-02 12:38:22,169][flwr][INFO] - evaluate_round 3: no clients selected, cancel
[2024-06-02 12:38:22,171][flwr][DEBUG] - fit_round 4: strategy sampled 10 clients (out of 10)
[2024-06-02 12:38:31,767][flwr][DEBUG] - fit_round 4 received 10 results and 0 failures
[2024-06-02 12:38:34,162][flwr][INFO] - fit progress: (4, 1.6217409372329712, {'accuracy': 0.599009900990099}, 44.49629704002291)
[2024-06-02 12:38:34,163][flwr][INFO] - Sampling failed: number of available clients (10) is less than number of requested clients (25).
[2024-06-02 12:38:34,163][flwr][INFO] - evaluate_round 4: no clients selected, cancel
[2024-06-02 12:38:34,164][flwr][DEBUG] - fit_round 5: strategy sampled 10 clients (out of 10)
[2024-06-02 12:38:44,433][flwr][DEBUG] - fit_round 5 received 10 results and 0 failures
[2024-06-02 12:38:46,715][flwr][INFO] - fit progress: (5, 1.762851059436798, {'accuracy': 0.599009900990099}, 57.049127199017676)
[2024-06-02 12:38:46,716][flwr][INFO] - Sampling failed: number of available clients (10) is less than number of requested clients (25).
[2024-06-02 12:38:46,716][flwr][INFO] - evaluate_round 5: no clients selected, cancel
[2024-06-02 12:38:46,716][flwr][INFO] - FL finished in 57.04956633801339
[2024-06-02 12:38:46,716][flwr][INFO] - app_fit: losses_distributed []
[2024-06-02 12:38:46,716][flwr][INFO] - app_fit: metrics_distributed_fit {}
[2024-06-02 12:38:46,716][flwr][INFO] - app_fit: metrics_distributed {}
[2024-06-02 12:38:46,716][flwr][INFO] - app_fit: losses_centralized [(0, 4.537770986557007), (1, 4.195298433303833), (2, 3.174184203147888), (3, 1.8169249296188354), (4, 1.6217409372329712), (5, 1.762851059436798)]
[2024-06-02 12:38:46,716][flwr][INFO] - app_fit: metrics_centralized {'accuracy': [(0, 0.3118811881188119), (1, 0.4306930693069307), (2, 0.599009900990099), (3, 0.599009900990099), (4, 0.599009900990099), (5, 0.599009900990099)]}
