[2024-06-02 12:31:40,735][flwr][WARNING] - 
Setting `min_available_clients` lower than `min_fit_clients` or
`min_evaluate_clients` can cause the server to fail when there are too few clients
connected to the server. `min_available_clients` must be set to a value larger
than or equal to the values of `min_fit_clients` and `min_evaluate_clients`.

[2024-06-02 12:31:40,735][flwr][INFO] - Starting Flower simulation, config: ServerConfig(num_rounds=5, round_timeout=None)
[2024-06-02 12:31:44,321][flwr][INFO] - Flower VCE: Ray initialized with resources: {'CPU': 4.0, 'object_store_memory': 1084866969.0, 'node:192.168.43.209': 1.0, 'memory': 2169733940.0}
[2024-06-02 12:31:44,322][flwr][INFO] - Initializing global parameters
[2024-06-02 12:31:44,322][flwr][INFO] - Requesting initial parameters from one random client
[2024-06-02 12:31:44,934][flwr][INFO] - Received initial parameters from one random client
[2024-06-02 12:31:44,934][flwr][INFO] - Evaluating initial parameters
[2024-06-02 12:31:46,831][flwr][INFO] - initial parameters (loss, other metrics): 4.6711509227752686, {'accuracy': 0.0}
[2024-06-02 12:31:46,832][flwr][INFO] - FL starting
[2024-06-02 12:31:46,832][flwr][DEBUG] - fit_round 1: strategy sampled 10 clients (out of 10)
[2024-06-02 12:31:56,488][flwr][DEBUG] - fit_round 1 received 10 results and 0 failures
[2024-06-02 12:31:56,555][flwr][WARNING] - No fit_metrics_aggregation_fn provided
[2024-06-02 12:31:58,480][flwr][INFO] - fit progress: (1, 4.485162019729614, {'accuracy': 0.0}, 11.648548097000457)
[2024-06-02 12:31:58,481][flwr][INFO] - Sampling failed: number of available clients (10) is less than number of requested clients (25).
[2024-06-02 12:31:58,481][flwr][INFO] - evaluate_round 1: no clients selected, cancel
[2024-06-02 12:31:58,481][flwr][DEBUG] - fit_round 2: strategy sampled 10 clients (out of 10)
[2024-06-02 12:32:06,727][flwr][DEBUG] - fit_round 2 received 10 results and 0 failures
[2024-06-02 12:32:08,746][flwr][INFO] - fit progress: (2, 4.2759411334991455, {'accuracy': 0.599009900990099}, 21.914340978022665)
[2024-06-02 12:32:08,746][flwr][INFO] - Sampling failed: number of available clients (10) is less than number of requested clients (25).
[2024-06-02 12:32:08,746][flwr][INFO] - evaluate_round 2: no clients selected, cancel
[2024-06-02 12:32:08,747][flwr][DEBUG] - fit_round 3: strategy sampled 10 clients (out of 10)
[2024-06-02 12:32:17,102][flwr][DEBUG] - fit_round 3 received 10 results and 0 failures
[2024-06-02 12:32:19,126][flwr][INFO] - fit progress: (3, 3.838701605796814, {'accuracy': 0.599009900990099}, 32.294622954999795)
[2024-06-02 12:32:19,127][flwr][INFO] - Sampling failed: number of available clients (10) is less than number of requested clients (25).
[2024-06-02 12:32:19,127][flwr][INFO] - evaluate_round 3: no clients selected, cancel
[2024-06-02 12:32:19,127][flwr][DEBUG] - fit_round 4: strategy sampled 10 clients (out of 10)
[2024-06-02 12:32:27,947][flwr][DEBUG] - fit_round 4 received 10 results and 0 failures
[2024-06-02 12:32:30,212][flwr][INFO] - fit progress: (4, 2.566244602203369, {'accuracy': 0.599009900990099}, 43.38042206602404)
[2024-06-02 12:32:30,212][flwr][INFO] - Sampling failed: number of available clients (10) is less than number of requested clients (25).
[2024-06-02 12:32:30,212][flwr][INFO] - evaluate_round 4: no clients selected, cancel
[2024-06-02 12:32:30,213][flwr][DEBUG] - fit_round 5: strategy sampled 10 clients (out of 10)
[2024-06-02 12:32:39,461][flwr][DEBUG] - fit_round 5 received 10 results and 0 failures
[2024-06-02 12:32:41,651][flwr][INFO] - fit progress: (5, 1.5579581260681152, {'accuracy': 0.599009900990099}, 54.819498349010246)
[2024-06-02 12:32:41,651][flwr][INFO] - Sampling failed: number of available clients (10) is less than number of requested clients (25).
[2024-06-02 12:32:41,652][flwr][INFO] - evaluate_round 5: no clients selected, cancel
[2024-06-02 12:32:41,652][flwr][INFO] - FL finished in 54.81991173600545
[2024-06-02 12:32:41,652][flwr][INFO] - app_fit: losses_distributed []
[2024-06-02 12:32:41,652][flwr][INFO] - app_fit: metrics_distributed_fit {}
[2024-06-02 12:32:41,652][flwr][INFO] - app_fit: metrics_distributed {}
[2024-06-02 12:32:41,652][flwr][INFO] - app_fit: losses_centralized [(0, 4.6711509227752686), (1, 4.485162019729614), (2, 4.2759411334991455), (3, 3.838701605796814), (4, 2.566244602203369), (5, 1.5579581260681152)]
[2024-06-02 12:32:41,652][flwr][INFO] - app_fit: metrics_centralized {'accuracy': [(0, 0.0), (1, 0.0), (2, 0.599009900990099), (3, 0.599009900990099), (4, 0.599009900990099), (5, 0.599009900990099)]}
