[2024-05-31 16:00:32,334][flwr][INFO] - Starting Flower simulation, config: ServerConfig(num_rounds=3, round_timeout=None)
[2024-05-31 16:00:35,946][flwr][INFO] - Flower VCE: Ray initialized with resources: {'memory': 1694537319.0, 'CPU': 4.0, 'object_store_memory': 847268659.0, 'node:10.6.26.158': 1.0}
[2024-05-31 16:00:35,947][flwr][INFO] - Initializing global parameters
[2024-05-31 16:00:35,947][flwr][INFO] - Requesting initial parameters from one random client
[2024-05-31 16:00:36,600][flwr][INFO] - Received initial parameters from one random client
[2024-05-31 16:00:36,600][flwr][INFO] - Evaluating initial parameters
[2024-05-31 16:00:37,712][flwr][INFO] - initial parameters (loss, other metrics): 182.15569424629211, {'accuracy': 0.1016}
[2024-05-31 16:00:37,712][flwr][INFO] - FL starting
[2024-05-31 16:00:37,712][flwr][DEBUG] - fit_round 1: strategy sampled 10 clients (out of 100)
[2024-05-31 16:00:41,240][flwr][DEBUG] - fit_round 1 received 10 results and 0 failures
[2024-05-31 16:00:41,252][flwr][WARNING] - No fit_metrics_aggregation_fn provided
[2024-05-31 16:00:42,399][flwr][INFO] - fit progress: (1, 180.44554924964905, {'accuracy': 0.1669}, 4.686495947011281)
[2024-05-31 16:00:42,399][flwr][DEBUG] - evaluate_round 1: strategy sampled 25 clients (out of 100)
[2024-05-31 16:00:48,209][flwr][DEBUG] - evaluate_round 1 received 25 results and 0 failures
[2024-05-31 16:00:48,209][flwr][WARNING] - No evaluate_metrics_aggregation_fn provided
[2024-05-31 16:00:48,209][flwr][DEBUG] - fit_round 2: strategy sampled 10 clients (out of 100)
[2024-05-31 16:00:50,576][flwr][DEBUG] - fit_round 2 received 10 results and 0 failures
[2024-05-31 16:00:51,711][flwr][INFO] - fit progress: (2, 177.75062227249146, {'accuracy': 0.2113}, 13.999425289017381)
[2024-05-31 16:00:51,712][flwr][DEBUG] - evaluate_round 2: strategy sampled 25 clients (out of 100)
[2024-05-31 16:00:54,461][flwr][DEBUG] - evaluate_round 2 received 25 results and 0 failures
[2024-05-31 16:00:54,461][flwr][DEBUG] - fit_round 3: strategy sampled 10 clients (out of 100)
[2024-05-31 16:00:56,616][flwr][DEBUG] - fit_round 3 received 10 results and 0 failures
[2024-05-31 16:00:57,722][flwr][INFO] - fit progress: (3, 169.04406809806824, {'accuracy': 0.4775}, 20.0096575160278)
[2024-05-31 16:00:57,722][flwr][DEBUG] - evaluate_round 3: strategy sampled 25 clients (out of 100)
[2024-05-31 16:01:00,633][flwr][DEBUG] - evaluate_round 3 received 25 results and 0 failures
[2024-05-31 16:01:00,633][flwr][INFO] - FL finished in 22.92068288201699
[2024-05-31 16:01:00,633][flwr][INFO] - app_fit: losses_distributed [(1, 4.56712158203125), (2, 4.502166805267334), (3, 4.278757085800171)]
[2024-05-31 16:01:00,633][flwr][INFO] - app_fit: metrics_distributed_fit {}
[2024-05-31 16:01:00,633][flwr][INFO] - app_fit: metrics_distributed {}
[2024-05-31 16:01:00,633][flwr][INFO] - app_fit: losses_centralized [(0, 182.15569424629211), (1, 180.44554924964905), (2, 177.75062227249146), (3, 169.04406809806824)]
[2024-05-31 16:01:00,633][flwr][INFO] - app_fit: metrics_centralized {'accuracy': [(0, 0.1016), (1, 0.1669), (2, 0.2113), (3, 0.4775)]}
