[2024-06-04 13:01:06,022][flwr][INFO] - Starting Flower simulation, config: ServerConfig(num_rounds=2, round_timeout=None)
[2024-06-04 13:01:09,613][flwr][INFO] - Flower VCE: Ray initialized with resources: {'memory': 2917173659.0, 'node:192.168.43.209': 1.0, 'object_store_memory': 1458586828.0, 'CPU': 4.0}
[2024-06-04 13:01:09,614][flwr][INFO] - Initializing global parameters
[2024-06-04 13:01:09,614][flwr][INFO] - Requesting initial parameters from one random client
[2024-06-04 13:01:10,223][flwr][INFO] - Received initial parameters from one random client
[2024-06-04 13:01:10,223][flwr][INFO] - Evaluating initial parameters
[2024-06-04 13:01:12,116][flwr][INFO] - initial parameters (loss, other metrics): 4.820565938949585, {'accuracy': 0.0}
[2024-06-04 13:01:12,116][flwr][INFO] - FL starting
[2024-06-04 13:01:12,116][flwr][DEBUG] - fit_round 1: strategy sampled 10 clients (out of 20)
[2024-06-04 13:01:17,889][flwr][DEBUG] - fit_round 1 received 10 results and 0 failures
[2024-06-04 13:01:17,949][flwr][WARNING] - No fit_metrics_aggregation_fn provided
[2024-06-04 13:01:19,798][flwr][INFO] - fit progress: (1, 4.726688861846924, {'accuracy': 0.0}, 7.681875512000033)
[2024-06-04 13:01:19,798][flwr][DEBUG] - evaluate_round 1: strategy sampled 15 clients (out of 20)
[2024-06-04 13:01:21,126][flwr][DEBUG] - evaluate_round 1 received 15 results and 0 failures
[2024-06-04 13:01:21,126][flwr][WARNING] - No evaluate_metrics_aggregation_fn provided
[2024-06-04 13:01:21,127][flwr][DEBUG] - fit_round 2: strategy sampled 10 clients (out of 20)
[2024-06-04 13:01:26,424][flwr][DEBUG] - fit_round 2 received 10 results and 0 failures
[2024-06-04 13:01:28,370][flwr][INFO] - fit progress: (2, 4.658944129943848, {'accuracy': 0.0049504950495049506}, 16.25431638200007)
[2024-06-04 13:01:28,371][flwr][DEBUG] - evaluate_round 2: strategy sampled 15 clients (out of 20)
[2024-06-04 13:01:29,592][flwr][DEBUG] - evaluate_round 2 received 15 results and 0 failures
[2024-06-04 13:01:29,592][flwr][INFO] - FL finished in 17.476297746
[2024-06-04 13:01:29,593][flwr][INFO] - app_fit: losses_distributed [(1, 2.356442864735921), (2, 2.321557712554932)]
[2024-06-04 13:01:29,593][flwr][INFO] - app_fit: metrics_distributed_fit {}
[2024-06-04 13:01:29,593][flwr][INFO] - app_fit: metrics_distributed {}
[2024-06-04 13:01:29,593][flwr][INFO] - app_fit: losses_centralized [(0, 4.820565938949585), (1, 4.726688861846924), (2, 4.658944129943848)]
[2024-06-04 13:01:29,593][flwr][INFO] - app_fit: metrics_centralized {'accuracy': [(0, 0.0), (1, 0.0), (2, 0.0049504950495049506)]}
