[2024-06-04 12:19:20,625][flwr][INFO] - Starting Flower simulation, config: ServerConfig(num_rounds=3, round_timeout=None)
[2024-06-04 12:19:23,204][flwr][INFO] - Flower VCE: Ray initialized with resources: {'CPU': 4.0, 'node:192.168.43.209': 1.0, 'memory': 2741283227.0, 'object_store_memory': 1370641612.0}
[2024-06-04 12:19:23,205][flwr][INFO] - Initializing global parameters
[2024-06-04 12:19:23,205][flwr][INFO] - Requesting initial parameters from one random client
[2024-06-04 12:19:23,818][flwr][INFO] - Received initial parameters from one random client
[2024-06-04 12:19:23,819][flwr][INFO] - Evaluating initial parameters
[2024-06-04 12:19:25,669][flwr][INFO] - initial parameters (loss, other metrics): 4.649764537811279, {'accuracy': 0.0}
[2024-06-04 12:19:25,669][flwr][INFO] - FL starting
[2024-06-04 12:19:25,669][flwr][DEBUG] - fit_round 1: strategy sampled 10 clients (out of 20)
[2024-06-04 12:19:31,535][flwr][DEBUG] - fit_round 1 received 10 results and 0 failures
[2024-06-04 12:19:31,596][flwr][WARNING] - No fit_metrics_aggregation_fn provided
[2024-06-04 12:19:33,461][flwr][INFO] - fit progress: (1, 4.421851396560669, {'accuracy': 0.01485148514851485}, 7.791421210000408)
[2024-06-04 12:19:33,461][flwr][DEBUG] - evaluate_round 1: strategy sampled 10 clients (out of 20)
[2024-06-04 12:19:34,439][flwr][DEBUG] - evaluate_round 1 received 10 results and 0 failures
[2024-06-04 12:19:34,439][flwr][WARNING] - No evaluate_metrics_aggregation_fn provided
[2024-06-04 12:19:34,439][flwr][DEBUG] - fit_round 2: strategy sampled 10 clients (out of 20)
[2024-06-04 12:19:39,064][flwr][DEBUG] - fit_round 2 received 10 results and 0 failures
[2024-06-04 12:19:40,945][flwr][INFO] - fit progress: (2, 4.168346166610718, {'accuracy': 0.5792079207920792}, 15.275529426000503)
[2024-06-04 12:19:40,945][flwr][DEBUG] - evaluate_round 2: strategy sampled 10 clients (out of 20)
[2024-06-04 12:19:41,886][flwr][DEBUG] - evaluate_round 2 received 10 results and 0 failures
[2024-06-04 12:19:41,887][flwr][DEBUG] - fit_round 3: strategy sampled 10 clients (out of 20)
[2024-06-04 12:19:46,598][flwr][DEBUG] - fit_round 3 received 10 results and 0 failures
[2024-06-04 12:19:48,556][flwr][INFO] - fit progress: (3, 3.6207308769226074, {'accuracy': 0.594059405940594}, 22.887371722999887)
[2024-06-04 12:19:48,557][flwr][DEBUG] - evaluate_round 3: strategy sampled 10 clients (out of 20)
[2024-06-04 12:19:49,614][flwr][DEBUG] - evaluate_round 3 received 10 results and 0 failures
[2024-06-04 12:19:49,614][flwr][INFO] - FL finished in 23.944646377000026
[2024-06-04 12:19:49,614][flwr][INFO] - app_fit: losses_distributed [(1, 2.218157744407654), (2, 2.0808136224746705), (3, 1.7783890247344971)]
[2024-06-04 12:19:49,614][flwr][INFO] - app_fit: metrics_distributed_fit {}
[2024-06-04 12:19:49,614][flwr][INFO] - app_fit: metrics_distributed {}
[2024-06-04 12:19:49,614][flwr][INFO] - app_fit: losses_centralized [(0, 4.649764537811279), (1, 4.421851396560669), (2, 4.168346166610718), (3, 3.6207308769226074)]
[2024-06-04 12:19:49,614][flwr][INFO] - app_fit: metrics_centralized {'accuracy': [(0, 0.0), (1, 0.01485148514851485), (2, 0.5792079207920792), (3, 0.594059405940594)]}
