[2024-05-31 15:23:48,488][flwr][INFO] - Starting Flower simulation, config: ServerConfig(num_rounds=10, round_timeout=None)
[2024-05-31 15:23:52,106][flwr][INFO] - Flower VCE: Ray initialized with resources: {'CPU': 4.0, 'object_store_memory': 1173347942.0, 'node:10.6.26.158': 1.0, 'memory': 2346695886.0}
[2024-05-31 15:23:52,107][flwr][INFO] - Initializing global parameters
[2024-05-31 15:23:52,107][flwr][INFO] - Requesting initial parameters from one random client
[2024-05-31 15:23:52,770][flwr][INFO] - Received initial parameters from one random client
[2024-05-31 15:23:52,770][flwr][INFO] - Evaluating initial parameters
[2024-05-31 15:23:53,876][flwr][INFO] - initial parameters (loss, other metrics): 182.0977430343628, {'accuracy': 0.109}
[2024-05-31 15:23:53,876][flwr][INFO] - FL starting
[2024-05-31 15:23:53,876][flwr][DEBUG] - fit_round 1: strategy sampled 10 clients (out of 100)
[2024-05-31 15:23:57,180][flwr][DEBUG] - fit_round 1 received 10 results and 0 failures
[2024-05-31 15:23:57,191][flwr][WARNING] - No fit_metrics_aggregation_fn provided
[2024-05-31 15:23:58,288][flwr][INFO] - fit progress: (1, 181.011643409729, {'accuracy': 0.1648}, 4.411337055003969)
[2024-05-31 15:23:58,288][flwr][DEBUG] - evaluate_round 1: strategy sampled 25 clients (out of 100)
[2024-05-31 15:24:00,916][flwr][DEBUG] - evaluate_round 1 received 25 results and 0 failures
[2024-05-31 15:24:00,916][flwr][WARNING] - No evaluate_metrics_aggregation_fn provided
[2024-05-31 15:24:00,916][flwr][DEBUG] - fit_round 2: strategy sampled 10 clients (out of 100)
[2024-05-31 15:24:02,915][flwr][DEBUG] - fit_round 2 received 10 results and 0 failures
[2024-05-31 15:24:04,024][flwr][INFO] - fit progress: (2, 179.4964463710785, {'accuracy': 0.188}, 10.148050493007759)
[2024-05-31 15:24:04,025][flwr][DEBUG] - evaluate_round 2: strategy sampled 25 clients (out of 100)
[2024-05-31 15:24:06,926][flwr][DEBUG] - evaluate_round 2 received 25 results and 0 failures
[2024-05-31 15:24:06,926][flwr][DEBUG] - fit_round 3: strategy sampled 10 clients (out of 100)
[2024-05-31 15:24:09,270][flwr][DEBUG] - fit_round 3 received 10 results and 0 failures
[2024-05-31 15:24:10,393][flwr][INFO] - fit progress: (3, 176.0312578678131, {'accuracy': 0.2261}, 16.516575877991272)
[2024-05-31 15:24:10,393][flwr][DEBUG] - evaluate_round 3: strategy sampled 25 clients (out of 100)
[2024-05-31 15:24:12,909][flwr][DEBUG] - evaluate_round 3 received 25 results and 0 failures
[2024-05-31 15:24:12,910][flwr][DEBUG] - fit_round 4: strategy sampled 10 clients (out of 100)
[2024-05-31 15:24:14,982][flwr][DEBUG] - fit_round 4 received 10 results and 0 failures
[2024-05-31 15:24:16,144][flwr][INFO] - fit progress: (4, 163.1920646429062, {'accuracy': 0.4124}, 22.268097172986018)
[2024-05-31 15:24:16,145][flwr][DEBUG] - evaluate_round 4: strategy sampled 25 clients (out of 100)
[2024-05-31 15:24:18,608][flwr][DEBUG] - evaluate_round 4 received 25 results and 0 failures
[2024-05-31 15:24:18,609][flwr][DEBUG] - fit_round 5: strategy sampled 10 clients (out of 100)
[2024-05-31 15:24:20,700][flwr][DEBUG] - fit_round 5 received 10 results and 0 failures
[2024-05-31 15:24:21,802][flwr][INFO] - fit progress: (5, 105.91931796073914, {'accuracy': 0.6685}, 27.92541283200262)
[2024-05-31 15:24:21,802][flwr][DEBUG] - evaluate_round 5: strategy sampled 25 clients (out of 100)
[2024-05-31 15:24:24,339][flwr][DEBUG] - evaluate_round 5 received 25 results and 0 failures
[2024-05-31 15:24:24,339][flwr][DEBUG] - fit_round 6: strategy sampled 10 clients (out of 100)
[2024-05-31 15:24:26,364][flwr][DEBUG] - fit_round 6 received 10 results and 0 failures
[2024-05-31 15:24:27,471][flwr][INFO] - fit progress: (6, 61.69101592898369, {'accuracy': 0.7686}, 33.59448209099355)
[2024-05-31 15:24:27,471][flwr][DEBUG] - evaluate_round 6: strategy sampled 25 clients (out of 100)
[2024-05-31 15:24:30,184][flwr][DEBUG] - evaluate_round 6 received 25 results and 0 failures
[2024-05-31 15:24:30,185][flwr][DEBUG] - fit_round 7: strategy sampled 10 clients (out of 100)
[2024-05-31 15:24:32,313][flwr][DEBUG] - fit_round 7 received 10 results and 0 failures
[2024-05-31 15:24:33,570][flwr][INFO] - fit progress: (7, 46.37902672588825, {'accuracy': 0.8438}, 39.69345466699451)
[2024-05-31 15:24:33,570][flwr][DEBUG] - evaluate_round 7: strategy sampled 25 clients (out of 100)
[2024-05-31 15:24:36,211][flwr][DEBUG] - evaluate_round 7 received 25 results and 0 failures
[2024-05-31 15:24:36,212][flwr][DEBUG] - fit_round 8: strategy sampled 10 clients (out of 100)
[2024-05-31 15:24:38,329][flwr][DEBUG] - fit_round 8 received 10 results and 0 failures
[2024-05-31 15:24:39,525][flwr][INFO] - fit progress: (8, 36.74987022578716, {'accuracy': 0.8593}, 45.64862128699315)
[2024-05-31 15:24:39,525][flwr][DEBUG] - evaluate_round 8: strategy sampled 25 clients (out of 100)
[2024-05-31 15:24:42,270][flwr][DEBUG] - evaluate_round 8 received 25 results and 0 failures
[2024-05-31 15:24:42,271][flwr][DEBUG] - fit_round 9: strategy sampled 10 clients (out of 100)
[2024-05-31 15:24:44,436][flwr][DEBUG] - fit_round 9 received 10 results and 0 failures
[2024-05-31 15:24:45,628][flwr][INFO] - fit progress: (9, 31.32546802610159, {'accuracy': 0.8926}, 51.751562430989)
[2024-05-31 15:24:45,628][flwr][DEBUG] - evaluate_round 9: strategy sampled 25 clients (out of 100)
[2024-05-31 15:24:48,270][flwr][DEBUG] - evaluate_round 9 received 25 results and 0 failures
[2024-05-31 15:24:48,271][flwr][DEBUG] - fit_round 10: strategy sampled 10 clients (out of 100)
[2024-05-31 15:24:50,407][flwr][DEBUG] - fit_round 10 received 10 results and 0 failures
[2024-05-31 15:24:51,614][flwr][INFO] - fit progress: (10, 26.84683983772993, {'accuracy': 0.9014}, 57.73747556799208)
[2024-05-31 15:24:51,614][flwr][DEBUG] - evaluate_round 10: strategy sampled 25 clients (out of 100)
[2024-05-31 15:24:54,491][flwr][DEBUG] - evaluate_round 10 received 25 results and 0 failures
[2024-05-31 15:24:54,491][flwr][INFO] - FL finished in 60.614632031996734
[2024-05-31 15:24:54,491][flwr][INFO] - app_fit: losses_distributed [(1, 4.580625715255738), (2, 4.547373542785644), (3, 4.459265413284302), (4, 4.1499072265625), (5, 2.6821388959884644), (6, 1.5455695617198943), (7, 1.1742092204093932), (8, 0.9634506660699844), (9, 0.8210504478216172), (10, 0.7426175463199616)]
[2024-05-31 15:24:54,491][flwr][INFO] - app_fit: metrics_distributed_fit {}
[2024-05-31 15:24:54,491][flwr][INFO] - app_fit: metrics_distributed {}
[2024-05-31 15:24:54,491][flwr][INFO] - app_fit: losses_centralized [(0, 182.0977430343628), (1, 181.011643409729), (2, 179.4964463710785), (3, 176.0312578678131), (4, 163.1920646429062), (5, 105.91931796073914), (6, 61.69101592898369), (7, 46.37902672588825), (8, 36.74987022578716), (9, 31.32546802610159), (10, 26.84683983772993)]
[2024-05-31 15:24:54,492][flwr][INFO] - app_fit: metrics_centralized {'accuracy': [(0, 0.109), (1, 0.1648), (2, 0.188), (3, 0.2261), (4, 0.4124), (5, 0.6685), (6, 0.7686), (7, 0.8438), (8, 0.8593), (9, 0.8926), (10, 0.9014)]}
