[2024-06-02 12:15:16,330][flwr][INFO] - Starting Flower simulation, config: ServerConfig(num_rounds=3, round_timeout=None)
[2024-06-02 12:15:18,949][flwr][INFO] - Flower VCE: Ray initialized with resources: {'node:192.168.43.209': 1.0, 'object_store_memory': 1122497740.0, 'CPU': 4.0, 'memory': 2244995483.0}
[2024-06-02 12:15:18,949][flwr][INFO] - Initializing global parameters
[2024-06-02 12:15:18,949][flwr][INFO] - Requesting initial parameters from one random client
[2024-06-02 12:15:19,590][flwr][INFO] - Received initial parameters from one random client
[2024-06-02 12:15:19,590][flwr][INFO] - Evaluating initial parameters
[2024-06-02 12:15:19,724][flwr][INFO] - initial parameters (loss, other metrics): 2.354691743850708, {'accuracy': 0.0}
[2024-06-02 12:15:19,725][flwr][INFO] - FL starting
[2024-06-02 12:15:19,725][flwr][DEBUG] - fit_round 1: strategy sampled 5 clients (out of 5)
[2024-06-02 12:15:21,942][flwr][DEBUG] - fit_round 1 received 5 results and 0 failures
[2024-06-02 12:15:21,998][flwr][WARNING] - No fit_metrics_aggregation_fn provided
[2024-06-02 12:15:22,143][flwr][INFO] - fit progress: (1, 2.334165334701538, {'accuracy': 0.0}, 2.4183367869991343)
[2024-06-02 12:15:22,143][flwr][DEBUG] - evaluate_round 1: strategy sampled 5 clients (out of 5)
[2024-06-02 12:15:22,320][flwr][ERROR] - [36mray::launch_and_evaluate()[39m (pid=823704, ip=192.168.43.209)
  File "/home/priyanka/miniconda3/envs/flower/lib/python3.8/site-packages/flwr/simulation/ray_transport/ray_client_proxy.py", line 160, in launch_and_evaluate
    return maybe_call_evaluate(
  File "/home/priyanka/miniconda3/envs/flower/lib/python3.8/site-packages/flwr/client/client.py", line 205, in maybe_call_evaluate
    return client.evaluate(evaluate_ins)
  File "/home/priyanka/miniconda3/envs/flower/lib/python3.8/site-packages/flwr/client/app.py", line 321, in _evaluate
    results = self.numpy_client.evaluate(parameters, ins.config)  # type: ignore
  File "/home/priyanka/Downloads/Flower_Setup_copy/client.py", line 37, in evaluate
    loss, accuracy = test(self.model, self.valloader, self.device)
  File "/home/priyanka/Downloads/Flower_Setup_copy/model.py", line 53, in test
    accuracy = correct / len(testloader.dataset)
ZeroDivisionError: division by zero
[2024-06-02 12:15:22,394][flwr][ERROR] - [36mray::launch_and_evaluate()[39m (pid=823702, ip=192.168.43.209)
  File "/home/priyanka/miniconda3/envs/flower/lib/python3.8/site-packages/flwr/simulation/ray_transport/ray_client_proxy.py", line 160, in launch_and_evaluate
    return maybe_call_evaluate(
  File "/home/priyanka/miniconda3/envs/flower/lib/python3.8/site-packages/flwr/client/client.py", line 205, in maybe_call_evaluate
    return client.evaluate(evaluate_ins)
  File "/home/priyanka/miniconda3/envs/flower/lib/python3.8/site-packages/flwr/client/app.py", line 321, in _evaluate
    results = self.numpy_client.evaluate(parameters, ins.config)  # type: ignore
  File "/home/priyanka/Downloads/Flower_Setup_copy/client.py", line 37, in evaluate
    loss, accuracy = test(self.model, self.valloader, self.device)
  File "/home/priyanka/Downloads/Flower_Setup_copy/model.py", line 53, in test
    accuracy = correct / len(testloader.dataset)
ZeroDivisionError: division by zero
[2024-06-02 12:15:22,412][flwr][ERROR] - [36mray::launch_and_evaluate()[39m (pid=823703, ip=192.168.43.209)
  File "/home/priyanka/miniconda3/envs/flower/lib/python3.8/site-packages/flwr/simulation/ray_transport/ray_client_proxy.py", line 160, in launch_and_evaluate
    return maybe_call_evaluate(
  File "/home/priyanka/miniconda3/envs/flower/lib/python3.8/site-packages/flwr/client/client.py", line 205, in maybe_call_evaluate
    return client.evaluate(evaluate_ins)
  File "/home/priyanka/miniconda3/envs/flower/lib/python3.8/site-packages/flwr/client/app.py", line 321, in _evaluate
    results = self.numpy_client.evaluate(parameters, ins.config)  # type: ignore
  File "/home/priyanka/Downloads/Flower_Setup_copy/client.py", line 37, in evaluate
    loss, accuracy = test(self.model, self.valloader, self.device)
  File "/home/priyanka/Downloads/Flower_Setup_copy/model.py", line 53, in test
    accuracy = correct / len(testloader.dataset)
ZeroDivisionError: division by zero
[2024-06-02 12:15:22,417][flwr][ERROR] - [36mray::launch_and_evaluate()[39m (pid=823701, ip=192.168.43.209)
  File "/home/priyanka/miniconda3/envs/flower/lib/python3.8/site-packages/flwr/simulation/ray_transport/ray_client_proxy.py", line 160, in launch_and_evaluate
    return maybe_call_evaluate(
  File "/home/priyanka/miniconda3/envs/flower/lib/python3.8/site-packages/flwr/client/client.py", line 205, in maybe_call_evaluate
    return client.evaluate(evaluate_ins)
  File "/home/priyanka/miniconda3/envs/flower/lib/python3.8/site-packages/flwr/client/app.py", line 321, in _evaluate
    results = self.numpy_client.evaluate(parameters, ins.config)  # type: ignore
  File "/home/priyanka/Downloads/Flower_Setup_copy/client.py", line 37, in evaluate
    loss, accuracy = test(self.model, self.valloader, self.device)
  File "/home/priyanka/Downloads/Flower_Setup_copy/model.py", line 53, in test
    accuracy = correct / len(testloader.dataset)
ZeroDivisionError: division by zero
[2024-06-02 12:15:22,466][flwr][ERROR] - [36mray::launch_and_evaluate()[39m (pid=823704, ip=192.168.43.209)
  File "/home/priyanka/miniconda3/envs/flower/lib/python3.8/site-packages/flwr/simulation/ray_transport/ray_client_proxy.py", line 160, in launch_and_evaluate
    return maybe_call_evaluate(
  File "/home/priyanka/miniconda3/envs/flower/lib/python3.8/site-packages/flwr/client/client.py", line 205, in maybe_call_evaluate
    return client.evaluate(evaluate_ins)
  File "/home/priyanka/miniconda3/envs/flower/lib/python3.8/site-packages/flwr/client/app.py", line 321, in _evaluate
    results = self.numpy_client.evaluate(parameters, ins.config)  # type: ignore
  File "/home/priyanka/Downloads/Flower_Setup_copy/client.py", line 37, in evaluate
    loss, accuracy = test(self.model, self.valloader, self.device)
  File "/home/priyanka/Downloads/Flower_Setup_copy/model.py", line 53, in test
    accuracy = correct / len(testloader.dataset)
ZeroDivisionError: division by zero
[2024-06-02 12:15:22,467][flwr][DEBUG] - evaluate_round 1 received 0 results and 5 failures
[2024-06-02 12:15:22,467][flwr][DEBUG] - fit_round 2: strategy sampled 5 clients (out of 5)
[2024-06-02 12:15:23,233][flwr][DEBUG] - fit_round 2 received 5 results and 0 failures
[2024-06-02 12:15:23,416][flwr][INFO] - fit progress: (2, 2.3153538703918457, {'accuracy': 0.125}, 3.6914107910124585)
[2024-06-02 12:15:23,416][flwr][DEBUG] - evaluate_round 2: strategy sampled 5 clients (out of 5)
[2024-06-02 12:15:23,636][flwr][ERROR] - [36mray::launch_and_evaluate()[39m (pid=823701, ip=192.168.43.209)
  File "/home/priyanka/miniconda3/envs/flower/lib/python3.8/site-packages/flwr/simulation/ray_transport/ray_client_proxy.py", line 160, in launch_and_evaluate
    return maybe_call_evaluate(
  File "/home/priyanka/miniconda3/envs/flower/lib/python3.8/site-packages/flwr/client/client.py", line 205, in maybe_call_evaluate
    return client.evaluate(evaluate_ins)
  File "/home/priyanka/miniconda3/envs/flower/lib/python3.8/site-packages/flwr/client/app.py", line 321, in _evaluate
    results = self.numpy_client.evaluate(parameters, ins.config)  # type: ignore
  File "/home/priyanka/Downloads/Flower_Setup_copy/client.py", line 37, in evaluate
    loss, accuracy = test(self.model, self.valloader, self.device)
  File "/home/priyanka/Downloads/Flower_Setup_copy/model.py", line 53, in test
    accuracy = correct / len(testloader.dataset)
ZeroDivisionError: division by zero
[2024-06-02 12:15:23,636][flwr][ERROR] - [36mray::launch_and_evaluate()[39m (pid=823703, ip=192.168.43.209)
  File "/home/priyanka/miniconda3/envs/flower/lib/python3.8/site-packages/flwr/simulation/ray_transport/ray_client_proxy.py", line 160, in launch_and_evaluate
    return maybe_call_evaluate(
  File "/home/priyanka/miniconda3/envs/flower/lib/python3.8/site-packages/flwr/client/client.py", line 205, in maybe_call_evaluate
    return client.evaluate(evaluate_ins)
  File "/home/priyanka/miniconda3/envs/flower/lib/python3.8/site-packages/flwr/client/app.py", line 321, in _evaluate
    results = self.numpy_client.evaluate(parameters, ins.config)  # type: ignore
  File "/home/priyanka/Downloads/Flower_Setup_copy/client.py", line 37, in evaluate
    loss, accuracy = test(self.model, self.valloader, self.device)
  File "/home/priyanka/Downloads/Flower_Setup_copy/model.py", line 53, in test
    accuracy = correct / len(testloader.dataset)
ZeroDivisionError: division by zero
[2024-06-02 12:15:23,644][flwr][ERROR] - [36mray::launch_and_evaluate()[39m (pid=823704, ip=192.168.43.209)
  File "/home/priyanka/miniconda3/envs/flower/lib/python3.8/site-packages/flwr/simulation/ray_transport/ray_client_proxy.py", line 160, in launch_and_evaluate
    return maybe_call_evaluate(
  File "/home/priyanka/miniconda3/envs/flower/lib/python3.8/site-packages/flwr/client/client.py", line 205, in maybe_call_evaluate
    return client.evaluate(evaluate_ins)
  File "/home/priyanka/miniconda3/envs/flower/lib/python3.8/site-packages/flwr/client/app.py", line 321, in _evaluate
    results = self.numpy_client.evaluate(parameters, ins.config)  # type: ignore
  File "/home/priyanka/Downloads/Flower_Setup_copy/client.py", line 37, in evaluate
    loss, accuracy = test(self.model, self.valloader, self.device)
  File "/home/priyanka/Downloads/Flower_Setup_copy/model.py", line 53, in test
    accuracy = correct / len(testloader.dataset)
ZeroDivisionError: division by zero
[2024-06-02 12:15:23,648][flwr][ERROR] - [36mray::launch_and_evaluate()[39m (pid=823702, ip=192.168.43.209)
  File "/home/priyanka/miniconda3/envs/flower/lib/python3.8/site-packages/flwr/simulation/ray_transport/ray_client_proxy.py", line 160, in launch_and_evaluate
    return maybe_call_evaluate(
  File "/home/priyanka/miniconda3/envs/flower/lib/python3.8/site-packages/flwr/client/client.py", line 205, in maybe_call_evaluate
    return client.evaluate(evaluate_ins)
  File "/home/priyanka/miniconda3/envs/flower/lib/python3.8/site-packages/flwr/client/app.py", line 321, in _evaluate
    results = self.numpy_client.evaluate(parameters, ins.config)  # type: ignore
  File "/home/priyanka/Downloads/Flower_Setup_copy/client.py", line 37, in evaluate
    loss, accuracy = test(self.model, self.valloader, self.device)
  File "/home/priyanka/Downloads/Flower_Setup_copy/model.py", line 53, in test
    accuracy = correct / len(testloader.dataset)
ZeroDivisionError: division by zero
[2024-06-02 12:15:23,711][flwr][ERROR] - [36mray::launch_and_evaluate()[39m (pid=823701, ip=192.168.43.209)
  File "/home/priyanka/miniconda3/envs/flower/lib/python3.8/site-packages/flwr/simulation/ray_transport/ray_client_proxy.py", line 160, in launch_and_evaluate
    return maybe_call_evaluate(
  File "/home/priyanka/miniconda3/envs/flower/lib/python3.8/site-packages/flwr/client/client.py", line 205, in maybe_call_evaluate
    return client.evaluate(evaluate_ins)
  File "/home/priyanka/miniconda3/envs/flower/lib/python3.8/site-packages/flwr/client/app.py", line 321, in _evaluate
    results = self.numpy_client.evaluate(parameters, ins.config)  # type: ignore
  File "/home/priyanka/Downloads/Flower_Setup_copy/client.py", line 37, in evaluate
    loss, accuracy = test(self.model, self.valloader, self.device)
  File "/home/priyanka/Downloads/Flower_Setup_copy/model.py", line 53, in test
    accuracy = correct / len(testloader.dataset)
ZeroDivisionError: division by zero
[2024-06-02 12:15:23,712][flwr][DEBUG] - evaluate_round 2 received 0 results and 5 failures
[2024-06-02 12:15:23,712][flwr][DEBUG] - fit_round 3: strategy sampled 5 clients (out of 5)
[2024-06-02 12:15:24,467][flwr][DEBUG] - fit_round 3 received 5 results and 0 failures
[2024-06-02 12:15:24,657][flwr][INFO] - fit progress: (3, 2.2942259311676025, {'accuracy': 0.125}, 4.932201239018468)
[2024-06-02 12:15:24,657][flwr][DEBUG] - evaluate_round 3: strategy sampled 5 clients (out of 5)
[2024-06-02 12:15:24,875][flwr][ERROR] - [36mray::launch_and_evaluate()[39m (pid=823701, ip=192.168.43.209)
  File "/home/priyanka/miniconda3/envs/flower/lib/python3.8/site-packages/flwr/simulation/ray_transport/ray_client_proxy.py", line 160, in launch_and_evaluate
    return maybe_call_evaluate(
  File "/home/priyanka/miniconda3/envs/flower/lib/python3.8/site-packages/flwr/client/client.py", line 205, in maybe_call_evaluate
    return client.evaluate(evaluate_ins)
  File "/home/priyanka/miniconda3/envs/flower/lib/python3.8/site-packages/flwr/client/app.py", line 321, in _evaluate
    results = self.numpy_client.evaluate(parameters, ins.config)  # type: ignore
  File "/home/priyanka/Downloads/Flower_Setup_copy/client.py", line 37, in evaluate
    loss, accuracy = test(self.model, self.valloader, self.device)
  File "/home/priyanka/Downloads/Flower_Setup_copy/model.py", line 53, in test
    accuracy = correct / len(testloader.dataset)
ZeroDivisionError: division by zero
[2024-06-02 12:15:24,876][flwr][ERROR] - [36mray::launch_and_evaluate()[39m (pid=823702, ip=192.168.43.209)
  File "/home/priyanka/miniconda3/envs/flower/lib/python3.8/site-packages/flwr/simulation/ray_transport/ray_client_proxy.py", line 160, in launch_and_evaluate
    return maybe_call_evaluate(
  File "/home/priyanka/miniconda3/envs/flower/lib/python3.8/site-packages/flwr/client/client.py", line 205, in maybe_call_evaluate
    return client.evaluate(evaluate_ins)
  File "/home/priyanka/miniconda3/envs/flower/lib/python3.8/site-packages/flwr/client/app.py", line 321, in _evaluate
    results = self.numpy_client.evaluate(parameters, ins.config)  # type: ignore
  File "/home/priyanka/Downloads/Flower_Setup_copy/client.py", line 37, in evaluate
    loss, accuracy = test(self.model, self.valloader, self.device)
  File "/home/priyanka/Downloads/Flower_Setup_copy/model.py", line 53, in test
    accuracy = correct / len(testloader.dataset)
ZeroDivisionError: division by zero
[2024-06-02 12:15:24,879][flwr][ERROR] - [36mray::launch_and_evaluate()[39m (pid=823704, ip=192.168.43.209)
  File "/home/priyanka/miniconda3/envs/flower/lib/python3.8/site-packages/flwr/simulation/ray_transport/ray_client_proxy.py", line 160, in launch_and_evaluate
    return maybe_call_evaluate(
  File "/home/priyanka/miniconda3/envs/flower/lib/python3.8/site-packages/flwr/client/client.py", line 205, in maybe_call_evaluate
    return client.evaluate(evaluate_ins)
  File "/home/priyanka/miniconda3/envs/flower/lib/python3.8/site-packages/flwr/client/app.py", line 321, in _evaluate
    results = self.numpy_client.evaluate(parameters, ins.config)  # type: ignore
  File "/home/priyanka/Downloads/Flower_Setup_copy/client.py", line 37, in evaluate
    loss, accuracy = test(self.model, self.valloader, self.device)
  File "/home/priyanka/Downloads/Flower_Setup_copy/model.py", line 53, in test
    accuracy = correct / len(testloader.dataset)
ZeroDivisionError: division by zero
[2024-06-02 12:15:24,889][flwr][ERROR] - [36mray::launch_and_evaluate()[39m (pid=823703, ip=192.168.43.209)
  File "/home/priyanka/miniconda3/envs/flower/lib/python3.8/site-packages/flwr/simulation/ray_transport/ray_client_proxy.py", line 160, in launch_and_evaluate
    return maybe_call_evaluate(
  File "/home/priyanka/miniconda3/envs/flower/lib/python3.8/site-packages/flwr/client/client.py", line 205, in maybe_call_evaluate
    return client.evaluate(evaluate_ins)
  File "/home/priyanka/miniconda3/envs/flower/lib/python3.8/site-packages/flwr/client/app.py", line 321, in _evaluate
    results = self.numpy_client.evaluate(parameters, ins.config)  # type: ignore
  File "/home/priyanka/Downloads/Flower_Setup_copy/client.py", line 37, in evaluate
    loss, accuracy = test(self.model, self.valloader, self.device)
  File "/home/priyanka/Downloads/Flower_Setup_copy/model.py", line 53, in test
    accuracy = correct / len(testloader.dataset)
ZeroDivisionError: division by zero
[2024-06-02 12:15:24,945][flwr][ERROR] - [36mray::launch_and_evaluate()[39m (pid=823701, ip=192.168.43.209)
  File "/home/priyanka/miniconda3/envs/flower/lib/python3.8/site-packages/flwr/simulation/ray_transport/ray_client_proxy.py", line 160, in launch_and_evaluate
    return maybe_call_evaluate(
  File "/home/priyanka/miniconda3/envs/flower/lib/python3.8/site-packages/flwr/client/client.py", line 205, in maybe_call_evaluate
    return client.evaluate(evaluate_ins)
  File "/home/priyanka/miniconda3/envs/flower/lib/python3.8/site-packages/flwr/client/app.py", line 321, in _evaluate
    results = self.numpy_client.evaluate(parameters, ins.config)  # type: ignore
  File "/home/priyanka/Downloads/Flower_Setup_copy/client.py", line 37, in evaluate
    loss, accuracy = test(self.model, self.valloader, self.device)
  File "/home/priyanka/Downloads/Flower_Setup_copy/model.py", line 53, in test
    accuracy = correct / len(testloader.dataset)
ZeroDivisionError: division by zero
[2024-06-02 12:15:24,945][flwr][DEBUG] - evaluate_round 3 received 0 results and 5 failures
[2024-06-02 12:15:24,945][flwr][INFO] - FL finished in 5.22073387101409
[2024-06-02 12:15:24,947][flwr][INFO] - app_fit: losses_distributed []
[2024-06-02 12:15:24,947][flwr][INFO] - app_fit: metrics_distributed_fit {}
[2024-06-02 12:15:24,947][flwr][INFO] - app_fit: metrics_distributed {}
[2024-06-02 12:15:24,947][flwr][INFO] - app_fit: losses_centralized [(0, 2.354691743850708), (1, 2.334165334701538), (2, 2.3153538703918457), (3, 2.2942259311676025)]
[2024-06-02 12:15:24,947][flwr][INFO] - app_fit: metrics_centralized {'accuracy': [(0, 0.0), (1, 0.0), (2, 0.125), (3, 0.125)]}
