[2024-05-31 15:16:40,258][flwr][INFO] - Starting Flower simulation, config: ServerConfig(num_rounds=10, round_timeout=None)
[2024-05-31 15:16:43,880][flwr][INFO] - Flower VCE: Ray initialized with resources: {'CPU': 4.0, 'memory': 2013954048.0, 'object_store_memory': 1006977024.0, 'node:10.6.26.158': 1.0}
[2024-05-31 15:16:43,881][flwr][INFO] - Initializing global parameters
[2024-05-31 15:16:43,881][flwr][INFO] - Requesting initial parameters from one random client
[2024-05-31 15:16:44,549][flwr][INFO] - Received initial parameters from one random client
[2024-05-31 15:16:44,550][flwr][INFO] - Evaluating initial parameters
[2024-05-31 15:16:45,712][flwr][INFO] - initial parameters (loss, other metrics): 182.0920374393463, {'accuracy': 0.0915}
[2024-05-31 15:16:45,712][flwr][INFO] - FL starting
[2024-05-31 15:16:45,713][flwr][DEBUG] - fit_round 1: strategy sampled 10 clients (out of 100)
[2024-05-31 15:16:49,131][flwr][DEBUG] - fit_round 1 received 10 results and 0 failures
[2024-05-31 15:16:49,142][flwr][WARNING] - No fit_metrics_aggregation_fn provided
[2024-05-31 15:16:50,251][flwr][INFO] - fit progress: (1, 180.58306860923767, {'accuracy': 0.1778}, 4.538870571006555)
[2024-05-31 15:16:50,252][flwr][DEBUG] - evaluate_round 1: strategy sampled 25 clients (out of 100)
[2024-05-31 15:16:52,964][flwr][DEBUG] - evaluate_round 1 received 25 results and 0 failures
[2024-05-31 15:16:52,965][flwr][WARNING] - No evaluate_metrics_aggregation_fn provided
[2024-05-31 15:16:52,965][flwr][DEBUG] - fit_round 2: strategy sampled 10 clients (out of 100)
[2024-05-31 15:16:55,075][flwr][DEBUG] - fit_round 2 received 10 results and 0 failures
[2024-05-31 15:16:56,293][flwr][INFO] - fit progress: (2, 178.41501903533936, {'accuracy': 0.3101}, 10.580713600007584)
[2024-05-31 15:16:56,293][flwr][DEBUG] - evaluate_round 2: strategy sampled 25 clients (out of 100)
[2024-05-31 15:16:58,809][flwr][DEBUG] - evaluate_round 2 received 25 results and 0 failures
[2024-05-31 15:16:58,809][flwr][DEBUG] - fit_round 3: strategy sampled 10 clients (out of 100)
[2024-05-31 15:17:00,830][flwr][DEBUG] - fit_round 3 received 10 results and 0 failures
[2024-05-31 15:17:01,953][flwr][INFO] - fit progress: (3, 171.72970867156982, {'accuracy': 0.4599}, 16.240954475011677)
[2024-05-31 15:17:01,954][flwr][DEBUG] - evaluate_round 3: strategy sampled 25 clients (out of 100)
[2024-05-31 15:17:05,118][flwr][DEBUG] - evaluate_round 3 received 25 results and 0 failures
[2024-05-31 15:17:05,118][flwr][DEBUG] - fit_round 4: strategy sampled 10 clients (out of 100)
[2024-05-31 15:17:07,286][flwr][DEBUG] - fit_round 4 received 10 results and 0 failures
[2024-05-31 15:17:08,404][flwr][INFO] - fit progress: (4, 139.49139213562012, {'accuracy': 0.6784}, 22.69193287199596)
[2024-05-31 15:17:08,405][flwr][DEBUG] - evaluate_round 4: strategy sampled 25 clients (out of 100)
[2024-05-31 15:17:11,165][flwr][DEBUG] - evaluate_round 4 received 25 results and 0 failures
[2024-05-31 15:17:11,166][flwr][DEBUG] - fit_round 5: strategy sampled 10 clients (out of 100)
[2024-05-31 15:17:13,427][flwr][DEBUG] - fit_round 5 received 10 results and 0 failures
[2024-05-31 15:17:14,735][flwr][INFO] - fit progress: (5, 60.9693783223629, {'accuracy': 0.7618}, 29.022677895001834)
[2024-05-31 15:17:14,735][flwr][DEBUG] - evaluate_round 5: strategy sampled 25 clients (out of 100)
[2024-05-31 15:17:17,613][flwr][DEBUG] - evaluate_round 5 received 25 results and 0 failures
[2024-05-31 15:17:17,614][flwr][DEBUG] - fit_round 6: strategy sampled 10 clients (out of 100)
[2024-05-31 15:17:19,942][flwr][DEBUG] - fit_round 6 received 10 results and 0 failures
[2024-05-31 15:17:21,219][flwr][INFO] - fit progress: (6, 45.74994267523289, {'accuracy': 0.8472}, 35.506187559018144)
[2024-05-31 15:17:21,219][flwr][DEBUG] - evaluate_round 6: strategy sampled 25 clients (out of 100)
[2024-05-31 15:17:24,109][flwr][DEBUG] - evaluate_round 6 received 25 results and 0 failures
[2024-05-31 15:17:24,109][flwr][DEBUG] - fit_round 7: strategy sampled 10 clients (out of 100)
[2024-05-31 15:17:26,335][flwr][DEBUG] - fit_round 7 received 10 results and 0 failures
[2024-05-31 15:17:27,605][flwr][INFO] - fit progress: (7, 32.953325279057026, {'accuracy': 0.8801}, 41.89218428102322)
[2024-05-31 15:17:27,605][flwr][DEBUG] - evaluate_round 7: strategy sampled 25 clients (out of 100)
[2024-05-31 15:17:30,505][flwr][DEBUG] - evaluate_round 7 received 25 results and 0 failures
[2024-05-31 15:17:30,505][flwr][DEBUG] - fit_round 8: strategy sampled 10 clients (out of 100)
[2024-05-31 15:17:32,799][flwr][DEBUG] - fit_round 8 received 10 results and 0 failures
[2024-05-31 15:17:34,044][flwr][INFO] - fit progress: (8, 32.07786498218775, {'accuracy': 0.8941}, 48.33132981500239)
[2024-05-31 15:17:34,044][flwr][DEBUG] - evaluate_round 8: strategy sampled 25 clients (out of 100)
[2024-05-31 15:17:36,952][flwr][DEBUG] - evaluate_round 8 received 25 results and 0 failures
[2024-05-31 15:17:36,952][flwr][DEBUG] - fit_round 9: strategy sampled 10 clients (out of 100)
[2024-05-31 15:17:39,133][flwr][DEBUG] - fit_round 9 received 10 results and 0 failures
[2024-05-31 15:17:40,324][flwr][INFO] - fit progress: (9, 26.74377229064703, {'accuracy': 0.8969}, 54.611457840015646)
[2024-05-31 15:17:40,324][flwr][DEBUG] - evaluate_round 9: strategy sampled 25 clients (out of 100)
[2024-05-31 15:17:43,126][flwr][DEBUG] - evaluate_round 9 received 25 results and 0 failures
[2024-05-31 15:17:43,127][flwr][DEBUG] - fit_round 10: strategy sampled 10 clients (out of 100)
[2024-05-31 15:17:45,291][flwr][DEBUG] - fit_round 10 received 10 results and 0 failures
[2024-05-31 15:17:46,489][flwr][INFO] - fit progress: (10, 25.54530656337738, {'accuracy': 0.8998}, 60.77688585201395)
[2024-05-31 15:17:46,490][flwr][DEBUG] - evaluate_round 10: strategy sampled 25 clients (out of 100)
[2024-05-31 15:17:49,356][flwr][DEBUG] - evaluate_round 10 received 25 results and 0 failures
[2024-05-31 15:17:49,356][flwr][INFO] - FL finished in 63.64399013001821
[2024-05-31 15:17:49,357][flwr][INFO] - app_fit: losses_distributed [(1, 4.568861827850342), (2, 4.51589919090271), (3, 4.366048374176025), (4, 3.5688458776473997), (5, 1.5743309569358825), (6, 1.2355363059043885), (7, 0.8566898030042648), (8, 0.8430602264404297), (9, 0.6953636568784713), (10, 0.7023202028870582)]
[2024-05-31 15:17:49,357][flwr][INFO] - app_fit: metrics_distributed_fit {}
[2024-05-31 15:17:49,357][flwr][INFO] - app_fit: metrics_distributed {}
[2024-05-31 15:17:49,357][flwr][INFO] - app_fit: losses_centralized [(0, 182.0920374393463), (1, 180.58306860923767), (2, 178.41501903533936), (3, 171.72970867156982), (4, 139.49139213562012), (5, 60.9693783223629), (6, 45.74994267523289), (7, 32.953325279057026), (8, 32.07786498218775), (9, 26.74377229064703), (10, 25.54530656337738)]
[2024-05-31 15:17:49,357][flwr][INFO] - app_fit: metrics_centralized {'accuracy': [(0, 0.0915), (1, 0.1778), (2, 0.3101), (3, 0.4599), (4, 0.6784), (5, 0.7618), (6, 0.8472), (7, 0.8801), (8, 0.8941), (9, 0.8969), (10, 0.8998)]}
