[2024-05-29 16:05:41,364][flwr][INFO] - Starting Flower simulation, config: ServerConfig(num_rounds=2, round_timeout=None)
[2024-05-29 16:05:44,938][flwr][INFO] - Flower VCE: Ray initialized with resources: {'CPU': 4.0, 'memory': 2407450215.0, 'object_store_memory': 1203725107.0, 'node:10.3.2.104': 1.0}
[2024-05-29 16:05:44,939][flwr][INFO] - Initializing global parameters
[2024-05-29 16:05:44,939][flwr][INFO] - Requesting initial parameters from one random client
[2024-05-29 16:05:45,577][flwr][INFO] - Received initial parameters from one random client
[2024-05-29 16:05:45,577][flwr][INFO] - Evaluating initial parameters
[2024-05-29 16:05:46,675][flwr][INFO] - initial parameters (loss, other metrics): 181.9103865623474, {'accuracy': 0.1233}
[2024-05-29 16:05:46,675][flwr][INFO] - FL starting
[2024-05-29 16:05:46,676][flwr][DEBUG] - fit_round 1: strategy sampled 5 clients (out of 10)
[2024-05-29 16:05:53,306][flwr][DEBUG] - fit_round 1 received 5 results and 0 failures
[2024-05-29 16:05:53,312][flwr][WARNING] - No fit_metrics_aggregation_fn provided
[2024-05-29 16:05:54,406][flwr][INFO] - fit progress: (1, 19.810949387028813, {'accuracy': 0.9245}, 7.730280911986483)
[2024-05-29 16:05:54,406][flwr][DEBUG] - evaluate_round 1: strategy sampled 10 clients (out of 10)
[2024-05-29 16:05:56,347][flwr][DEBUG] - evaluate_round 1 received 10 results and 0 failures
[2024-05-29 16:05:56,347][flwr][WARNING] - No evaluate_metrics_aggregation_fn provided
[2024-05-29 16:05:56,347][flwr][DEBUG] - fit_round 2: strategy sampled 5 clients (out of 10)
[2024-05-29 16:06:01,606][flwr][DEBUG] - fit_round 2 received 5 results and 0 failures
[2024-05-29 16:06:02,687][flwr][INFO] - fit progress: (2, 11.738638267852366, {'accuracy': 0.9542}, 16.01183815600234)
[2024-05-29 16:06:02,688][flwr][DEBUG] - evaluate_round 2: strategy sampled 10 clients (out of 10)
[2024-05-29 16:06:04,528][flwr][DEBUG] - evaluate_round 2 received 10 results and 0 failures
[2024-05-29 16:06:04,528][flwr][INFO] - FL finished in 17.852870405011345
[2024-05-29 16:06:04,528][flwr][INFO] - app_fit: losses_distributed [(1, 5.378279601410031), (2, 3.208512731315568)]
[2024-05-29 16:06:04,529][flwr][INFO] - app_fit: metrics_distributed_fit {}
[2024-05-29 16:06:04,529][flwr][INFO] - app_fit: metrics_distributed {}
[2024-05-29 16:06:04,529][flwr][INFO] - app_fit: losses_centralized [(0, 181.9103865623474), (1, 19.810949387028813), (2, 11.738638267852366)]
[2024-05-29 16:06:04,529][flwr][INFO] - app_fit: metrics_centralized {'accuracy': [(0, 0.1233), (1, 0.9245), (2, 0.9542)]}
