[2024-05-29 16:43:16,063][flwr][INFO] - Starting Flower simulation, config: ServerConfig(num_rounds=5, round_timeout=None)
[2024-05-29 16:43:19,519][flwr][INFO] - Flower VCE: Ray initialized with resources: {'node:10.3.2.104': 1.0, 'CPU': 4.0, 'memory': 2450200167.0, 'object_store_memory': 1225100083.0}
[2024-05-29 16:43:19,520][flwr][INFO] - Initializing global parameters
[2024-05-29 16:43:19,520][flwr][INFO] - Requesting initial parameters from one random client
[2024-05-29 16:43:20,180][flwr][INFO] - Received initial parameters from one random client
[2024-05-29 16:43:20,180][flwr][INFO] - Evaluating initial parameters
[2024-05-29 16:43:21,313][flwr][INFO] - initial parameters (loss, other metrics): 182.1930160522461, {'accuracy': 0.0708}
[2024-05-29 16:43:21,313][flwr][INFO] - FL starting
[2024-05-29 16:43:21,313][flwr][DEBUG] - fit_round 1: strategy sampled 10 clients (out of 10)
[2024-05-29 16:43:32,079][flwr][DEBUG] - fit_round 1 received 10 results and 0 failures
[2024-05-29 16:43:32,091][flwr][WARNING] - No fit_metrics_aggregation_fn provided
[2024-05-29 16:43:33,253][flwr][INFO] - fit progress: (1, 21.170987132936716, {'accuracy': 0.9185}, 11.940112251992105)
[2024-05-29 16:43:33,253][flwr][DEBUG] - evaluate_round 1: strategy sampled 10 clients (out of 10)
[2024-05-29 16:43:34,986][flwr][DEBUG] - evaluate_round 1 received 10 results and 0 failures
[2024-05-29 16:43:34,986][flwr][WARNING] - No evaluate_metrics_aggregation_fn provided
[2024-05-29 16:43:34,987][flwr][DEBUG] - fit_round 2: strategy sampled 10 clients (out of 10)
[2024-05-29 16:43:45,494][flwr][DEBUG] - fit_round 2 received 10 results and 0 failures
[2024-05-29 16:43:46,671][flwr][INFO] - fit progress: (2, 9.815475917886943, {'accuracy': 0.9603}, 25.358455984998727)
[2024-05-29 16:43:46,672][flwr][DEBUG] - evaluate_round 2: strategy sampled 10 clients (out of 10)
[2024-05-29 16:43:48,471][flwr][DEBUG] - evaluate_round 2 received 10 results and 0 failures
[2024-05-29 16:43:48,471][flwr][DEBUG] - fit_round 3: strategy sampled 10 clients (out of 10)
[2024-05-29 16:44:00,369][flwr][DEBUG] - fit_round 3 received 10 results and 0 failures
[2024-05-29 16:44:01,566][flwr][INFO] - fit progress: (3, 7.0354063485283405, {'accuracy': 0.9712}, 40.25267093599541)
[2024-05-29 16:44:01,566][flwr][DEBUG] - evaluate_round 3: strategy sampled 10 clients (out of 10)
[2024-05-29 16:44:03,450][flwr][DEBUG] - evaluate_round 3 received 10 results and 0 failures
[2024-05-29 16:44:03,450][flwr][DEBUG] - fit_round 4: strategy sampled 10 clients (out of 10)
[2024-05-29 16:44:14,980][flwr][DEBUG] - fit_round 4 received 10 results and 0 failures
[2024-05-29 16:44:16,285][flwr][INFO] - fit progress: (4, 5.7726055044913664, {'accuracy': 0.9766}, 54.97175732499454)
[2024-05-29 16:44:16,285][flwr][DEBUG] - evaluate_round 4: strategy sampled 10 clients (out of 10)
[2024-05-29 16:44:18,496][flwr][DEBUG] - evaluate_round 4 received 10 results and 0 failures
[2024-05-29 16:44:18,496][flwr][DEBUG] - fit_round 5: strategy sampled 10 clients (out of 10)
[2024-05-29 16:44:30,134][flwr][DEBUG] - fit_round 5 received 10 results and 0 failures
[2024-05-29 16:44:31,396][flwr][INFO] - fit progress: (5, 5.032368577260058, {'accuracy': 0.9793}, 70.0826315349841)
[2024-05-29 16:44:31,396][flwr][DEBUG] - evaluate_round 5: strategy sampled 10 clients (out of 10)
[2024-05-29 16:44:33,302][flwr][DEBUG] - evaluate_round 5 received 10 results and 0 failures
[2024-05-29 16:44:33,302][flwr][INFO] - FL finished in 71.98896616799175
[2024-05-29 16:44:33,302][flwr][INFO] - app_fit: losses_distributed [(1, 5.737101404368877), (2, 2.7871090521570294), (3, 2.0119056802475823), (4, 1.7236838079639711), (5, 1.542655281565385)]
[2024-05-29 16:44:33,302][flwr][INFO] - app_fit: metrics_distributed_fit {}
[2024-05-29 16:44:33,302][flwr][INFO] - app_fit: metrics_distributed {}
[2024-05-29 16:44:33,302][flwr][INFO] - app_fit: losses_centralized [(0, 182.1930160522461), (1, 21.170987132936716), (2, 9.815475917886943), (3, 7.0354063485283405), (4, 5.7726055044913664), (5, 5.032368577260058)]
[2024-05-29 16:44:33,303][flwr][INFO] - app_fit: metrics_centralized {'accuracy': [(0, 0.0708), (1, 0.9185), (2, 0.9603), (3, 0.9712), (4, 0.9766), (5, 0.9793)]}
