[2024-05-31 15:58:24,867][flwr][INFO] - Starting Flower simulation, config: ServerConfig(num_rounds=3, round_timeout=None)
[2024-05-31 15:58:28,468][flwr][INFO] - Flower VCE: Ray initialized with resources: {'node:10.6.26.158': 1.0, 'object_store_memory': 1053828710.0, 'memory': 2107657422.0, 'CPU': 4.0}
[2024-05-31 15:58:28,469][flwr][INFO] - Initializing global parameters
[2024-05-31 15:58:28,469][flwr][INFO] - Requesting initial parameters from one random client
[2024-05-31 15:58:29,129][flwr][INFO] - Received initial parameters from one random client
[2024-05-31 15:58:29,129][flwr][INFO] - Evaluating initial parameters
[2024-05-31 15:58:30,257][flwr][INFO] - initial parameters (loss, other metrics): 182.45437908172607, {'accuracy': 0.0942}
[2024-05-31 15:58:30,257][flwr][INFO] - FL starting
[2024-05-31 15:58:30,257][flwr][DEBUG] - fit_round 1: strategy sampled 10 clients (out of 100)
[2024-05-31 15:58:33,509][flwr][DEBUG] - fit_round 1 received 10 results and 0 failures
[2024-05-31 15:58:33,520][flwr][WARNING] - No fit_metrics_aggregation_fn provided
[2024-05-31 15:58:34,644][flwr][INFO] - fit progress: (1, 180.22475361824036, {'accuracy': 0.1259}, 4.3874517919903155)
[2024-05-31 15:58:34,645][flwr][DEBUG] - evaluate_round 1: strategy sampled 25 clients (out of 100)
[2024-05-31 15:58:37,303][flwr][DEBUG] - evaluate_round 1 received 25 results and 0 failures
[2024-05-31 15:58:37,303][flwr][WARNING] - No evaluate_metrics_aggregation_fn provided
[2024-05-31 15:58:37,303][flwr][DEBUG] - fit_round 2: strategy sampled 10 clients (out of 100)
[2024-05-31 15:58:39,273][flwr][DEBUG] - fit_round 2 received 10 results and 0 failures
[2024-05-31 15:58:40,404][flwr][INFO] - fit progress: (2, 175.9597065448761, {'accuracy': 0.388}, 10.14686522600823)
[2024-05-31 15:58:40,404][flwr][DEBUG] - evaluate_round 2: strategy sampled 25 clients (out of 100)
[2024-05-31 15:58:42,974][flwr][DEBUG] - evaluate_round 2 received 25 results and 0 failures
[2024-05-31 15:58:42,974][flwr][DEBUG] - fit_round 3: strategy sampled 10 clients (out of 100)
[2024-05-31 15:58:45,016][flwr][DEBUG] - fit_round 3 received 10 results and 0 failures
[2024-05-31 15:58:46,150][flwr][INFO] - fit progress: (3, 160.019877910614, {'accuracy': 0.4757}, 15.89269751199754)
[2024-05-31 15:58:46,150][flwr][DEBUG] - evaluate_round 3: strategy sampled 25 clients (out of 100)
[2024-05-31 15:58:48,954][flwr][DEBUG] - evaluate_round 3 received 25 results and 0 failures
[2024-05-31 15:58:48,954][flwr][INFO] - FL finished in 18.696810663997894
[2024-05-31 15:58:48,954][flwr][INFO] - app_fit: losses_distributed [(1, 4.565940542221069), (2, 4.460812330245972), (3, 4.050596237182617)]
[2024-05-31 15:58:48,954][flwr][INFO] - app_fit: metrics_distributed_fit {}
[2024-05-31 15:58:48,954][flwr][INFO] - app_fit: metrics_distributed {}
[2024-05-31 15:58:48,954][flwr][INFO] - app_fit: losses_centralized [(0, 182.45437908172607), (1, 180.22475361824036), (2, 175.9597065448761), (3, 160.019877910614)]
[2024-05-31 15:58:48,954][flwr][INFO] - app_fit: metrics_centralized {'accuracy': [(0, 0.0942), (1, 0.1259), (2, 0.388), (3, 0.4757)]}
