[2024-06-04 12:33:43,378][flwr][INFO] - Starting Flower simulation, config: ServerConfig(num_rounds=3, round_timeout=None)
[2024-06-04 12:33:46,948][flwr][INFO] - Flower VCE: Ray initialized with resources: {'CPU': 4.0, 'object_store_memory': 1571815833.0, 'node:192.168.43.209': 1.0, 'memory': 3143631668.0}
[2024-06-04 12:33:46,949][flwr][INFO] - Initializing global parameters
[2024-06-04 12:33:46,949][flwr][INFO] - Requesting initial parameters from one random client
[2024-06-04 12:33:47,559][flwr][INFO] - Received initial parameters from one random client
[2024-06-04 12:33:47,559][flwr][INFO] - Evaluating initial parameters
[2024-06-04 12:33:49,410][flwr][INFO] - initial parameters (loss, other metrics): 4.722490310668945, {'accuracy': 0.0}
[2024-06-04 12:33:49,410][flwr][INFO] - FL starting
[2024-06-04 12:33:49,410][flwr][DEBUG] - fit_round 1: strategy sampled 10 clients (out of 20)
[2024-06-04 12:33:58,533][flwr][DEBUG] - fit_round 1 received 10 results and 0 failures
[2024-06-04 12:33:58,594][flwr][WARNING] - No fit_metrics_aggregation_fn provided
[2024-06-04 12:34:00,430][flwr][INFO] - fit progress: (1, 4.418990850448608, {'accuracy': 0.594059405940594}, 11.019899945000361)
[2024-06-04 12:34:00,430][flwr][DEBUG] - evaluate_round 1: strategy sampled 10 clients (out of 20)
[2024-06-04 12:34:01,415][flwr][DEBUG] - evaluate_round 1 received 10 results and 0 failures
[2024-06-04 12:34:01,415][flwr][WARNING] - No evaluate_metrics_aggregation_fn provided
[2024-06-04 12:34:01,416][flwr][DEBUG] - fit_round 2: strategy sampled 10 clients (out of 20)
[2024-06-04 12:34:11,476][flwr][DEBUG] - fit_round 2 received 10 results and 0 failures
[2024-06-04 12:34:13,398][flwr][INFO] - fit progress: (2, 3.3265620470046997, {'accuracy': 0.599009900990099}, 23.988225176000014)
[2024-06-04 12:34:13,399][flwr][DEBUG] - evaluate_round 2: strategy sampled 10 clients (out of 20)
[2024-06-04 12:34:14,353][flwr][DEBUG] - evaluate_round 2 received 10 results and 0 failures
[2024-06-04 12:34:14,353][flwr][DEBUG] - fit_round 3: strategy sampled 10 clients (out of 20)
[2024-06-04 12:34:23,521][flwr][DEBUG] - fit_round 3 received 10 results and 0 failures
[2024-06-04 12:34:25,655][flwr][INFO] - fit progress: (3, 1.5594479441642761, {'accuracy': 0.599009900990099}, 36.24458913700073)
[2024-06-04 12:34:25,655][flwr][DEBUG] - evaluate_round 3: strategy sampled 10 clients (out of 20)
[2024-06-04 12:34:26,488][flwr][DEBUG] - evaluate_round 3 received 10 results and 0 failures
[2024-06-04 12:34:26,488][flwr][INFO] - FL finished in 37.07835520000026
[2024-06-04 12:34:26,489][flwr][INFO] - app_fit: losses_distributed [(1, 2.2000659942626952), (2, 1.6008292078971862), (3, 0.511155542731285)]
[2024-06-04 12:34:26,489][flwr][INFO] - app_fit: metrics_distributed_fit {}
[2024-06-04 12:34:26,489][flwr][INFO] - app_fit: metrics_distributed {}
[2024-06-04 12:34:26,489][flwr][INFO] - app_fit: losses_centralized [(0, 4.722490310668945), (1, 4.418990850448608), (2, 3.3265620470046997), (3, 1.5594479441642761)]
[2024-06-04 12:34:26,489][flwr][INFO] - app_fit: metrics_centralized {'accuracy': [(0, 0.0), (1, 0.594059405940594), (2, 0.599009900990099), (3, 0.599009900990099)]}
