[2024-06-04 15:01:11,381][flwr][INFO] - Starting Flower simulation, config: ServerConfig(num_rounds=2, round_timeout=None)
[2024-06-04 15:01:14,947][flwr][INFO] - Flower VCE: Ray initialized with resources: {'node:192.168.43.209': 1.0, 'CPU': 4.0, 'object_store_memory': 1456080076.0, 'memory': 2912160155.0}
[2024-06-04 15:01:14,948][flwr][INFO] - Initializing global parameters
[2024-06-04 15:01:14,948][flwr][INFO] - Requesting initial parameters from one random client
[2024-06-04 15:01:15,555][flwr][INFO] - Received initial parameters from one random client
[2024-06-04 15:01:15,556][flwr][INFO] - Evaluating initial parameters
[2024-06-04 15:01:17,412][flwr][INFO] - initial parameters (loss, other metrics): 1.40468168258667, {'accuracy': 0.400990099009901}
[2024-06-04 15:01:17,412][flwr][INFO] - FL starting
[2024-06-04 15:01:17,412][flwr][DEBUG] - fit_round 1: strategy sampled 5 clients (out of 5)
[2024-06-04 15:01:26,130][flwr][DEBUG] - fit_round 1 received 5 results and 0 failures
[2024-06-04 15:01:26,156][flwr][WARNING] - No fit_metrics_aggregation_fn provided
[2024-06-04 15:01:27,987][flwr][INFO] - fit progress: (1, 1.3492221236228943, {'accuracy': 0.599009900990099}, 10.5742541540003)
[2024-06-04 15:01:27,987][flwr][DEBUG] - evaluate_round 1: strategy sampled 5 clients (out of 5)
[2024-06-04 15:01:29,281][flwr][DEBUG] - evaluate_round 1 received 5 results and 0 failures
[2024-06-04 15:01:29,281][flwr][WARNING] - No evaluate_metrics_aggregation_fn provided
[2024-06-04 15:01:29,281][flwr][DEBUG] - fit_round 2: strategy sampled 5 clients (out of 5)
[2024-06-04 15:01:36,922][flwr][DEBUG] - fit_round 2 received 5 results and 0 failures
[2024-06-04 15:01:38,866][flwr][INFO] - fit progress: (2, 1.352428674697876, {'accuracy': 0.599009900990099}, 21.453870447001464)
[2024-06-04 15:01:38,866][flwr][DEBUG] - evaluate_round 2: strategy sampled 5 clients (out of 5)
[2024-06-04 15:01:40,111][flwr][DEBUG] - evaluate_round 2 received 5 results and 0 failures
[2024-06-04 15:01:40,111][flwr][INFO] - FL finished in 22.69896431900088
[2024-06-04 15:01:40,111][flwr][INFO] - app_fit: losses_distributed [(1, 0.6564905762672424), (2, 0.644362723827362)]
[2024-06-04 15:01:40,112][flwr][INFO] - app_fit: metrics_distributed_fit {}
[2024-06-04 15:01:40,112][flwr][INFO] - app_fit: metrics_distributed {}
[2024-06-04 15:01:40,112][flwr][INFO] - app_fit: losses_centralized [(0, 1.40468168258667), (1, 1.3492221236228943), (2, 1.352428674697876)]
[2024-06-04 15:01:40,112][flwr][INFO] - app_fit: metrics_centralized {'accuracy': [(0, 0.400990099009901), (1, 0.599009900990099), (2, 0.599009900990099)]}
