[2024-05-31 15:33:52,822][flwr][INFO] - Starting Flower simulation, config: ServerConfig(num_rounds=3, round_timeout=None)
[2024-05-31 15:33:56,442][flwr][INFO] - Flower VCE: Ray initialized with resources: {'memory': 2372168910.0, 'CPU': 4.0, 'object_store_memory': 1186084454.0, 'node:10.6.26.158': 1.0}
[2024-05-31 15:33:56,443][flwr][INFO] - Initializing global parameters
[2024-05-31 15:33:56,444][flwr][INFO] - Requesting initial parameters from one random client
[2024-05-31 15:33:57,084][flwr][INFO] - Received initial parameters from one random client
[2024-05-31 15:33:57,084][flwr][INFO] - Evaluating initial parameters
[2024-05-31 15:33:58,177][flwr][INFO] - initial parameters (loss, other metrics): 181.70546984672546, {'accuracy': 0.0953}
[2024-05-31 15:33:58,177][flwr][INFO] - FL starting
[2024-05-31 15:33:58,178][flwr][DEBUG] - fit_round 1: strategy sampled 10 clients (out of 100)
[2024-05-31 15:34:01,524][flwr][DEBUG] - fit_round 1 received 10 results and 0 failures
[2024-05-31 15:34:01,536][flwr][WARNING] - No fit_metrics_aggregation_fn provided
[2024-05-31 15:34:02,634][flwr][INFO] - fit progress: (1, 180.7573161125183, {'accuracy': 0.2466}, 4.456841402978171)
[2024-05-31 15:34:02,635][flwr][DEBUG] - evaluate_round 1: strategy sampled 25 clients (out of 100)
[2024-05-31 15:34:05,155][flwr][DEBUG] - evaluate_round 1 received 25 results and 0 failures
[2024-05-31 15:34:05,155][flwr][WARNING] - No evaluate_metrics_aggregation_fn provided
[2024-05-31 15:34:05,155][flwr][DEBUG] - fit_round 2: strategy sampled 10 clients (out of 100)
[2024-05-31 15:34:07,109][flwr][DEBUG] - fit_round 2 received 10 results and 0 failures
[2024-05-31 15:34:08,217][flwr][INFO] - fit progress: (2, 179.20161890983582, {'accuracy': 0.3048}, 10.039737640996464)
[2024-05-31 15:34:08,217][flwr][DEBUG] - evaluate_round 2: strategy sampled 25 clients (out of 100)
[2024-05-31 15:34:10,794][flwr][DEBUG] - evaluate_round 2 received 25 results and 0 failures
[2024-05-31 15:34:10,794][flwr][DEBUG] - fit_round 3: strategy sampled 10 clients (out of 100)
[2024-05-31 15:34:13,049][flwr][DEBUG] - fit_round 3 received 10 results and 0 failures
[2024-05-31 15:34:14,157][flwr][INFO] - fit progress: (3, 175.53688669204712, {'accuracy': 0.2981}, 15.979034564981703)
[2024-05-31 15:34:14,157][flwr][DEBUG] - evaluate_round 3: strategy sampled 25 clients (out of 100)
[2024-05-31 15:34:16,821][flwr][DEBUG] - evaluate_round 3 received 25 results and 0 failures
[2024-05-31 15:34:16,821][flwr][INFO] - FL finished in 18.643231712980196
[2024-05-31 15:34:16,821][flwr][INFO] - app_fit: losses_distributed [(1, 4.572734174728393), (2, 4.537088947296143), (3, 4.444257154464721)]
[2024-05-31 15:34:16,821][flwr][INFO] - app_fit: metrics_distributed_fit {}
[2024-05-31 15:34:16,821][flwr][INFO] - app_fit: metrics_distributed {}
[2024-05-31 15:34:16,821][flwr][INFO] - app_fit: losses_centralized [(0, 181.70546984672546), (1, 180.7573161125183), (2, 179.20161890983582), (3, 175.53688669204712)]
[2024-05-31 15:34:16,821][flwr][INFO] - app_fit: metrics_centralized {'accuracy': [(0, 0.0953), (1, 0.2466), (2, 0.3048), (3, 0.2981)]}
