[2024-06-04 15:03:57,819][flwr][INFO] - Starting Flower simulation, config: ServerConfig(num_rounds=2, round_timeout=None)
[2024-06-04 15:04:01,408][flwr][INFO] - Flower VCE: Ray initialized with resources: {'CPU': 4.0, 'object_store_memory': 1442490777.0, 'memory': 2884981556.0, 'node:192.168.43.209': 1.0}
[2024-06-04 15:04:01,408][flwr][INFO] - Initializing global parameters
[2024-06-04 15:04:01,408][flwr][INFO] - Requesting initial parameters from one random client
[2024-06-04 15:04:02,028][flwr][INFO] - Received initial parameters from one random client
[2024-06-04 15:04:02,028][flwr][INFO] - Evaluating initial parameters
[2024-06-04 15:04:03,879][flwr][INFO] - initial parameters (loss, other metrics): 1.3645316362380981, {'accuracy': 0.599009900990099}
[2024-06-04 15:04:03,879][flwr][INFO] - FL starting
[2024-06-04 15:04:03,880][flwr][DEBUG] - fit_round 1: strategy sampled 5 clients (out of 10)
[2024-06-04 15:04:09,147][flwr][DEBUG] - fit_round 1 received 5 results and 0 failures
[2024-06-04 15:04:09,178][flwr][WARNING] - No fit_metrics_aggregation_fn provided
[2024-06-04 15:04:11,051][flwr][INFO] - fit progress: (1, 1.3418135046958923, {'accuracy': 0.599009900990099}, 7.17127965400141)
[2024-06-04 15:04:11,051][flwr][DEBUG] - evaluate_round 1: strategy sampled 5 clients (out of 10)
[2024-06-04 15:04:11,946][flwr][DEBUG] - evaluate_round 1 received 5 results and 0 failures
[2024-06-04 15:04:11,946][flwr][WARNING] - No evaluate_metrics_aggregation_fn provided
[2024-06-04 15:04:11,947][flwr][DEBUG] - fit_round 2: strategy sampled 5 clients (out of 10)
[2024-06-04 15:04:15,884][flwr][DEBUG] - fit_round 2 received 5 results and 0 failures
[2024-06-04 15:04:17,788][flwr][INFO] - fit progress: (2, 1.3409825563430786, {'accuracy': 0.599009900990099}, 13.908305536000626)
[2024-06-04 15:04:17,788][flwr][DEBUG] - evaluate_round 2: strategy sampled 5 clients (out of 10)
[2024-06-04 15:04:18,818][flwr][DEBUG] - evaluate_round 2 received 5 results and 0 failures
[2024-06-04 15:04:18,818][flwr][INFO] - FL finished in 14.938818085000094
[2024-06-04 15:04:18,819][flwr][INFO] - app_fit: losses_distributed [(1, 0.6162979602813721), (2, 0.6435802340507507)]
[2024-06-04 15:04:18,819][flwr][INFO] - app_fit: metrics_distributed_fit {}
[2024-06-04 15:04:18,819][flwr][INFO] - app_fit: metrics_distributed {}
[2024-06-04 15:04:18,819][flwr][INFO] - app_fit: losses_centralized [(0, 1.3645316362380981), (1, 1.3418135046958923), (2, 1.3409825563430786)]
[2024-06-04 15:04:18,819][flwr][INFO] - app_fit: metrics_centralized {'accuracy': [(0, 0.599009900990099), (1, 0.599009900990099), (2, 0.599009900990099)]}
