[2024-05-31 15:25:41,191][flwr][INFO] - Starting Flower simulation, config: ServerConfig(num_rounds=10, round_timeout=None)
[2024-05-31 15:25:44,818][flwr][INFO] - Flower VCE: Ray initialized with resources: {'object_store_memory': 1171077120.0, 'node:10.6.26.158': 1.0, 'CPU': 4.0, 'memory': 2342154240.0}
[2024-05-31 15:25:44,820][flwr][INFO] - Initializing global parameters
[2024-05-31 15:25:44,820][flwr][INFO] - Requesting initial parameters from one random client
[2024-05-31 15:25:45,496][flwr][INFO] - Received initial parameters from one random client
[2024-05-31 15:25:45,496][flwr][INFO] - Evaluating initial parameters
[2024-05-31 15:25:46,625][flwr][INFO] - initial parameters (loss, other metrics): 182.17016434669495, {'accuracy': 0.0866}
[2024-05-31 15:25:46,625][flwr][INFO] - FL starting
[2024-05-31 15:25:46,625][flwr][DEBUG] - fit_round 1: strategy sampled 10 clients (out of 100)
[2024-05-31 15:25:49,949][flwr][DEBUG] - fit_round 1 received 10 results and 0 failures
[2024-05-31 15:25:49,961][flwr][WARNING] - No fit_metrics_aggregation_fn provided
[2024-05-31 15:25:51,065][flwr][INFO] - fit progress: (1, 180.87160348892212, {'accuracy': 0.1103}, 4.440007981000235)
[2024-05-31 15:25:51,065][flwr][DEBUG] - evaluate_round 1: strategy sampled 25 clients (out of 100)
[2024-05-31 15:25:53,635][flwr][DEBUG] - evaluate_round 1 received 25 results and 0 failures
[2024-05-31 15:25:53,635][flwr][WARNING] - No evaluate_metrics_aggregation_fn provided
[2024-05-31 15:25:53,635][flwr][DEBUG] - fit_round 2: strategy sampled 10 clients (out of 100)
[2024-05-31 15:25:55,566][flwr][DEBUG] - fit_round 2 received 10 results and 0 failures
[2024-05-31 15:25:56,686][flwr][INFO] - fit progress: (2, 179.46313977241516, {'accuracy': 0.1752}, 10.061338269995758)
[2024-05-31 15:25:56,686][flwr][DEBUG] - evaluate_round 2: strategy sampled 25 clients (out of 100)
[2024-05-31 15:25:59,099][flwr][DEBUG] - evaluate_round 2 received 25 results and 0 failures
[2024-05-31 15:25:59,099][flwr][DEBUG] - fit_round 3: strategy sampled 10 clients (out of 100)
[2024-05-31 15:26:01,090][flwr][DEBUG] - fit_round 3 received 10 results and 0 failures
[2024-05-31 15:26:02,218][flwr][INFO] - fit progress: (3, 176.57482981681824, {'accuracy': 0.3472}, 15.592718289000914)
[2024-05-31 15:26:02,218][flwr][DEBUG] - evaluate_round 3: strategy sampled 25 clients (out of 100)
[2024-05-31 15:26:04,691][flwr][DEBUG] - evaluate_round 3 received 25 results and 0 failures
[2024-05-31 15:26:04,692][flwr][DEBUG] - fit_round 4: strategy sampled 10 clients (out of 100)
[2024-05-31 15:26:06,668][flwr][DEBUG] - fit_round 4 received 10 results and 0 failures
[2024-05-31 15:26:07,781][flwr][INFO] - fit progress: (4, 167.95941758155823, {'accuracy': 0.4289}, 21.155706010002177)
[2024-05-31 15:26:07,781][flwr][DEBUG] - evaluate_round 4: strategy sampled 25 clients (out of 100)
[2024-05-31 15:26:10,193][flwr][DEBUG] - evaluate_round 4 received 25 results and 0 failures
[2024-05-31 15:26:10,194][flwr][DEBUG] - fit_round 5: strategy sampled 10 clients (out of 100)
[2024-05-31 15:26:12,141][flwr][DEBUG] - fit_round 5 received 10 results and 0 failures
[2024-05-31 15:26:13,264][flwr][INFO] - fit progress: (5, 130.1761510372162, {'accuracy': 0.6551}, 26.639087071001995)
[2024-05-31 15:26:13,264][flwr][DEBUG] - evaluate_round 5: strategy sampled 25 clients (out of 100)
[2024-05-31 15:26:15,784][flwr][DEBUG] - evaluate_round 5 received 25 results and 0 failures
[2024-05-31 15:26:15,784][flwr][DEBUG] - fit_round 6: strategy sampled 10 clients (out of 100)
[2024-05-31 15:26:17,931][flwr][DEBUG] - fit_round 6 received 10 results and 0 failures
[2024-05-31 15:26:19,066][flwr][INFO] - fit progress: (6, 59.46009847521782, {'accuracy': 0.7964}, 32.4411710150016)
[2024-05-31 15:26:19,066][flwr][DEBUG] - evaluate_round 6: strategy sampled 25 clients (out of 100)
[2024-05-31 15:26:21,644][flwr][DEBUG] - evaluate_round 6 received 25 results and 0 failures
[2024-05-31 15:26:21,644][flwr][DEBUG] - fit_round 7: strategy sampled 10 clients (out of 100)
[2024-05-31 15:26:23,772][flwr][DEBUG] - fit_round 7 received 10 results and 0 failures
[2024-05-31 15:26:24,992][flwr][INFO] - fit progress: (7, 50.86464098095894, {'accuracy': 0.836}, 38.36674061100348)
[2024-05-31 15:26:24,992][flwr][DEBUG] - evaluate_round 7: strategy sampled 25 clients (out of 100)
[2024-05-31 15:26:27,611][flwr][DEBUG] - evaluate_round 7 received 25 results and 0 failures
[2024-05-31 15:26:27,611][flwr][DEBUG] - fit_round 8: strategy sampled 10 clients (out of 100)
[2024-05-31 15:26:29,732][flwr][DEBUG] - fit_round 8 received 10 results and 0 failures
[2024-05-31 15:26:30,918][flwr][INFO] - fit progress: (8, 34.3107675164938, {'accuracy': 0.8682}, 44.29313032599748)
[2024-05-31 15:26:30,918][flwr][DEBUG] - evaluate_round 8: strategy sampled 25 clients (out of 100)
[2024-05-31 15:26:33,705][flwr][DEBUG] - evaluate_round 8 received 25 results and 0 failures
[2024-05-31 15:26:33,706][flwr][DEBUG] - fit_round 9: strategy sampled 10 clients (out of 100)
[2024-05-31 15:26:35,793][flwr][DEBUG] - fit_round 9 received 10 results and 0 failures
[2024-05-31 15:26:36,981][flwr][INFO] - fit progress: (9, 32.58624142408371, {'accuracy': 0.8847}, 50.356397200986976)
[2024-05-31 15:26:36,982][flwr][DEBUG] - evaluate_round 9: strategy sampled 25 clients (out of 100)
[2024-05-31 15:26:39,540][flwr][DEBUG] - evaluate_round 9 received 25 results and 0 failures
[2024-05-31 15:26:39,541][flwr][DEBUG] - fit_round 10: strategy sampled 10 clients (out of 100)
[2024-05-31 15:26:41,601][flwr][DEBUG] - fit_round 10 received 10 results and 0 failures
[2024-05-31 15:26:42,786][flwr][INFO] - fit progress: (10, 25.630537290126085, {'accuracy': 0.9071}, 56.16116662399145)
[2024-05-31 15:26:42,786][flwr][DEBUG] - evaluate_round 10: strategy sampled 25 clients (out of 100)
[2024-05-31 15:26:45,457][flwr][DEBUG] - evaluate_round 10 received 25 results and 0 failures
[2024-05-31 15:26:45,457][flwr][INFO] - FL finished in 58.83216421797988
[2024-05-31 15:26:45,457][flwr][INFO] - app_fit: losses_distributed [(1, 4.584411268234253), (2, 4.548707780838012), (3, 4.474477815628052), (4, 4.250750722885132), (5, 3.3417364454269407), (6, 1.5707490277290344), (7, 1.3638885617256165), (8, 0.9430027616024017), (9, 0.8353722208738327), (10, 0.7111940261721611)]
[2024-05-31 15:26:45,457][flwr][INFO] - app_fit: metrics_distributed_fit {}
[2024-05-31 15:26:45,457][flwr][INFO] - app_fit: metrics_distributed {}
[2024-05-31 15:26:45,457][flwr][INFO] - app_fit: losses_centralized [(0, 182.17016434669495), (1, 180.87160348892212), (2, 179.46313977241516), (3, 176.57482981681824), (4, 167.95941758155823), (5, 130.1761510372162), (6, 59.46009847521782), (7, 50.86464098095894), (8, 34.3107675164938), (9, 32.58624142408371), (10, 25.630537290126085)]
[2024-05-31 15:26:45,458][flwr][INFO] - app_fit: metrics_centralized {'accuracy': [(0, 0.0866), (1, 0.1103), (2, 0.1752), (3, 0.3472), (4, 0.4289), (5, 0.6551), (6, 0.7964), (7, 0.836), (8, 0.8682), (9, 0.8847), (10, 0.9071)]}
