[2024-06-02 21:14:52,156][flwr][INFO] - Starting Flower simulation, config: ServerConfig(num_rounds=5, round_timeout=None)
[2024-06-02 21:14:55,711][flwr][INFO] - Flower VCE: Ray initialized with resources: {'memory': 2459802011.0, 'CPU': 4.0, 'object_store_memory': 1229901004.0, 'node:10.3.2.244': 1.0}
[2024-06-02 21:14:55,712][flwr][INFO] - Initializing global parameters
[2024-06-02 21:14:55,712][flwr][INFO] - Requesting initial parameters from one random client
[2024-06-02 21:14:56,324][flwr][INFO] - Received initial parameters from one random client
[2024-06-02 21:14:56,324][flwr][INFO] - Evaluating initial parameters
[2024-06-02 21:14:58,165][flwr][INFO] - initial parameters (loss, other metrics): 4.6010353565216064, {'accuracy': 0.0}
[2024-06-02 21:14:58,165][flwr][INFO] - FL starting
[2024-06-02 21:14:58,165][flwr][DEBUG] - fit_round 1: strategy sampled 8 clients (out of 10)
[2024-06-02 21:15:05,892][flwr][DEBUG] - fit_round 1 received 8 results and 0 failures
[2024-06-02 21:15:05,946][flwr][WARNING] - No fit_metrics_aggregation_fn provided
[2024-06-02 21:15:07,752][flwr][INFO] - fit progress: (1, 4.3968424797058105, {'accuracy': 0.5346534653465347}, 9.586557476999587)
[2024-06-02 21:15:07,752][flwr][DEBUG] - evaluate_round 1: strategy sampled 8 clients (out of 10)
[2024-06-02 21:15:09,290][flwr][DEBUG] - evaluate_round 1 received 8 results and 0 failures
[2024-06-02 21:15:09,290][flwr][WARNING] - No evaluate_metrics_aggregation_fn provided
[2024-06-02 21:15:09,291][flwr][DEBUG] - fit_round 2: strategy sampled 8 clients (out of 10)
[2024-06-02 21:15:15,688][flwr][DEBUG] - fit_round 2 received 8 results and 0 failures
[2024-06-02 21:15:17,592][flwr][INFO] - fit progress: (2, 4.040193796157837, {'accuracy': 0.599009900990099}, 19.427038092999283)
[2024-06-02 21:15:17,593][flwr][DEBUG] - evaluate_round 2: strategy sampled 8 clients (out of 10)
[2024-06-02 21:15:19,155][flwr][DEBUG] - evaluate_round 2 received 8 results and 0 failures
[2024-06-02 21:15:19,155][flwr][DEBUG] - fit_round 3: strategy sampled 8 clients (out of 10)
[2024-06-02 21:15:25,418][flwr][DEBUG] - fit_round 3 received 8 results and 0 failures
[2024-06-02 21:15:27,373][flwr][INFO] - fit progress: (3, 3.0085278749465942, {'accuracy': 0.599009900990099}, 29.20733868899879)
[2024-06-02 21:15:27,373][flwr][DEBUG] - evaluate_round 3: strategy sampled 8 clients (out of 10)
[2024-06-02 21:15:28,672][flwr][DEBUG] - evaluate_round 3 received 8 results and 0 failures
[2024-06-02 21:15:28,673][flwr][DEBUG] - fit_round 4: strategy sampled 8 clients (out of 10)
[2024-06-02 21:15:35,173][flwr][DEBUG] - fit_round 4 received 8 results and 0 failures
[2024-06-02 21:15:37,292][flwr][INFO] - fit progress: (4, 1.998951256275177, {'accuracy': 0.599009900990099}, 39.12715652499901)
[2024-06-02 21:15:37,293][flwr][DEBUG] - evaluate_round 4: strategy sampled 8 clients (out of 10)
[2024-06-02 21:15:38,792][flwr][DEBUG] - evaluate_round 4 received 8 results and 0 failures
[2024-06-02 21:15:38,792][flwr][DEBUG] - fit_round 5: strategy sampled 8 clients (out of 10)
[2024-06-02 21:15:45,140][flwr][DEBUG] - fit_round 5 received 8 results and 0 failures
[2024-06-02 21:15:47,072][flwr][INFO] - fit progress: (5, 1.506556510925293, {'accuracy': 0.599009900990099}, 48.90694021699892)
[2024-06-02 21:15:47,072][flwr][DEBUG] - evaluate_round 5: strategy sampled 8 clients (out of 10)
[2024-06-02 21:15:48,403][flwr][DEBUG] - evaluate_round 5 received 8 results and 0 failures
[2024-06-02 21:15:48,403][flwr][INFO] - FL finished in 50.238170476999585
[2024-06-02 21:15:48,404][flwr][INFO] - app_fit: losses_distributed [(1, 2.1945735812187195), (2, 2.0050841122865677), (3, 1.4121004492044449), (4, 0.9040397927165031), (5, 0.7373004257678986)]
[2024-06-02 21:15:48,404][flwr][INFO] - app_fit: metrics_distributed_fit {}
[2024-06-02 21:15:48,404][flwr][INFO] - app_fit: metrics_distributed {}
[2024-06-02 21:15:48,404][flwr][INFO] - app_fit: losses_centralized [(0, 4.6010353565216064), (1, 4.3968424797058105), (2, 4.040193796157837), (3, 3.0085278749465942), (4, 1.998951256275177), (5, 1.506556510925293)]
[2024-06-02 21:15:48,404][flwr][INFO] - app_fit: metrics_centralized {'accuracy': [(0, 0.0), (1, 0.5346534653465347), (2, 0.599009900990099), (3, 0.599009900990099), (4, 0.599009900990099), (5, 0.599009900990099)]}
