[2024-05-29 15:35:36,874][flwr][INFO] - Starting Flower simulation, config: ServerConfig(num_rounds=10, round_timeout=None)
[2024-05-29 15:35:40,465][flwr][INFO] - Flower VCE: Ray initialized with resources: {'node:10.3.2.104': 1.0, 'memory': 2428873115.0, 'object_store_memory': 1214436556.0, 'CPU': 4.0}
[2024-05-29 15:35:40,466][flwr][INFO] - Initializing global parameters
[2024-05-29 15:35:40,466][flwr][INFO] - Requesting initial parameters from one random client
[2024-05-29 15:35:41,105][flwr][INFO] - Received initial parameters from one random client
[2024-05-29 15:35:41,105][flwr][INFO] - Evaluating initial parameters
[2024-05-29 15:35:42,191][flwr][INFO] - initial parameters (loss, other metrics): 182.34817123413086, {'accuracy': 0.0932}
[2024-05-29 15:35:42,191][flwr][INFO] - FL starting
[2024-05-29 15:35:42,191][flwr][DEBUG] - fit_round 1: strategy sampled 5 clients (out of 10)
[2024-05-29 15:35:48,820][flwr][DEBUG] - fit_round 1 received 5 results and 0 failures
[2024-05-29 15:35:48,828][flwr][WARNING] - No fit_metrics_aggregation_fn provided
[2024-05-29 15:35:49,900][flwr][INFO] - fit progress: (1, 23.78315471112728, {'accuracy': 0.9074}, 7.708462226000847)
[2024-05-29 15:35:49,900][flwr][DEBUG] - evaluate_round 1: strategy sampled 5 clients (out of 10)
[2024-05-29 15:35:50,867][flwr][DEBUG] - evaluate_round 1 received 5 results and 0 failures
[2024-05-29 15:35:50,867][flwr][WARNING] - No evaluate_metrics_aggregation_fn provided
[2024-05-29 15:35:50,868][flwr][DEBUG] - fit_round 2: strategy sampled 5 clients (out of 10)
[2024-05-29 15:35:56,063][flwr][DEBUG] - fit_round 2 received 5 results and 0 failures
[2024-05-29 15:35:57,148][flwr][INFO] - fit progress: (2, 11.243032439611852, {'accuracy': 0.9551}, 14.957177367003169)
[2024-05-29 15:35:57,149][flwr][DEBUG] - evaluate_round 2: strategy sampled 5 clients (out of 10)
[2024-05-29 15:35:58,091][flwr][DEBUG] - evaluate_round 2 received 5 results and 0 failures
[2024-05-29 15:35:58,092][flwr][DEBUG] - fit_round 3: strategy sampled 5 clients (out of 10)
[2024-05-29 15:36:03,350][flwr][DEBUG] - fit_round 3 received 5 results and 0 failures
[2024-05-29 15:36:04,444][flwr][INFO] - fit progress: (3, 7.48290533258114, {'accuracy': 0.9698}, 22.25281448799069)
[2024-05-29 15:36:04,444][flwr][DEBUG] - evaluate_round 3: strategy sampled 5 clients (out of 10)
[2024-05-29 15:36:05,398][flwr][DEBUG] - evaluate_round 3 received 5 results and 0 failures
[2024-05-29 15:36:05,398][flwr][DEBUG] - fit_round 4: strategy sampled 5 clients (out of 10)
[2024-05-29 15:36:10,599][flwr][DEBUG] - fit_round 4 received 5 results and 0 failures
[2024-05-29 15:36:11,676][flwr][INFO] - fit progress: (4, 5.870123924454674, {'accuracy': 0.9749}, 29.484902071009856)
[2024-05-29 15:36:11,676][flwr][DEBUG] - evaluate_round 4: strategy sampled 5 clients (out of 10)
[2024-05-29 15:36:12,615][flwr][DEBUG] - evaluate_round 4 received 5 results and 0 failures
[2024-05-29 15:36:12,615][flwr][DEBUG] - fit_round 5: strategy sampled 5 clients (out of 10)
[2024-05-29 15:36:17,823][flwr][DEBUG] - fit_round 5 received 5 results and 0 failures
[2024-05-29 15:36:18,912][flwr][INFO] - fit progress: (5, 5.296041502675507, {'accuracy': 0.9783}, 36.72041037000599)
[2024-05-29 15:36:18,912][flwr][DEBUG] - evaluate_round 5: strategy sampled 5 clients (out of 10)
[2024-05-29 15:36:19,850][flwr][DEBUG] - evaluate_round 5 received 5 results and 0 failures
[2024-05-29 15:36:19,851][flwr][DEBUG] - fit_round 6: strategy sampled 5 clients (out of 10)
[2024-05-29 15:36:25,146][flwr][DEBUG] - fit_round 6 received 5 results and 0 failures
[2024-05-29 15:36:26,237][flwr][INFO] - fit progress: (6, 4.281442542793229, {'accuracy': 0.9807}, 44.045225740002934)
[2024-05-29 15:36:26,237][flwr][DEBUG] - evaluate_round 6: strategy sampled 5 clients (out of 10)
[2024-05-29 15:36:27,251][flwr][DEBUG] - evaluate_round 6 received 5 results and 0 failures
[2024-05-29 15:36:27,251][flwr][DEBUG] - fit_round 7: strategy sampled 5 clients (out of 10)
[2024-05-29 15:36:32,490][flwr][DEBUG] - fit_round 7 received 5 results and 0 failures
[2024-05-29 15:36:33,566][flwr][INFO] - fit progress: (7, 4.338173345546238, {'accuracy': 0.9818}, 51.37421964199166)
[2024-05-29 15:36:33,566][flwr][DEBUG] - evaluate_round 7: strategy sampled 5 clients (out of 10)
[2024-05-29 15:36:34,477][flwr][DEBUG] - evaluate_round 7 received 5 results and 0 failures
[2024-05-29 15:36:34,477][flwr][DEBUG] - fit_round 8: strategy sampled 5 clients (out of 10)
[2024-05-29 15:36:39,745][flwr][DEBUG] - fit_round 8 received 5 results and 0 failures
[2024-05-29 15:36:40,826][flwr][INFO] - fit progress: (8, 3.6964952691923827, {'accuracy': 0.9837}, 58.63421441000537)
[2024-05-29 15:36:40,826][flwr][DEBUG] - evaluate_round 8: strategy sampled 5 clients (out of 10)
[2024-05-29 15:36:41,826][flwr][DEBUG] - evaluate_round 8 received 5 results and 0 failures
[2024-05-29 15:36:41,826][flwr][DEBUG] - fit_round 9: strategy sampled 5 clients (out of 10)
[2024-05-29 15:36:47,129][flwr][DEBUG] - fit_round 9 received 5 results and 0 failures
[2024-05-29 15:36:48,225][flwr][INFO] - fit progress: (9, 3.2881483345408924, {'accuracy': 0.9864}, 66.03348525200272)
[2024-05-29 15:36:48,225][flwr][DEBUG] - evaluate_round 9: strategy sampled 5 clients (out of 10)
[2024-05-29 15:36:49,194][flwr][DEBUG] - evaluate_round 9 received 5 results and 0 failures
[2024-05-29 15:36:49,195][flwr][DEBUG] - fit_round 10: strategy sampled 5 clients (out of 10)
[2024-05-29 15:36:54,578][flwr][DEBUG] - fit_round 10 received 5 results and 0 failures
[2024-05-29 15:36:55,815][flwr][INFO] - fit progress: (10, 3.1755043915036367, {'accuracy': 0.9858}, 73.62384196501807)
[2024-05-29 15:36:55,815][flwr][DEBUG] - evaluate_round 10: strategy sampled 5 clients (out of 10)
[2024-05-29 15:36:56,776][flwr][DEBUG] - evaluate_round 10 received 5 results and 0 failures
[2024-05-29 15:36:56,777][flwr][INFO] - FL finished in 74.58535527499043
[2024-05-29 15:36:56,777][flwr][INFO] - app_fit: losses_distributed [(1, 5.987356951832771), (2, 2.955909413099289), (3, 2.0176448019221427), (4, 1.6682187904138117), (5, 1.4105625254102052), (6, 1.4541392377112061), (7, 1.2929924681317062), (8, 1.2855606483004522), (9, 1.0713717557373457), (10, 1.081944435366313)]
[2024-05-29 15:36:56,777][flwr][INFO] - app_fit: metrics_distributed_fit {}
[2024-05-29 15:36:56,777][flwr][INFO] - app_fit: metrics_distributed {}
[2024-05-29 15:36:56,777][flwr][INFO] - app_fit: losses_centralized [(0, 182.34817123413086), (1, 23.78315471112728), (2, 11.243032439611852), (3, 7.48290533258114), (4, 5.870123924454674), (5, 5.296041502675507), (6, 4.281442542793229), (7, 4.338173345546238), (8, 3.6964952691923827), (9, 3.2881483345408924), (10, 3.1755043915036367)]
[2024-05-29 15:36:56,777][flwr][INFO] - app_fit: metrics_centralized {'accuracy': [(0, 0.0932), (1, 0.9074), (2, 0.9551), (3, 0.9698), (4, 0.9749), (5, 0.9783), (6, 0.9807), (7, 0.9818), (8, 0.9837), (9, 0.9864), (10, 0.9858)]}
