[2024-06-04 13:03:05,233][flwr][WARNING] - 
Setting `min_available_clients` lower than `min_fit_clients` or
`min_evaluate_clients` can cause the server to fail when there are too few clients
connected to the server. `min_available_clients` must be set to a value larger
than or equal to the values of `min_fit_clients` and `min_evaluate_clients`.

[2024-06-04 13:03:05,233][flwr][INFO] - Starting Flower simulation, config: ServerConfig(num_rounds=2, round_timeout=None)
[2024-06-04 13:03:08,732][flwr][INFO] - Flower VCE: Ray initialized with resources: {'memory': 2927023719.0, 'object_store_memory': 1463511859.0, 'CPU': 4.0, 'node:192.168.43.209': 1.0}
[2024-06-04 13:03:08,733][flwr][INFO] - Initializing global parameters
[2024-06-04 13:03:08,733][flwr][INFO] - Requesting initial parameters from one random client
[2024-06-04 13:03:09,344][flwr][INFO] - Received initial parameters from one random client
[2024-06-04 13:03:09,344][flwr][INFO] - Evaluating initial parameters
[2024-06-04 13:03:11,222][flwr][INFO] - initial parameters (loss, other metrics): 1.4032960534095764, {'accuracy': 0.400990099009901}
[2024-06-04 13:03:11,222][flwr][INFO] - FL starting
[2024-06-04 13:03:11,222][flwr][INFO] - Sampling failed: number of available clients (5) is less than number of requested clients (10).
[2024-06-04 13:03:11,222][flwr][INFO] - fit_round 1: no clients selected, cancel
[2024-06-04 13:03:13,093][flwr][INFO] - fit progress: (1, 1.4032960534095764, {'accuracy': 0.400990099009901}, 1.8708253859999786)
[2024-06-04 13:03:13,093][flwr][INFO] - Sampling failed: number of available clients (5) is less than number of requested clients (15).
[2024-06-04 13:03:13,094][flwr][INFO] - evaluate_round 1: no clients selected, cancel
[2024-06-04 13:03:13,094][flwr][INFO] - Sampling failed: number of available clients (5) is less than number of requested clients (10).
[2024-06-04 13:03:13,094][flwr][INFO] - fit_round 2: no clients selected, cancel
[2024-06-04 13:03:15,025][flwr][INFO] - fit progress: (2, 1.4032960534095764, {'accuracy': 0.400990099009901}, 3.8024528290000035)
[2024-06-04 13:03:15,025][flwr][INFO] - Sampling failed: number of available clients (5) is less than number of requested clients (15).
[2024-06-04 13:03:15,025][flwr][INFO] - evaluate_round 2: no clients selected, cancel
[2024-06-04 13:03:15,025][flwr][INFO] - FL finished in 3.8028380509999806
[2024-06-04 13:03:15,025][flwr][INFO] - app_fit: losses_distributed []
[2024-06-04 13:03:15,025][flwr][INFO] - app_fit: metrics_distributed_fit {}
[2024-06-04 13:03:15,025][flwr][INFO] - app_fit: metrics_distributed {}
[2024-06-04 13:03:15,025][flwr][INFO] - app_fit: losses_centralized [(0, 1.4032960534095764), (1, 1.4032960534095764), (2, 1.4032960534095764)]
[2024-06-04 13:03:15,025][flwr][INFO] - app_fit: metrics_centralized {'accuracy': [(0, 0.400990099009901), (1, 0.400990099009901), (2, 0.400990099009901)]}
