[2024-06-03 11:47:32,869][flwr][INFO] - Starting Flower simulation, config: ServerConfig(num_rounds=3, round_timeout=None)
[2024-06-03 11:47:36,469][flwr][INFO] - Flower VCE: Ray initialized with resources: {'object_store_memory': 1499586969.0, 'memory': 2999173940.0, 'node:10.6.26.158': 1.0, 'CPU': 4.0}
[2024-06-03 11:47:36,470][flwr][INFO] - Initializing global parameters
[2024-06-03 11:47:36,470][flwr][INFO] - Requesting initial parameters from one random client
[2024-06-03 11:47:37,083][flwr][INFO] - Received initial parameters from one random client
[2024-06-03 11:47:37,083][flwr][INFO] - Evaluating initial parameters
[2024-06-03 11:47:39,005][flwr][INFO] - initial parameters (loss, other metrics): 4.486883640289307, {'accuracy': 0.4306930693069307}
[2024-06-03 11:47:39,005][flwr][INFO] - FL starting
[2024-06-03 11:47:39,005][flwr][DEBUG] - fit_round 1: strategy sampled 8 clients (out of 10)
[2024-06-03 11:47:46,694][flwr][DEBUG] - fit_round 1 received 8 results and 0 failures
[2024-06-03 11:47:46,743][flwr][WARNING] - No fit_metrics_aggregation_fn provided
[2024-06-03 11:47:48,546][flwr][INFO] - fit progress: (1, 4.321873903274536, {'accuracy': 0.599009900990099}, 9.541229799000007)
[2024-06-03 11:47:48,547][flwr][DEBUG] - evaluate_round 1: strategy sampled 8 clients (out of 10)
[2024-06-03 11:47:49,952][flwr][DEBUG] - evaluate_round 1 received 8 results and 0 failures
[2024-06-03 11:47:49,953][flwr][WARNING] - No evaluate_metrics_aggregation_fn provided
[2024-06-03 11:47:49,953][flwr][DEBUG] - fit_round 2: strategy sampled 8 clients (out of 10)
[2024-06-03 11:47:56,106][flwr][DEBUG] - fit_round 2 received 8 results and 0 failures
[2024-06-03 11:47:58,002][flwr][INFO] - fit progress: (2, 4.038326740264893, {'accuracy': 0.599009900990099}, 18.997258493999993)
[2024-06-03 11:47:58,003][flwr][DEBUG] - evaluate_round 2: strategy sampled 8 clients (out of 10)
[2024-06-03 11:47:59,401][flwr][DEBUG] - evaluate_round 2 received 8 results and 0 failures
[2024-06-03 11:47:59,402][flwr][DEBUG] - fit_round 3: strategy sampled 8 clients (out of 10)
[2024-06-03 11:48:05,742][flwr][DEBUG] - fit_round 3 received 8 results and 0 failures
[2024-06-03 11:48:07,676][flwr][INFO] - fit progress: (3, 3.313289761543274, {'accuracy': 0.599009900990099}, 28.670918216000018)
[2024-06-03 11:48:07,676][flwr][DEBUG] - evaluate_round 3: strategy sampled 8 clients (out of 10)
[2024-06-03 11:48:09,206][flwr][DEBUG] - evaluate_round 3 received 8 results and 0 failures
[2024-06-03 11:48:09,206][flwr][INFO] - FL finished in 30.200652589000015
[2024-06-03 11:48:09,211][flwr][INFO] - app_fit: losses_distributed [(1, 2.1582947373390198), (2, 2.02817365527153), (3, 1.685900166630745)]
[2024-06-03 11:48:09,211][flwr][INFO] - app_fit: metrics_distributed_fit {}
[2024-06-03 11:48:09,211][flwr][INFO] - app_fit: metrics_distributed {}
[2024-06-03 11:48:09,211][flwr][INFO] - app_fit: losses_centralized [(0, 4.486883640289307), (1, 4.321873903274536), (2, 4.038326740264893), (3, 3.313289761543274)]
[2024-06-03 11:48:09,211][flwr][INFO] - app_fit: metrics_centralized {'accuracy': [(0, 0.4306930693069307), (1, 0.599009900990099), (2, 0.599009900990099), (3, 0.599009900990099)]}
