[2024-06-04 15:02:08,457][flwr][INFO] - Starting Flower simulation, config: ServerConfig(num_rounds=2, round_timeout=None)
[2024-06-04 15:02:12,022][flwr][INFO] - Flower VCE: Ray initialized with resources: {'object_store_memory': 1427402342.0, 'CPU': 4.0, 'memory': 2854804686.0, 'node:192.168.43.209': 1.0}
[2024-06-04 15:02:12,023][flwr][INFO] - Initializing global parameters
[2024-06-04 15:02:12,023][flwr][INFO] - Requesting initial parameters from one random client
[2024-06-04 15:02:12,642][flwr][INFO] - Received initial parameters from one random client
[2024-06-04 15:02:12,642][flwr][INFO] - Evaluating initial parameters
[2024-06-04 15:02:14,523][flwr][INFO] - initial parameters (loss, other metrics): 1.4083343148231506, {'accuracy': 0.400990099009901}
[2024-06-04 15:02:14,523][flwr][INFO] - FL starting
[2024-06-04 15:02:14,523][flwr][DEBUG] - fit_round 1: strategy sampled 5 clients (out of 5)
[2024-06-04 15:02:23,428][flwr][DEBUG] - fit_round 1 received 5 results and 0 failures
[2024-06-04 15:02:23,454][flwr][WARNING] - No fit_metrics_aggregation_fn provided
[2024-06-04 15:02:25,340][flwr][INFO] - fit progress: (1, 1.372780203819275, {'accuracy': 0.599009900990099}, 10.816712719999487)
[2024-06-04 15:02:25,340][flwr][DEBUG] - evaluate_round 1: strategy sampled 5 clients (out of 5)
[2024-06-04 15:02:26,564][flwr][DEBUG] - evaluate_round 1 received 5 results and 0 failures
[2024-06-04 15:02:26,564][flwr][WARNING] - No evaluate_metrics_aggregation_fn provided
[2024-06-04 15:02:26,564][flwr][DEBUG] - fit_round 2: strategy sampled 5 clients (out of 5)
[2024-06-04 15:02:34,118][flwr][DEBUG] - fit_round 2 received 5 results and 0 failures
[2024-06-04 15:02:36,022][flwr][INFO] - fit progress: (2, 1.354207456111908, {'accuracy': 0.599009900990099}, 21.498305242001152)
[2024-06-04 15:02:36,022][flwr][DEBUG] - evaluate_round 2: strategy sampled 5 clients (out of 5)
[2024-06-04 15:02:37,297][flwr][DEBUG] - evaluate_round 2 received 5 results and 0 failures
[2024-06-04 15:02:37,297][flwr][INFO] - FL finished in 22.77371056800075
[2024-06-04 15:02:37,297][flwr][INFO] - app_fit: losses_distributed [(1, 0.6859096646308899), (2, 0.6726656556129456)]
[2024-06-04 15:02:37,297][flwr][INFO] - app_fit: metrics_distributed_fit {}
[2024-06-04 15:02:37,297][flwr][INFO] - app_fit: metrics_distributed {}
[2024-06-04 15:02:37,297][flwr][INFO] - app_fit: losses_centralized [(0, 1.4083343148231506), (1, 1.372780203819275), (2, 1.354207456111908)]
[2024-06-04 15:02:37,297][flwr][INFO] - app_fit: metrics_centralized {'accuracy': [(0, 0.400990099009901), (1, 0.599009900990099), (2, 0.599009900990099)]}
