[2024-06-04 12:54:36,782][flwr][INFO] - Starting Flower simulation, config: ServerConfig(num_rounds=3, round_timeout=None)
[2024-06-04 12:54:40,395][flwr][INFO] - Flower VCE: Ray initialized with resources: {'memory': 2877569435.0, 'node:192.168.43.209': 1.0, 'CPU': 4.0, 'object_store_memory': 1438784716.0}
[2024-06-04 12:54:40,395][flwr][INFO] - Initializing global parameters
[2024-06-04 12:54:40,396][flwr][INFO] - Requesting initial parameters from one random client
[2024-06-04 12:54:41,014][flwr][INFO] - Received initial parameters from one random client
[2024-06-04 12:54:41,014][flwr][INFO] - Evaluating initial parameters
[2024-06-04 12:54:42,973][flwr][INFO] - initial parameters (loss, other metrics): 4.573232412338257, {'accuracy': 0.10396039603960396}
[2024-06-04 12:54:42,974][flwr][INFO] - FL starting
[2024-06-04 12:54:42,974][flwr][DEBUG] - fit_round 1: strategy sampled 10 clients (out of 20)
[2024-06-04 12:54:53,789][flwr][DEBUG] - fit_round 1 received 10 results and 0 failures
[2024-06-04 12:54:53,857][flwr][WARNING] - No fit_metrics_aggregation_fn provided
[2024-06-04 12:54:55,725][flwr][INFO] - fit progress: (1, 3.8926303386688232, {'accuracy': 0.599009900990099}, 12.751691075000053)
[2024-06-04 12:54:55,726][flwr][DEBUG] - evaluate_round 1: strategy sampled 10 clients (out of 20)
[2024-06-04 12:54:56,673][flwr][DEBUG] - evaluate_round 1 received 10 results and 0 failures
[2024-06-04 12:54:56,674][flwr][WARNING] - No evaluate_metrics_aggregation_fn provided
[2024-06-04 12:54:56,674][flwr][DEBUG] - fit_round 2: strategy sampled 10 clients (out of 20)
[2024-06-04 12:55:06,501][flwr][DEBUG] - fit_round 2 received 10 results and 0 failures
[2024-06-04 12:55:08,394][flwr][INFO] - fit progress: (2, 1.815783977508545, {'accuracy': 0.599009900990099}, 25.420359380000036)
[2024-06-04 12:55:08,394][flwr][DEBUG] - evaluate_round 2: strategy sampled 10 clients (out of 20)
[2024-06-04 12:55:09,376][flwr][DEBUG] - evaluate_round 2 received 10 results and 0 failures
[2024-06-04 12:55:09,376][flwr][DEBUG] - fit_round 3: strategy sampled 10 clients (out of 20)
[2024-06-04 12:55:18,174][flwr][DEBUG] - fit_round 3 received 10 results and 0 failures
[2024-06-04 12:55:20,180][flwr][INFO] - fit progress: (3, 1.527007281780243, {'accuracy': 0.599009900990099}, 37.20644650600002)
[2024-06-04 12:55:20,180][flwr][DEBUG] - evaluate_round 3: strategy sampled 10 clients (out of 20)
[2024-06-04 12:55:21,032][flwr][DEBUG] - evaluate_round 3 received 10 results and 0 failures
[2024-06-04 12:55:21,032][flwr][INFO] - FL finished in 38.058151295000016
[2024-06-04 12:55:21,032][flwr][INFO] - app_fit: losses_distributed [(1, 1.93779399394989), (2, 0.5854340359568596), (3, 0.6636557757854462)]
[2024-06-04 12:55:21,032][flwr][INFO] - app_fit: metrics_distributed_fit {}
[2024-06-04 12:55:21,032][flwr][INFO] - app_fit: metrics_distributed {}
[2024-06-04 12:55:21,032][flwr][INFO] - app_fit: losses_centralized [(0, 4.573232412338257), (1, 3.8926303386688232), (2, 1.815783977508545), (3, 1.527007281780243)]
[2024-06-04 12:55:21,032][flwr][INFO] - app_fit: metrics_centralized {'accuracy': [(0, 0.10396039603960396), (1, 0.599009900990099), (2, 0.599009900990099), (3, 0.599009900990099)]}
