[2024-06-03 11:53:32,136][flwr][INFO] - Starting Flower simulation, config: ServerConfig(num_rounds=3, round_timeout=None)
[2024-06-03 11:53:35,717][flwr][INFO] - Flower VCE: Ray initialized with resources: {'memory': 3048114587.0, 'CPU': 4.0, 'node:10.6.26.158': 1.0, 'object_store_memory': 1524057292.0}
[2024-06-03 11:53:35,717][flwr][INFO] - Initializing global parameters
[2024-06-03 11:53:35,718][flwr][INFO] - Requesting initial parameters from one random client
[2024-06-03 11:53:36,326][flwr][INFO] - Received initial parameters from one random client
[2024-06-03 11:53:36,327][flwr][INFO] - Evaluating initial parameters
[2024-06-03 11:53:38,209][flwr][INFO] - initial parameters (loss, other metrics): 4.47250509262085, {'accuracy': 0.599009900990099}
[2024-06-03 11:53:38,209][flwr][INFO] - FL starting
[2024-06-03 11:53:38,209][flwr][DEBUG] - fit_round 1: strategy sampled 8 clients (out of 10)
[2024-06-03 11:53:45,749][flwr][DEBUG] - fit_round 1 received 8 results and 0 failures
[2024-06-03 11:53:45,800][flwr][WARNING] - No fit_metrics_aggregation_fn provided
[2024-06-03 11:53:47,608][flwr][INFO] - fit progress: (1, 4.14145040512085, {'accuracy': 0.599009900990099}, 9.39911926100001)
[2024-06-03 11:53:47,608][flwr][DEBUG] - evaluate_round 1: strategy sampled 8 clients (out of 10)
[2024-06-03 11:53:49,031][flwr][DEBUG] - evaluate_round 1 received 8 results and 0 failures
[2024-06-03 11:53:49,031][flwr][WARNING] - No evaluate_metrics_aggregation_fn provided
[2024-06-03 11:53:49,032][flwr][DEBUG] - fit_round 2: strategy sampled 8 clients (out of 10)
[2024-06-03 11:53:55,155][flwr][DEBUG] - fit_round 2 received 8 results and 0 failures
[2024-06-03 11:53:57,018][flwr][INFO] - fit progress: (2, 3.2240326404571533, {'accuracy': 0.599009900990099}, 18.809334749999948)
[2024-06-03 11:53:57,019][flwr][DEBUG] - evaluate_round 2: strategy sampled 8 clients (out of 10)
[2024-06-03 11:53:58,358][flwr][DEBUG] - evaluate_round 2 received 8 results and 0 failures
[2024-06-03 11:53:58,358][flwr][DEBUG] - fit_round 3: strategy sampled 8 clients (out of 10)
[2024-06-03 11:54:04,552][flwr][DEBUG] - fit_round 3 received 8 results and 0 failures
[2024-06-03 11:54:06,427][flwr][INFO] - fit progress: (3, 2.100339412689209, {'accuracy': 0.599009900990099}, 28.218204603999993)
[2024-06-03 11:54:06,428][flwr][DEBUG] - evaluate_round 3: strategy sampled 8 clients (out of 10)
[2024-06-03 11:54:07,855][flwr][DEBUG] - evaluate_round 3 received 8 results and 0 failures
[2024-06-03 11:54:07,855][flwr][INFO] - FL finished in 29.645686387999945
[2024-06-03 11:54:07,855][flwr][INFO] - app_fit: losses_distributed [(1, 2.0545889735221863), (2, 1.560139238834381), (3, 0.8228412494063377)]
[2024-06-03 11:54:07,855][flwr][INFO] - app_fit: metrics_distributed_fit {}
[2024-06-03 11:54:07,855][flwr][INFO] - app_fit: metrics_distributed {}
[2024-06-03 11:54:07,855][flwr][INFO] - app_fit: losses_centralized [(0, 4.47250509262085), (1, 4.14145040512085), (2, 3.2240326404571533), (3, 2.100339412689209)]
[2024-06-03 11:54:07,855][flwr][INFO] - app_fit: metrics_centralized {'accuracy': [(0, 0.599009900990099), (1, 0.599009900990099), (2, 0.599009900990099), (3, 0.599009900990099)]}
