[2024-06-04 14:59:07,951][flwr][INFO] - Starting Flower simulation, config: ServerConfig(num_rounds=2, round_timeout=None)
[2024-06-04 14:59:11,505][flwr][INFO] - Flower VCE: Ray initialized with resources: {'node:192.168.43.209': 1.0, 'CPU': 4.0, 'object_store_memory': 1448881766.0, 'memory': 2897763534.0}
[2024-06-04 14:59:11,505][flwr][INFO] - Initializing global parameters
[2024-06-04 14:59:11,505][flwr][INFO] - Requesting initial parameters from one random client
[2024-06-04 14:59:12,146][flwr][INFO] - Received initial parameters from one random client
[2024-06-04 14:59:12,146][flwr][INFO] - Evaluating initial parameters
[2024-06-04 14:59:14,038][flwr][INFO] - initial parameters (loss, other metrics): 1.402417540550232, {'accuracy': 0.400990099009901}
[2024-06-04 14:59:14,038][flwr][INFO] - FL starting
[2024-06-04 14:59:14,039][flwr][DEBUG] - fit_round 1: strategy sampled 5 clients (out of 5)
[2024-06-04 14:59:22,896][flwr][DEBUG] - fit_round 1 received 5 results and 0 failures
[2024-06-04 14:59:22,923][flwr][WARNING] - No fit_metrics_aggregation_fn provided
[2024-06-04 14:59:24,757][flwr][INFO] - fit progress: (1, 1.3606394529342651, {'accuracy': 0.599009900990099}, 10.718380459999025)
[2024-06-04 14:59:24,757][flwr][DEBUG] - evaluate_round 1: strategy sampled 5 clients (out of 5)
[2024-06-04 14:59:25,990][flwr][DEBUG] - evaluate_round 1 received 5 results and 0 failures
[2024-06-04 14:59:25,990][flwr][WARNING] - No evaluate_metrics_aggregation_fn provided
[2024-06-04 14:59:25,991][flwr][DEBUG] - fit_round 2: strategy sampled 5 clients (out of 5)
[2024-06-04 14:59:33,573][flwr][DEBUG] - fit_round 2 received 5 results and 0 failures
[2024-06-04 14:59:35,463][flwr][INFO] - fit progress: (2, 1.343339741230011, {'accuracy': 0.599009900990099}, 21.424365069999112)
[2024-06-04 14:59:35,463][flwr][DEBUG] - evaluate_round 2: strategy sampled 5 clients (out of 5)
[2024-06-04 14:59:36,708][flwr][DEBUG] - evaluate_round 2 received 5 results and 0 failures
[2024-06-04 14:59:36,708][flwr][INFO] - FL finished in 22.669626036999034
[2024-06-04 14:59:36,708][flwr][INFO] - app_fit: losses_distributed [(1, 0.6708542704582214), (2, 0.6463140249252319)]
[2024-06-04 14:59:36,708][flwr][INFO] - app_fit: metrics_distributed_fit {}
[2024-06-04 14:59:36,708][flwr][INFO] - app_fit: metrics_distributed {}
[2024-06-04 14:59:36,708][flwr][INFO] - app_fit: losses_centralized [(0, 1.402417540550232), (1, 1.3606394529342651), (2, 1.343339741230011)]
[2024-06-04 14:59:36,708][flwr][INFO] - app_fit: metrics_centralized {'accuracy': [(0, 0.400990099009901), (1, 0.599009900990099), (2, 0.599009900990099)]}
