[2024-06-04 12:16:12,499][flwr][INFO] - Starting Flower simulation, config: ServerConfig(num_rounds=3, round_timeout=None)
[2024-06-04 12:16:16,074][flwr][INFO] - Flower VCE: Ray initialized with resources: {'node:10.3.2.244': 1.0, 'object_store_memory': 1408038912.0, 'CPU': 4.0, 'memory': 2816077824.0}
[2024-06-04 12:16:16,074][flwr][INFO] - Initializing global parameters
[2024-06-04 12:16:16,074][flwr][INFO] - Requesting initial parameters from one random client
[2024-06-04 12:16:16,683][flwr][INFO] - Received initial parameters from one random client
[2024-06-04 12:16:16,683][flwr][INFO] - Evaluating initial parameters
[2024-06-04 12:16:18,606][flwr][INFO] - initial parameters (loss, other metrics): 4.695858001708984, {'accuracy': 0.0}
[2024-06-04 12:16:18,606][flwr][INFO] - FL starting
[2024-06-04 12:16:18,607][flwr][DEBUG] - fit_round 1: strategy sampled 8 clients (out of 10)
[2024-06-04 12:16:26,340][flwr][DEBUG] - fit_round 1 received 8 results and 0 failures
[2024-06-04 12:16:26,388][flwr][WARNING] - No fit_metrics_aggregation_fn provided
[2024-06-04 12:16:28,271][flwr][INFO] - fit progress: (1, 4.536731719970703, {'accuracy': 0.5297029702970297}, 9.663915594000173)
[2024-06-04 12:16:28,271][flwr][DEBUG] - evaluate_round 1: strategy sampled 8 clients (out of 10)
[2024-06-04 12:16:29,792][flwr][DEBUG] - evaluate_round 1 received 8 results and 0 failures
[2024-06-04 12:16:29,792][flwr][WARNING] - No evaluate_metrics_aggregation_fn provided
[2024-06-04 12:16:29,792][flwr][DEBUG] - fit_round 2: strategy sampled 8 clients (out of 10)
[2024-06-04 12:16:35,877][flwr][DEBUG] - fit_round 2 received 8 results and 0 failures
[2024-06-04 12:16:37,749][flwr][INFO] - fit progress: (2, 4.279416799545288, {'accuracy': 0.599009900990099}, 19.14252347100046)
[2024-06-04 12:16:37,749][flwr][DEBUG] - evaluate_round 2: strategy sampled 8 clients (out of 10)
[2024-06-04 12:16:39,223][flwr][DEBUG] - evaluate_round 2 received 8 results and 0 failures
[2024-06-04 12:16:39,223][flwr][DEBUG] - fit_round 3: strategy sampled 8 clients (out of 10)
[2024-06-04 12:16:45,168][flwr][DEBUG] - fit_round 3 received 8 results and 0 failures
[2024-06-04 12:16:47,102][flwr][INFO] - fit progress: (3, 3.5336694717407227, {'accuracy': 0.599009900990099}, 28.495033621999937)
[2024-06-04 12:16:47,102][flwr][DEBUG] - evaluate_round 3: strategy sampled 8 clients (out of 10)
[2024-06-04 12:16:48,476][flwr][DEBUG] - evaluate_round 3 received 8 results and 0 failures
[2024-06-04 12:16:48,477][flwr][INFO] - FL finished in 29.87000028300008
[2024-06-04 12:16:48,477][flwr][INFO] - app_fit: losses_distributed [(1, 2.2653034329414368), (2, 2.1241644620895386), (3, 1.720326766371727)]
[2024-06-04 12:16:48,477][flwr][INFO] - app_fit: metrics_distributed_fit {}
[2024-06-04 12:16:48,477][flwr][INFO] - app_fit: metrics_distributed {}
[2024-06-04 12:16:48,477][flwr][INFO] - app_fit: losses_centralized [(0, 4.695858001708984), (1, 4.536731719970703), (2, 4.279416799545288), (3, 3.5336694717407227)]
[2024-06-04 12:16:48,477][flwr][INFO] - app_fit: metrics_centralized {'accuracy': [(0, 0.0), (1, 0.5297029702970297), (2, 0.599009900990099), (3, 0.599009900990099)]}
