[2024-06-04 18:09:57,152][flwr][INFO] - Starting Flower simulation, config: ServerConfig(num_rounds=2, round_timeout=None)
[2024-06-04 18:10:00,735][flwr][INFO] - Flower VCE: Ray initialized with resources: {'object_store_memory': 1222861209.0, 'CPU': 4.0, 'memory': 2445722420.0, 'node:192.168.43.209': 1.0}
[2024-06-04 18:10:00,736][flwr][INFO] - Initializing global parameters
[2024-06-04 18:10:00,736][flwr][INFO] - Requesting initial parameters from one random client
[2024-06-04 18:10:01,349][flwr][INFO] - Received initial parameters from one random client
[2024-06-04 18:10:01,349][flwr][INFO] - Evaluating initial parameters
[2024-06-04 18:10:03,399][flwr][INFO] - initial parameters (loss, other metrics): 1.3916681408882141, {'accuracy': 0.3415841584158416}
[2024-06-04 18:10:03,400][flwr][INFO] - FL starting
[2024-06-04 18:10:03,400][flwr][DEBUG] - fit_round 1: strategy sampled 5 clients (out of 6)
[2024-06-04 18:10:11,187][flwr][DEBUG] - fit_round 1 received 5 results and 0 failures
[2024-06-04 18:10:11,241][flwr][WARNING] - No fit_metrics_aggregation_fn provided
[2024-06-04 18:10:13,263][flwr][INFO] - fit progress: (1, 1.3649736642837524, {'accuracy': 0.7029702970297029}, 9.863223287000437)
[2024-06-04 18:10:13,263][flwr][DEBUG] - evaluate_round 1: strategy sampled 5 clients (out of 6)
[2024-06-04 18:10:14,254][flwr][DEBUG] - evaluate_round 1 received 5 results and 0 failures
[2024-06-04 18:10:14,255][flwr][WARNING] - No evaluate_metrics_aggregation_fn provided
[2024-06-04 18:10:14,255][flwr][DEBUG] - fit_round 2: strategy sampled 5 clients (out of 6)
[2024-06-04 18:10:20,574][flwr][DEBUG] - fit_round 2 received 5 results and 0 failures
[2024-06-04 18:10:22,630][flwr][INFO] - fit progress: (2, 1.342473030090332, {'accuracy': 0.7029702970297029}, 19.230123056000593)
[2024-06-04 18:10:22,630][flwr][DEBUG] - evaluate_round 2: strategy sampled 5 clients (out of 6)
[2024-06-04 18:10:23,621][flwr][DEBUG] - evaluate_round 2 received 5 results and 0 failures
[2024-06-04 18:10:23,621][flwr][INFO] - FL finished in 20.221252653000192
[2024-06-04 18:10:23,621][flwr][INFO] - app_fit: losses_distributed [(1, 0.6921231389045716), (2, 0.6888046383857727)]
[2024-06-04 18:10:23,621][flwr][INFO] - app_fit: metrics_distributed_fit {}
[2024-06-04 18:10:23,621][flwr][INFO] - app_fit: metrics_distributed {}
[2024-06-04 18:10:23,621][flwr][INFO] - app_fit: losses_centralized [(0, 1.3916681408882141), (1, 1.3649736642837524), (2, 1.342473030090332)]
[2024-06-04 18:10:23,621][flwr][INFO] - app_fit: metrics_centralized {'accuracy': [(0, 0.3415841584158416), (1, 0.7029702970297029), (2, 0.7029702970297029)]}
