[2024-06-04 13:02:10,341][flwr][INFO] - Starting Flower simulation, config: ServerConfig(num_rounds=2, round_timeout=None)
[2024-06-04 13:02:12,932][flwr][INFO] - Flower VCE: Ray initialized with resources: {'object_store_memory': 1464687820.0, 'node:192.168.43.209': 1.0, 'memory': 2929375643.0, 'CPU': 4.0}
[2024-06-04 13:02:12,932][flwr][INFO] - Initializing global parameters
[2024-06-04 13:02:12,932][flwr][INFO] - Requesting initial parameters from one random client
[2024-06-04 13:02:13,548][flwr][INFO] - Received initial parameters from one random client
[2024-06-04 13:02:13,548][flwr][INFO] - Evaluating initial parameters
[2024-06-04 13:02:15,407][flwr][INFO] - initial parameters (loss, other metrics): 1.3895142078399658, {'accuracy': 0.4405940594059406}
[2024-06-04 13:02:15,407][flwr][INFO] - FL starting
[2024-06-04 13:02:15,408][flwr][DEBUG] - fit_round 1: strategy sampled 10 clients (out of 20)
[2024-06-04 13:02:21,265][flwr][DEBUG] - fit_round 1 received 10 results and 0 failures
[2024-06-04 13:02:21,327][flwr][WARNING] - No fit_metrics_aggregation_fn provided
[2024-06-04 13:02:23,173][flwr][INFO] - fit progress: (1, 1.369083821773529, {'accuracy': 0.599009900990099}, 7.765979844999947)
[2024-06-04 13:02:23,174][flwr][DEBUG] - evaluate_round 1: strategy sampled 15 clients (out of 20)
[2024-06-04 13:02:24,581][flwr][DEBUG] - evaluate_round 1 received 15 results and 0 failures
[2024-06-04 13:02:24,582][flwr][WARNING] - No evaluate_metrics_aggregation_fn provided
[2024-06-04 13:02:24,582][flwr][DEBUG] - fit_round 2: strategy sampled 10 clients (out of 20)
[2024-06-04 13:02:29,200][flwr][DEBUG] - fit_round 2 received 10 results and 0 failures
[2024-06-04 13:02:31,120][flwr][INFO] - fit progress: (2, 1.3570348024368286, {'accuracy': 0.599009900990099}, 15.713015724999877)
[2024-06-04 13:02:31,121][flwr][DEBUG] - evaluate_round 2: strategy sampled 15 clients (out of 20)
[2024-06-04 13:02:32,305][flwr][DEBUG] - evaluate_round 2 received 15 results and 0 failures
[2024-06-04 13:02:32,305][flwr][INFO] - FL finished in 16.89778381999986
[2024-06-04 13:02:32,305][flwr][INFO] - app_fit: losses_distributed [(1, 0.6688159505526224), (2, 0.665688403447469)]
[2024-06-04 13:02:32,305][flwr][INFO] - app_fit: metrics_distributed_fit {}
[2024-06-04 13:02:32,306][flwr][INFO] - app_fit: metrics_distributed {}
[2024-06-04 13:02:32,306][flwr][INFO] - app_fit: losses_centralized [(0, 1.3895142078399658), (1, 1.369083821773529), (2, 1.3570348024368286)]
[2024-06-04 13:02:32,306][flwr][INFO] - app_fit: metrics_centralized {'accuracy': [(0, 0.4405940594059406), (1, 0.599009900990099), (2, 0.599009900990099)]}
