[2024-06-04 12:24:13,826][flwr][INFO] - Starting Flower simulation, config: ServerConfig(num_rounds=3, round_timeout=None)
[2024-06-04 12:24:17,412][flwr][INFO] - Flower VCE: Ray initialized with resources: {'node:192.168.43.209': 1.0, 'CPU': 4.0, 'object_store_memory': 1551244492.0, 'memory': 3102488987.0}
[2024-06-04 12:24:17,413][flwr][INFO] - Initializing global parameters
[2024-06-04 12:24:17,413][flwr][INFO] - Requesting initial parameters from one random client
[2024-06-04 12:24:18,029][flwr][INFO] - Received initial parameters from one random client
[2024-06-04 12:24:18,029][flwr][INFO] - Evaluating initial parameters
[2024-06-04 12:24:19,871][flwr][INFO] - initial parameters (loss, other metrics): 4.5644519329071045, {'accuracy': 0.36633663366336633}
[2024-06-04 12:24:19,871][flwr][INFO] - FL starting
[2024-06-04 12:24:19,871][flwr][DEBUG] - fit_round 1: strategy sampled 10 clients (out of 20)
[2024-06-04 12:24:25,374][flwr][DEBUG] - fit_round 1 received 10 results and 0 failures
[2024-06-04 12:24:25,435][flwr][WARNING] - No fit_metrics_aggregation_fn provided
[2024-06-04 12:24:27,277][flwr][INFO] - fit progress: (1, 4.1743059158325195, {'accuracy': 0.4158415841584158}, 7.405995168000118)
[2024-06-04 12:24:27,277][flwr][DEBUG] - evaluate_round 1: strategy sampled 10 clients (out of 20)
[2024-06-04 12:24:28,224][flwr][DEBUG] - evaluate_round 1 received 10 results and 0 failures
[2024-06-04 12:24:28,225][flwr][WARNING] - No evaluate_metrics_aggregation_fn provided
[2024-06-04 12:24:28,225][flwr][DEBUG] - fit_round 2: strategy sampled 10 clients (out of 20)
[2024-06-04 12:24:32,805][flwr][DEBUG] - fit_round 2 received 10 results and 0 failures
[2024-06-04 12:24:34,684][flwr][INFO] - fit progress: (2, 3.296192169189453, {'accuracy': 0.5594059405940595}, 14.812740215000304)
[2024-06-04 12:24:34,684][flwr][DEBUG] - evaluate_round 2: strategy sampled 10 clients (out of 20)
[2024-06-04 12:24:35,527][flwr][DEBUG] - evaluate_round 2 received 10 results and 0 failures
[2024-06-04 12:24:35,527][flwr][DEBUG] - fit_round 3: strategy sampled 10 clients (out of 20)
[2024-06-04 12:24:40,267][flwr][DEBUG] - fit_round 3 received 10 results and 0 failures
[2024-06-04 12:24:42,188][flwr][INFO] - fit progress: (3, 2.05500066280365, {'accuracy': 0.599009900990099}, 22.31678482999996)
[2024-06-04 12:24:42,188][flwr][DEBUG] - evaluate_round 3: strategy sampled 10 clients (out of 20)
[2024-06-04 12:24:43,104][flwr][DEBUG] - evaluate_round 3 received 10 results and 0 failures
[2024-06-04 12:24:43,104][flwr][INFO] - FL finished in 23.23324595699978
[2024-06-04 12:24:43,104][flwr][INFO] - app_fit: losses_distributed [(1, 2.09328145980835), (2, 1.6299674391746521), (3, 1.0719878375530243)]
[2024-06-04 12:24:43,104][flwr][INFO] - app_fit: metrics_distributed_fit {}
[2024-06-04 12:24:43,104][flwr][INFO] - app_fit: metrics_distributed {}
[2024-06-04 12:24:43,104][flwr][INFO] - app_fit: losses_centralized [(0, 4.5644519329071045), (1, 4.1743059158325195), (2, 3.296192169189453), (3, 2.05500066280365)]
[2024-06-04 12:24:43,104][flwr][INFO] - app_fit: metrics_centralized {'accuracy': [(0, 0.36633663366336633), (1, 0.4158415841584158), (2, 0.5594059405940595), (3, 0.599009900990099)]}
